Analysis & Synthesis report for Complete
Sun Sep 29 18:01:04 2019
Quartus Prime Version 18.1.0 Build 625 09/12/2018 SJ Lite Edition


---------------------
; Table of Contents ;
---------------------
  1. Legal Notice
  2. Analysis & Synthesis Summary
  3. Analysis & Synthesis Settings
  4. Analysis & Synthesis Source Files Read
  5. Analysis & Synthesis Resource Usage Summary
  6. Analysis & Synthesis Resource Utilization by Entity
  7. General Register Statistics
  8. Port Connectivity Checks: "slide_in:U0|hex_driver:H1"
  9. Port Connectivity Checks: "slide_in:U0|hex_driver:H0"
 10. Port Connectivity Checks: "slide_in:U0|hex_driver:H2"
 11. Port Connectivity Checks: "slide_in:U0|hex_driver:H4"
 12. Port Connectivity Checks: "slide_in:U0|hex_driver:H3"
 13. Port Connectivity Checks: "slide_in:U0|hex_driver:H5"
 14. Port Connectivity Checks: "slide_in:U0"
 15. Post-Synthesis Netlist Statistics for Top Partition
 16. Elapsed Time Per Partition
 17. Analysis & Synthesis Messages



----------------
; Legal Notice ;
----------------
Copyright (C) 2018  Intel Corporation. All rights reserved.
Your use of Intel Corporation's design tools, logic functions 
and other software and tools, and its AMPP partner logic 
functions, and any output files from any of the foregoing 
(including device programming or simulation files), and any 
associated documentation or information are expressly subject 
to the terms and conditions of the Intel Program License 
Subscription Agreement, the Intel Quartus Prime License Agreement,
the Intel FPGA IP License Agreement, or other applicable license
agreement, including, without limitation, that your use is for
the sole purpose of programming logic devices manufactured by
Intel and sold by Intel or its authorized distributors.  Please
refer to the applicable agreement for further details.



+----------------------------------------------------------------------------------+
; Analysis & Synthesis Summary                                                     ;
+------------------------------------+---------------------------------------------+
; Analysis & Synthesis Status        ; Successful - Sun Sep 29 18:01:04 2019       ;
; Quartus Prime Version              ; 18.1.0 Build 625 09/12/2018 SJ Lite Edition ;
; Revision Name                      ; Complete                                    ;
; Top-level Entity Name              ; Complete                                    ;
; Family                             ; MAX 10                                      ;
; Total logic elements               ; 43                                          ;
;     Total combinational functions  ; 43                                          ;
;     Dedicated logic registers      ; 0                                           ;
; Total registers                    ; 0                                           ;
; Total pins                         ; 73                                          ;
; Total virtual pins                 ; 0                                           ;
; Total memory bits                  ; 0                                           ;
; Embedded Multiplier 9-bit elements ; 0                                           ;
; Total PLLs                         ; 0                                           ;
; UFM blocks                         ; 0                                           ;
; ADC blocks                         ; 0                                           ;
+------------------------------------+---------------------------------------------+


+------------------------------------------------------------------------------------------------------------+
; Analysis & Synthesis Settings                                                                              ;
+------------------------------------------------------------------+--------------------+--------------------+
; Option                                                           ; Setting            ; Default Value      ;
+------------------------------------------------------------------+--------------------+--------------------+
; Device                                                           ; 10M50DAF484C7G     ;                    ;
; Top-level entity name                                            ; Complete           ; Complete           ;
; Family name                                                      ; MAX 10 FPGA        ; Cyclone V          ;
; Use smart compilation                                            ; Off                ; Off                ;
; Enable parallel Assembler and Timing Analyzer during compilation ; On                 ; On                 ;
; Enable compact report table                                      ; Off                ; Off                ;
; Restructure Multiplexers                                         ; Auto               ; Auto               ;
; Create Debugging Nodes for IP Cores                              ; Off                ; Off                ;
; Preserve fewer node names                                        ; On                 ; On                 ;
; Intel FPGA IP Evaluation Mode                                    ; Enable             ; Enable             ;
; Verilog Version                                                  ; Verilog_2001       ; Verilog_2001       ;
; VHDL Version                                                     ; VHDL_1993          ; VHDL_1993          ;
; State Machine Processing                                         ; Auto               ; Auto               ;
; Safe State Machine                                               ; Off                ; Off                ;
; Extract Verilog State Machines                                   ; On                 ; On                 ;
; Extract VHDL State Machines                                      ; On                 ; On                 ;
; Ignore Verilog initial constructs                                ; Off                ; Off                ;
; Iteration limit for constant Verilog loops                       ; 5000               ; 5000               ;
; Iteration limit for non-constant Verilog loops                   ; 250                ; 250                ;
; Add Pass-Through Logic to Inferred RAMs                          ; On                 ; On                 ;
; Infer RAMs from Raw Logic                                        ; On                 ; On                 ;
; Parallel Synthesis                                               ; On                 ; On                 ;
; DSP Block Balancing                                              ; Auto               ; Auto               ;
; NOT Gate Push-Back                                               ; On                 ; On                 ;
; Power-Up Don't Care                                              ; On                 ; On                 ;
; Remove Redundant Logic Cells                                     ; Off                ; Off                ;
; Remove Duplicate Registers                                       ; On                 ; On                 ;
; Ignore CARRY Buffers                                             ; Off                ; Off                ;
; Ignore CASCADE Buffers                                           ; Off                ; Off                ;
; Ignore GLOBAL Buffers                                            ; Off                ; Off                ;
; Ignore ROW GLOBAL Buffers                                        ; Off                ; Off                ;
; Ignore LCELL Buffers                                             ; Off                ; Off                ;
; Ignore SOFT Buffers                                              ; On                 ; On                 ;
; Limit AHDL Integers to 32 Bits                                   ; Off                ; Off                ;
; Optimization Technique                                           ; Balanced           ; Balanced           ;
; Carry Chain Length                                               ; 70                 ; 70                 ;
; Auto Carry Chains                                                ; On                 ; On                 ;
; Auto Open-Drain Pins                                             ; On                 ; On                 ;
; Perform WYSIWYG Primitive Resynthesis                            ; Off                ; Off                ;
; Auto ROM Replacement                                             ; On                 ; On                 ;
; Auto RAM Replacement                                             ; On                 ; On                 ;
; Auto DSP Block Replacement                                       ; On                 ; On                 ;
; Auto Shift Register Replacement                                  ; Auto               ; Auto               ;
; Allow Shift Register Merging across Hierarchies                  ; Auto               ; Auto               ;
; Auto Clock Enable Replacement                                    ; On                 ; On                 ;
; Strict RAM Replacement                                           ; Off                ; Off                ;
; Allow Synchronous Control Signals                                ; On                 ; On                 ;
; Force Use of Synchronous Clear Signals                           ; Off                ; Off                ;
; Auto RAM Block Balancing                                         ; On                 ; On                 ;
; Auto RAM to Logic Cell Conversion                                ; Off                ; Off                ;
; Auto Resource Sharing                                            ; Off                ; Off                ;
; Allow Any RAM Size For Recognition                               ; Off                ; Off                ;
; Allow Any ROM Size For Recognition                               ; Off                ; Off                ;
; Allow Any Shift Register Size For Recognition                    ; Off                ; Off                ;
; Use LogicLock Constraints during Resource Balancing              ; On                 ; On                 ;
; Ignore translate_off and synthesis_off directives                ; Off                ; Off                ;
; Timing-Driven Synthesis                                          ; On                 ; On                 ;
; Report Parameter Settings                                        ; On                 ; On                 ;
; Report Source Assignments                                        ; On                 ; On                 ;
; Report Connectivity Checks                                       ; On                 ; On                 ;
; Ignore Maximum Fan-Out Assignments                               ; Off                ; Off                ;
; Synchronization Register Chain Length                            ; 2                  ; 2                  ;
; Power Optimization During Synthesis                              ; Normal compilation ; Normal compilation ;
; HDL message level                                                ; Level2             ; Level2             ;
; Suppress Register Optimization Related Messages                  ; Off                ; Off                ;
; Number of Removed Registers Reported in Synthesis Report         ; 5000               ; 5000               ;
; Number of Swept Nodes Reported in Synthesis Report               ; 5000               ; 5000               ;
; Number of Inverted Registers Reported in Synthesis Report        ; 100                ; 100                ;
; Clock MUX Protection                                             ; On                 ; On                 ;
; Auto Gated Clock Conversion                                      ; Off                ; Off                ;
; Block Design Naming                                              ; Auto               ; Auto               ;
; SDC constraint protection                                        ; Off                ; Off                ;
; Synthesis Effort                                                 ; Auto               ; Auto               ;
; Shift Register Replacement - Allow Asynchronous Clear Signal     ; On                 ; On                 ;
; Pre-Mapping Resynthesis Optimization                             ; Off                ; Off                ;
; Analysis & Synthesis Message Level                               ; Medium             ; Medium             ;
; Disable Register Merging Across Hierarchies                      ; Auto               ; Auto               ;
; Resource Aware Inference For Block RAM                           ; On                 ; On                 ;
+------------------------------------------------------------------+--------------------+--------------------+


+--------------------------------------------------------------------------------------------------------------------------------------------------+
; Analysis & Synthesis Source Files Read                                                                                                           ;
+----------------------------------+-----------------+------------------------+----------------------------------------------------------+---------+
; File Name with User-Entered Path ; Used in Netlist ; File Type              ; File Name with Absolute Path                             ; Library ;
+----------------------------------+-----------------+------------------------+----------------------------------------------------------+---------+
; ../source/Complete.v             ; yes             ; User Verilog HDL File  ; /home/ecen1310/ecen2350/lab_1/block2/source/Complete.v   ;         ;
; ../source/slide_in.v             ; yes             ; User Verilog HDL File  ; /home/ecen1310/ecen2350/lab_1/block2/source/slide_in.v   ;         ;
; ../source/hex_driver.v           ; yes             ; User Verilog HDL File  ; /home/ecen1310/ecen2350/lab_1/block2/source/hex_driver.v ;         ;
+----------------------------------+-----------------+------------------------+----------------------------------------------------------+---------+


+-----------------------------------------------------------+
; Analysis & Synthesis Resource Usage Summary               ;
+---------------------------------------------+-------------+
; Resource                                    ; Usage       ;
+---------------------------------------------+-------------+
; Estimated Total logic elements              ; 43          ;
;                                             ;             ;
; Total combinational functions               ; 43          ;
; Logic element usage by number of LUT inputs ;             ;
;     -- 4 input functions                    ; 34          ;
;     -- 3 input functions                    ; 5           ;
;     -- <=2 input functions                  ; 4           ;
;                                             ;             ;
; Logic elements by mode                      ;             ;
;     -- normal mode                          ; 43          ;
;     -- arithmetic mode                      ; 0           ;
;                                             ;             ;
; Total registers                             ; 0           ;
;     -- Dedicated logic registers            ; 0           ;
;     -- I/O registers                        ; 0           ;
;                                             ;             ;
; I/O pins                                    ; 73          ;
;                                             ;             ;
; Embedded Multiplier 9-bit elements          ; 0           ;
;                                             ;             ;
; Maximum fan-out node                        ; SW[2]~input ;
; Maximum fan-out                             ; 14          ;
; Total fan-out                               ; 256         ;
; Average fan-out                             ; 1.35        ;
+---------------------------------------------+-------------+


+----------------------------------------------------------------------------------------------------------------------------------------------------------------------------------------------------------------------------------------------------+
; Analysis & Synthesis Resource Utilization by Entity                                                                                                                                                                                                ;
+----------------------------+---------------------+---------------------------+-------------+------------+--------------+---------+-----------+------+--------------+------------+-------------------------------------+-------------+--------------+
; Compilation Hierarchy Node ; Combinational ALUTs ; Dedicated Logic Registers ; Memory Bits ; UFM Blocks ; DSP Elements ; DSP 9x9 ; DSP 18x18 ; Pins ; Virtual Pins ; ADC blocks ; Full Hierarchy Name                 ; Entity Name ; Library Name ;
+----------------------------+---------------------+---------------------------+-------------+------------+--------------+---------+-----------+------+--------------+------------+-------------------------------------+-------------+--------------+
; |Complete                  ; 43 (0)              ; 0 (0)                     ; 0           ; 0          ; 0            ; 0       ; 0         ; 73   ; 0            ; 0          ; |Complete                           ; Complete    ; work         ;
;    |slide_in:U0|           ; 43 (22)             ; 0 (0)                     ; 0           ; 0          ; 0            ; 0       ; 0         ; 0    ; 0            ; 0          ; |Complete|slide_in:U0               ; slide_in    ; work         ;
;       |hex_driver:H0|      ; 7 (7)               ; 0 (0)                     ; 0           ; 0          ; 0            ; 0       ; 0         ; 0    ; 0            ; 0          ; |Complete|slide_in:U0|hex_driver:H0 ; hex_driver  ; work         ;
;       |hex_driver:H2|      ; 7 (7)               ; 0 (0)                     ; 0           ; 0          ; 0            ; 0       ; 0         ; 0    ; 0            ; 0          ; |Complete|slide_in:U0|hex_driver:H2 ; hex_driver  ; work         ;
;       |hex_driver:H4|      ; 7 (7)               ; 0 (0)                     ; 0           ; 0          ; 0            ; 0       ; 0         ; 0    ; 0            ; 0          ; |Complete|slide_in:U0|hex_driver:H4 ; hex_driver  ; work         ;
+----------------------------+---------------------+---------------------------+-------------+------------+--------------+---------+-----------+------+--------------+------------+-------------------------------------+-------------+--------------+
Note: For table entries with two numbers listed, the numbers in parentheses indicate the number of resources of the given type used by the specific entity alone. The numbers listed outside of parentheses indicate the total resources of the given type used by the specific entity and all of its sub-entities in the hierarchy.


+------------------------------------------------------+
; General Register Statistics                          ;
+----------------------------------------------+-------+
; Statistic                                    ; Value ;
+----------------------------------------------+-------+
; Total registers                              ; 0     ;
; Number of registers using Synchronous Clear  ; 0     ;
; Number of registers using Synchronous Load   ; 0     ;
; Number of registers using Asynchronous Clear ; 0     ;
; Number of registers using Asynchronous Load  ; 0     ;
; Number of registers using Clock Enable       ; 0     ;
; Number of registers using Preset             ; 0     ;
+----------------------------------------------+-------+


+------------------------------------------------------------------------------------------------------------------------------------------------------------------------+
; Port Connectivity Checks: "slide_in:U0|hex_driver:H1"                                                                                                                  ;
+------+-------+----------+----------------------------------------------------------------------------------------------------------------------------------------------+
; Port ; Type  ; Severity ; Details                                                                                                                                      ;
+------+-------+----------+----------------------------------------------------------------------------------------------------------------------------------------------+
; NUM  ; Input ; Warning  ; Declared by entity but not connected by instance. If a default value exists, it will be used.  Otherwise, the port will be connected to GND. ;
; DEC  ; Input ; Warning  ; Declared by entity but not connected by instance. If a default value exists, it will be used.  Otherwise, the port will be connected to GND. ;
+------+-------+----------+----------------------------------------------------------------------------------------------------------------------------------------------+


+------------------------------------------------------------------------------------------------------------------------------------------------------------------------+
; Port Connectivity Checks: "slide_in:U0|hex_driver:H0"                                                                                                                  ;
+------+-------+----------+----------------------------------------------------------------------------------------------------------------------------------------------+
; Port ; Type  ; Severity ; Details                                                                                                                                      ;
+------+-------+----------+----------------------------------------------------------------------------------------------------------------------------------------------+
; DEC  ; Input ; Warning  ; Declared by entity but not connected by instance. If a default value exists, it will be used.  Otherwise, the port will be connected to GND. ;
; SIGN ; Input ; Warning  ; Declared by entity but not connected by instance. If a default value exists, it will be used.  Otherwise, the port will be connected to GND. ;
; OFF  ; Input ; Warning  ; Declared by entity but not connected by instance. If a default value exists, it will be used.  Otherwise, the port will be connected to GND. ;
+------+-------+----------+----------------------------------------------------------------------------------------------------------------------------------------------+


+------------------------------------------------------------------------------------------------------------------------------------------------------------------------+
; Port Connectivity Checks: "slide_in:U0|hex_driver:H2"                                                                                                                  ;
+------+-------+----------+----------------------------------------------------------------------------------------------------------------------------------------------+
; Port ; Type  ; Severity ; Details                                                                                                                                      ;
+------+-------+----------+----------------------------------------------------------------------------------------------------------------------------------------------+
; DEC  ; Input ; Warning  ; Declared by entity but not connected by instance. If a default value exists, it will be used.  Otherwise, the port will be connected to GND. ;
; SIGN ; Input ; Warning  ; Declared by entity but not connected by instance. If a default value exists, it will be used.  Otherwise, the port will be connected to GND. ;
; OFF  ; Input ; Warning  ; Declared by entity but not connected by instance. If a default value exists, it will be used.  Otherwise, the port will be connected to GND. ;
+------+-------+----------+----------------------------------------------------------------------------------------------------------------------------------------------+


+------------------------------------------------------------------------------------------------------------------------------------------------------------------------+
; Port Connectivity Checks: "slide_in:U0|hex_driver:H4"                                                                                                                  ;
+------+-------+----------+----------------------------------------------------------------------------------------------------------------------------------------------+
; Port ; Type  ; Severity ; Details                                                                                                                                      ;
+------+-------+----------+----------------------------------------------------------------------------------------------------------------------------------------------+
; DEC  ; Input ; Warning  ; Declared by entity but not connected by instance. If a default value exists, it will be used.  Otherwise, the port will be connected to GND. ;
; SIGN ; Input ; Warning  ; Declared by entity but not connected by instance. If a default value exists, it will be used.  Otherwise, the port will be connected to GND. ;
; OFF  ; Input ; Warning  ; Declared by entity but not connected by instance. If a default value exists, it will be used.  Otherwise, the port will be connected to GND. ;
+------+-------+----------+----------------------------------------------------------------------------------------------------------------------------------------------+


+------------------------------------------------------------------------------------------------------------------------------------------------------------------------+
; Port Connectivity Checks: "slide_in:U0|hex_driver:H3"                                                                                                                  ;
+------+-------+----------+----------------------------------------------------------------------------------------------------------------------------------------------+
; Port ; Type  ; Severity ; Details                                                                                                                                      ;
+------+-------+----------+----------------------------------------------------------------------------------------------------------------------------------------------+
; NUM  ; Input ; Warning  ; Declared by entity but not connected by instance. If a default value exists, it will be used.  Otherwise, the port will be connected to GND. ;
; DEC  ; Input ; Warning  ; Declared by entity but not connected by instance. If a default value exists, it will be used.  Otherwise, the port will be connected to GND. ;
+------+-------+----------+----------------------------------------------------------------------------------------------------------------------------------------------+


+------------------------------------------------------------------------------------------------------------------------------------------------------------------------+
; Port Connectivity Checks: "slide_in:U0|hex_driver:H5"                                                                                                                  ;
+------+-------+----------+----------------------------------------------------------------------------------------------------------------------------------------------+
; Port ; Type  ; Severity ; Details                                                                                                                                      ;
+------+-------+----------+----------------------------------------------------------------------------------------------------------------------------------------------+
; NUM  ; Input ; Warning  ; Declared by entity but not connected by instance. If a default value exists, it will be used.  Otherwise, the port will be connected to GND. ;
; DEC  ; Input ; Warning  ; Declared by entity but not connected by instance. If a default value exists, it will be used.  Otherwise, the port will be connected to GND. ;
+------+-------+----------+----------------------------------------------------------------------------------------------------------------------------------------------+


+-------------------------------------------------------------------------------------------------------------------------------------+
; Port Connectivity Checks: "slide_in:U0"                                                                                             ;
+------+--------+----------+----------------------------------------------------------------------------------------------------------+
; Port ; Type   ; Severity ; Details                                                                                                  ;
+------+--------+----------+----------------------------------------------------------------------------------------------------------+
; MODE ; Input  ; Info     ; Stuck at VCC                                                                                             ;
; x    ; Output ; Warning  ; Declared by entity but not connected by instance. Logic that only feeds a dangling port will be removed. ;
; y    ; Output ; Warning  ; Declared by entity but not connected by instance. Logic that only feeds a dangling port will be removed. ;
+------+--------+----------+----------------------------------------------------------------------------------------------------------+


+-----------------------------------------------------+
; Post-Synthesis Netlist Statistics for Top Partition ;
+-----------------------+-----------------------------+
; Type                  ; Count                       ;
+-----------------------+-----------------------------+
; boundary_port         ; 73                          ;
; cycloneiii_lcell_comb ; 51                          ;
;     normal            ; 51                          ;
;         0 data inputs ; 2                           ;
;         1 data inputs ; 6                           ;
;         2 data inputs ; 4                           ;
;         3 data inputs ; 5                           ;
;         4 data inputs ; 34                          ;
;                       ;                             ;
; Max LUT depth         ; 7.00                        ;
; Average LUT depth     ; 4.39                        ;
+-----------------------+-----------------------------+


+-------------------------------+
; Elapsed Time Per Partition    ;
+----------------+--------------+
; Partition Name ; Elapsed Time ;
+----------------+--------------+
; Top            ; 00:00:01     ;
+----------------+--------------+


+-------------------------------+
; Analysis & Synthesis Messages ;
+-------------------------------+
Info: *******************************************************************
Info: Running Quartus Prime Analysis & Synthesis
    Info: Version 18.1.0 Build 625 09/12/2018 SJ Lite Edition
    Info: Processing started: Sun Sep 29 18:00:40 2019
Info: Command: quartus_map --read_settings_files=on --write_settings_files=off Complete -c Complete
Warning (18236): Number of processors has not been specified which may cause overloading on shared machines.  Set the global assignment NUM_PARALLEL_PROCESSORS in your QSF to an appropriate value for best performance.
Info (20029): Only one processor detected - disabling parallel compilation
Info (12021): Found 1 design units, including 1 entities, in source file /home/ecen1310/ecen2350/lab_1/block2/source/add_arithmetic.v
    Info (12023): Found entity 1: add_arithmetic File: /home/ecen1310/ecen2350/lab_1/block2/source/add_arithmetic.v Line: 1
Info (12021): Found 1 design units, including 1 entities, in source file /home/ecen1310/ecen2350/lab_1/block2/source/Complete.v
    Info (12023): Found entity 1: Complete File: /home/ecen1310/ecen2350/lab_1/block2/source/Complete.v Line: 6
Info (12021): Found 1 design units, including 1 entities, in source file /home/ecen1310/ecen2350/lab_1/block2/source/slide_in.v
    Info (12023): Found entity 1: slide_in File: /home/ecen1310/ecen2350/lab_1/block2/source/slide_in.v Line: 6
Info (12021): Found 1 design units, including 1 entities, in source file /home/ecen1310/ecen2350/lab_1/block2/source/hex_driver.v
    Info (12023): Found entity 1: hex_driver File: /home/ecen1310/ecen2350/lab_1/block2/source/hex_driver.v Line: 10
Info (12127): Elaborating entity "Complete" for the top level hierarchy
Warning (10034): Output port "LEDR" at Complete.v(25) has no driver File: /home/ecen1310/ecen2350/lab_1/block2/source/Complete.v Line: 25
Info (12128): Elaborating entity "slide_in" for hierarchy "slide_in:U0" File: /home/ecen1310/ecen2350/lab_1/block2/source/Complete.v Line: 53
Warning (10235): Verilog HDL Always Construct warning at slide_in.v(46): variable "MODE" is read inside the Always Construct but isn't in the Always Construct's Event Control File: /home/ecen1310/ecen2350/lab_1/block2/source/slide_in.v Line: 46
Warning (10230): Verilog HDL assignment warning at slide_in.v(49): truncated value with size 32 to match size of target (4) File: /home/ecen1310/ecen2350/lab_1/block2/source/slide_in.v Line: 49
Warning (10230): Verilog HDL assignment warning at slide_in.v(54): truncated value with size 32 to match size of target (4) File: /home/ecen1310/ecen2350/lab_1/block2/source/slide_in.v Line: 54
Warning (10240): Verilog HDL Always Construct warning at slide_in.v(41): inferring latch(es) for variable "carry", which holds its previous value in one or more paths through the always construct File: /home/ecen1310/ecen2350/lab_1/block2/source/slide_in.v Line: 41
Info (12128): Elaborating entity "hex_driver" for hierarchy "slide_in:U0|hex_driver:H5" File: /home/ecen1310/ecen2350/lab_1/block2/source/slide_in.v Line: 78
Warning (10235): Verilog HDL Always Construct warning at hex_driver.v(73): variable "OFF" is read inside the Always Construct but isn't in the Always Construct's Event Control File: /home/ecen1310/ecen2350/lab_1/block2/source/hex_driver.v Line: 73
Warning (12241): 7 hierarchies have connectivity warnings - see the Connectivity Checks report folder
Warning (13024): Output pins are stuck at VCC or GND
    Warning (13410): Pin "HEX0[7]" is stuck at VCC File: /home/ecen1310/ecen2350/lab_1/block2/source/Complete.v Line: 14
    Warning (13410): Pin "HEX1[0]" is stuck at VCC File: /home/ecen1310/ecen2350/lab_1/block2/source/Complete.v Line: 15
    Warning (13410): Pin "HEX1[1]" is stuck at VCC File: /home/ecen1310/ecen2350/lab_1/block2/source/Complete.v Line: 15
    Warning (13410): Pin "HEX1[2]" is stuck at VCC File: /home/ecen1310/ecen2350/lab_1/block2/source/Complete.v Line: 15
    Warning (13410): Pin "HEX1[3]" is stuck at VCC File: /home/ecen1310/ecen2350/lab_1/block2/source/Complete.v Line: 15
    Warning (13410): Pin "HEX1[4]" is stuck at VCC File: /home/ecen1310/ecen2350/lab_1/block2/source/Complete.v Line: 15
    Warning (13410): Pin "HEX1[5]" is stuck at VCC File: /home/ecen1310/ecen2350/lab_1/block2/source/Complete.v Line: 15
    Warning (13410): Pin "HEX1[7]" is stuck at VCC File: /home/ecen1310/ecen2350/lab_1/block2/source/Complete.v Line: 15
    Warning (13410): Pin "HEX2[7]" is stuck at VCC File: /home/ecen1310/ecen2350/lab_1/block2/source/Complete.v Line: 16
    Warning (13410): Pin "HEX3[0]" is stuck at VCC File: /home/ecen1310/ecen2350/lab_1/block2/source/Complete.v Line: 17
    Warning (13410): Pin "HEX3[1]" is stuck at VCC File: /home/ecen1310/ecen2350/lab_1/block2/source/Complete.v Line: 17
    Warning (13410): Pin "HEX3[2]" is stuck at VCC File: /home/ecen1310/ecen2350/lab_1/block2/source/Complete.v Line: 17
    Warning (13410): Pin "HEX3[3]" is stuck at VCC File: /home/ecen1310/ecen2350/lab_1/block2/source/Complete.v Line: 17
    Warning (13410): Pin "HEX3[4]" is stuck at VCC File: /home/ecen1310/ecen2350/lab_1/block2/source/Complete.v Line: 17
    Warning (13410): Pin "HEX3[5]" is stuck at VCC File: /home/ecen1310/ecen2350/lab_1/block2/source/Complete.v Line: 17
    Warning (13410): Pin "HEX3[7]" is stuck at VCC File: /home/ecen1310/ecen2350/lab_1/block2/source/Complete.v Line: 17
    Warning (13410): Pin "HEX4[7]" is stuck at VCC File: /home/ecen1310/ecen2350/lab_1/block2/source/Complete.v Line: 18
    Warning (13410): Pin "HEX5[0]" is stuck at VCC File: /home/ecen1310/ecen2350/lab_1/block2/source/Complete.v Line: 19
    Warning (13410): Pin "HEX5[1]" is stuck at VCC File: /home/ecen1310/ecen2350/lab_1/block2/source/Complete.v Line: 19
    Warning (13410): Pin "HEX5[2]" is stuck at VCC File: /home/ecen1310/ecen2350/lab_1/block2/source/Complete.v Line: 19
    Warning (13410): Pin "HEX5[3]" is stuck at VCC File: /home/ecen1310/ecen2350/lab_1/block2/source/Complete.v Line: 19
    Warning (13410): Pin "HEX5[4]" is stuck at VCC File: /home/ecen1310/ecen2350/lab_1/block2/source/Complete.v Line: 19
    Warning (13410): Pin "HEX5[5]" is stuck at VCC File: /home/ecen1310/ecen2350/lab_1/block2/source/Complete.v Line: 19
    Warning (13410): Pin "HEX5[7]" is stuck at VCC File: /home/ecen1310/ecen2350/lab_1/block2/source/Complete.v Line: 19
    Warning (13410): Pin "LEDR[0]" is stuck at GND File: /home/ecen1310/ecen2350/lab_1/block2/source/Complete.v Line: 25
    Warning (13410): Pin "LEDR[1]" is stuck at GND File: /home/ecen1310/ecen2350/lab_1/block2/source/Complete.v Line: 25
    Warning (13410): Pin "LEDR[2]" is stuck at GND File: /home/ecen1310/ecen2350/lab_1/block2/source/Complete.v Line: 25
    Warning (13410): Pin "LEDR[3]" is stuck at GND File: /home/ecen1310/ecen2350/lab_1/block2/source/Complete.v Line: 25
    Warning (13410): Pin "LEDR[4]" is stuck at GND File: /home/ecen1310/ecen2350/lab_1/block2/source/Complete.v Line: 25
    Warning (13410): Pin "LEDR[5]" is stuck at GND File: /home/ecen1310/ecen2350/lab_1/block2/source/Complete.v Line: 25
    Warning (13410): Pin "LEDR[6]" is stuck at GND File: /home/ecen1310/ecen2350/lab_1/block2/source/Complete.v Line: 25
    Warning (13410): Pin "LEDR[7]" is stuck at GND File: /home/ecen1310/ecen2350/lab_1/block2/source/Complete.v Line: 25
    Warning (13410): Pin "LEDR[8]" is stuck at GND File: /home/ecen1310/ecen2350/lab_1/block2/source/Complete.v Line: 25
    Warning (13410): Pin "LEDR[9]" is stuck at GND File: /home/ecen1310/ecen2350/lab_1/block2/source/Complete.v Line: 25
Info (286030): Timing-Driven Synthesis is running
Info (16010): Generating hard_block partition "hard_block:auto_generated_inst"
    Info (16011): Adding 0 node(s), including 0 DDIO, 0 PLL, 0 transceiver and 0 LCELL
Warning (21074): Design contains 7 input pin(s) that do not drive logic
    Warning (15610): No output dependent on input pin "ADC_CLK_10" File: /home/ecen1310/ecen2350/lab_1/block2/source/Complete.v Line: 9
    Warning (15610): No output dependent on input pin "MAX10_CLK1_50" File: /home/ecen1310/ecen2350/lab_1/block2/source/Complete.v Line: 10
    Warning (15610): No output dependent on input pin "MAX10_CLK2_50" File: /home/ecen1310/ecen2350/lab_1/block2/source/Complete.v Line: 11
    Warning (15610): No output dependent on input pin "KEY[0]" File: /home/ecen1310/ecen2350/lab_1/block2/source/Complete.v Line: 22
    Warning (15610): No output dependent on input pin "KEY[1]" File: /home/ecen1310/ecen2350/lab_1/block2/source/Complete.v Line: 22
    Warning (15610): No output dependent on input pin "SW[8]" File: /home/ecen1310/ecen2350/lab_1/block2/source/Complete.v Line: 29
    Warning (15610): No output dependent on input pin "SW[9]" File: /home/ecen1310/ecen2350/lab_1/block2/source/Complete.v Line: 29
Info (21057): Implemented 116 device resources after synthesis - the final resource count might be different
    Info (21058): Implemented 15 input pins
    Info (21059): Implemented 58 output pins
    Info (21061): Implemented 43 logic cells
Info: Quartus Prime Analysis & Synthesis was successful. 0 errors, 51 warnings
    Info: Peak virtual memory: 946 megabytes
    Info: Processing ended: Sun Sep 29 18:01:04 2019
    Info: Elapsed time: 00:00:24
    Info: Total CPU time (on all processors): 00:00:19


