#! /usr/bin/vvp
:ivl_version "10.1 (stable)";
:ivl_delay_selection "TYPICAL";
:vpi_time_precision + 0;
:vpi_module "system";
:vpi_module "vhdl_sys";
:vpi_module "v2005_math";
:vpi_module "va_math";
S_0x556a8c94da70 .scope module, "Complete" "Complete" 2 6;
 .timescale 0 0;
    .port_info 0 /INPUT 1 "ADC_CLK_10"
    .port_info 1 /INPUT 1 "MAX10_CLK1_50"
    .port_info 2 /INPUT 1 "MAX10_CLK2_50"
    .port_info 3 /OUTPUT 8 "HEX0"
    .port_info 4 /OUTPUT 8 "HEX1"
    .port_info 5 /OUTPUT 8 "HEX2"
    .port_info 6 /OUTPUT 8 "HEX3"
    .port_info 7 /OUTPUT 8 "HEX4"
    .port_info 8 /OUTPUT 8 "HEX5"
    .port_info 9 /INPUT 2 "KEY"
    .port_info 10 /OUTPUT 10 "LEDR"
    .port_info 11 /INPUT 10 "SW"
o0x7fc087bbc1b8 .functor BUFZ 1, C4<z>; HiZ drive
v0x556a8c971de0_0 .net "ADC_CLK_10", 0 0, o0x7fc087bbc1b8;  0 drivers
v0x556a8c971ea0_0 .net "HEX0", 7 0, v0x556a8c93c0f0_0;  1 drivers
v0x556a8c971f60_0 .net "HEX1", 7 0, v0x556a8c9376f0_0;  1 drivers
v0x556a8c972050_0 .net "HEX2", 7 0, v0x556a8c96dc00_0;  1 drivers
v0x556a8c972160_0 .net "HEX3", 7 0, v0x556a8c96e250_0;  1 drivers
v0x556a8c9722c0_0 .net "HEX4", 7 0, v0x556a8c96e8a0_0;  1 drivers
v0x556a8c9723d0_0 .net "HEX5", 7 0, v0x556a8c96ef50_0;  1 drivers
o0x7fc087bbb918 .functor BUFZ 2, C4<zz>; HiZ drive
v0x556a8c9724e0_0 .net "KEY", 1 0, o0x7fc087bbb918;  0 drivers
v0x556a8c9725f0_0 .net "LEDR", 9 0, L_0x556a8c9749c0;  1 drivers
o0x7fc087bbc1e8 .functor BUFZ 1, C4<z>; HiZ drive
v0x556a8c9726b0_0 .net "MAX10_CLK1_50", 0 0, o0x7fc087bbc1e8;  0 drivers
o0x7fc087bbc218 .functor BUFZ 1, C4<z>; HiZ drive
v0x556a8c972750_0 .net "MAX10_CLK2_50", 0 0, o0x7fc087bbc218;  0 drivers
o0x7fc087bbba98 .functor BUFZ 10, C4<zzzzzzzzzz>; HiZ drive
v0x556a8c972810_0 .net "SW", 9 0, o0x7fc087bbba98;  0 drivers
S_0x556a8c94dbf0 .scope module, "U0" "birthdays" 2 59, 3 1 0, S_0x556a8c94da70;
 .timescale 0 0;
    .port_info 0 /INPUT 2 "KEY"
    .port_info 1 /OUTPUT 8 "HEX0"
    .port_info 2 /OUTPUT 8 "HEX1"
    .port_info 3 /OUTPUT 8 "HEX2"
    .port_info 4 /OUTPUT 8 "HEX3"
    .port_info 5 /OUTPUT 8 "HEX4"
    .port_info 6 /OUTPUT 8 "HEX5"
v0x556a8c96f290_0 .net "HEX0", 7 0, v0x556a8c93c0f0_0;  alias, 1 drivers
v0x556a8c96f370_0 .net "HEX1", 7 0, v0x556a8c9376f0_0;  alias, 1 drivers
v0x556a8c96f440_0 .net "HEX2", 7 0, v0x556a8c96dc00_0;  alias, 1 drivers
v0x556a8c96f540_0 .net "HEX3", 7 0, v0x556a8c96e250_0;  alias, 1 drivers
v0x556a8c96f610_0 .net "HEX4", 7 0, v0x556a8c96e8a0_0;  alias, 1 drivers
v0x556a8c96f700_0 .net "HEX5", 7 0, v0x556a8c96ef50_0;  alias, 1 drivers
v0x556a8c96f7d0_0 .net "KEY", 1 0, o0x7fc087bbb918;  alias, 0 drivers
S_0x556a8c94dd70 .scope module, "X0" "hex_driver" 3 13, 4 8 0, S_0x556a8c94dbf0;
 .timescale 0 0;
    .port_info 0 /INPUT 5 "NUM"
    .port_info 1 /INPUT 1 "DEC"
    .port_info 2 /INPUT 1 "SIGN"
    .port_info 3 /OUTPUT 8 "HEX"
L_0x7fc087b72060 .functor BUFT 1, C4<0>, C4<0>, C4<0>, C4<0>;
v0x556a8c93d370_0 .net "DEC", 0 0, L_0x7fc087b72060;  1 drivers
v0x556a8c93c0f0_0 .var "HEX", 7 0;
L_0x7fc087b72018 .functor BUFT 1, C4<00000>, C4<0>, C4<0>, C4<0>;
v0x556a8c93ae70_0 .net "NUM", 4 0, L_0x7fc087b72018;  1 drivers
L_0x7fc087b720a8 .functor BUFT 1, C4<0>, C4<0>, C4<0>, C4<0>;
v0x556a8c939bf0_0 .net "SIGN", 0 0, L_0x7fc087b720a8;  1 drivers
E_0x556a8c8ecce0 .event edge, v0x556a8c939bf0_0, v0x556a8c93d370_0, v0x556a8c93ae70_0;
S_0x556a8c96d4d0 .scope module, "X1" "hex_driver" 3 19, 4 8 0, S_0x556a8c94dbf0;
 .timescale 0 0;
    .port_info 0 /INPUT 5 "NUM"
    .port_info 1 /INPUT 1 "DEC"
    .port_info 2 /INPUT 1 "SIGN"
    .port_info 3 /OUTPUT 8 "HEX"
o0x7fc087bbb198 .functor BUFZ 1, C4<z>; HiZ drive
v0x556a8c938970_0 .net "DEC", 0 0, o0x7fc087bbb198;  0 drivers
v0x556a8c9376f0_0 .var "HEX", 7 0;
L_0x7fc087b720f0 .functor BUFT 1, C4<00010>, C4<0>, C4<0>, C4<0>;
v0x556a8c936440_0 .net "NUM", 4 0, L_0x7fc087b720f0;  1 drivers
o0x7fc087bbb228 .functor BUFZ 1, C4<z>; HiZ drive
v0x556a8c96d7a0_0 .net "SIGN", 0 0, o0x7fc087bbb228;  0 drivers
E_0x556a8c923840 .event edge, v0x556a8c96d7a0_0, v0x556a8c938970_0, v0x556a8c936440_0;
S_0x556a8c96d8e0 .scope module, "X2" "hex_driver" 3 23, 4 8 0, S_0x556a8c94dbf0;
 .timescale 0 0;
    .port_info 0 /INPUT 5 "NUM"
    .port_info 1 /INPUT 1 "DEC"
    .port_info 2 /INPUT 1 "SIGN"
    .port_info 3 /OUTPUT 8 "HEX"
o0x7fc087bbb318 .functor BUFZ 1, C4<z>; HiZ drive
v0x556a8c96db20_0 .net "DEC", 0 0, o0x7fc087bbb318;  0 drivers
v0x556a8c96dc00_0 .var "HEX", 7 0;
L_0x7fc087b72138 .functor BUFT 1, C4<01001>, C4<0>, C4<0>, C4<0>;
v0x556a8c96dce0_0 .net "NUM", 4 0, L_0x7fc087b72138;  1 drivers
o0x7fc087bbb3a8 .functor BUFZ 1, C4<z>; HiZ drive
v0x556a8c96ddd0_0 .net "SIGN", 0 0, o0x7fc087bbb3a8;  0 drivers
E_0x556a8c9360d0 .event edge, v0x556a8c96ddd0_0, v0x556a8c96db20_0, v0x556a8c96dce0_0;
S_0x556a8c96df40 .scope module, "X3" "hex_driver" 3 27, 4 8 0, S_0x556a8c94dbf0;
 .timescale 0 0;
    .port_info 0 /INPUT 5 "NUM"
    .port_info 1 /INPUT 1 "DEC"
    .port_info 2 /INPUT 1 "SIGN"
    .port_info 3 /OUTPUT 8 "HEX"
o0x7fc087bbb498 .functor BUFZ 1, C4<z>; HiZ drive
v0x556a8c96e170_0 .net "DEC", 0 0, o0x7fc087bbb498;  0 drivers
v0x556a8c96e250_0 .var "HEX", 7 0;
L_0x7fc087b72180 .functor BUFT 1, C4<00010>, C4<0>, C4<0>, C4<0>;
v0x556a8c96e330_0 .net "NUM", 4 0, L_0x7fc087b72180;  1 drivers
o0x7fc087bbb528 .functor BUFZ 1, C4<z>; HiZ drive
v0x556a8c96e420_0 .net "SIGN", 0 0, o0x7fc087bbb528;  0 drivers
E_0x556a8c94c430 .event edge, v0x556a8c96e420_0, v0x556a8c96e170_0, v0x556a8c96e330_0;
S_0x556a8c96e590 .scope module, "X4" "hex_driver" 3 31, 4 8 0, S_0x556a8c94dbf0;
 .timescale 0 0;
    .port_info 0 /INPUT 5 "NUM"
    .port_info 1 /INPUT 1 "DEC"
    .port_info 2 /INPUT 1 "SIGN"
    .port_info 3 /OUTPUT 8 "HEX"
o0x7fc087bbb618 .functor BUFZ 1, C4<z>; HiZ drive
v0x556a8c96e7c0_0 .net "DEC", 0 0, o0x7fc087bbb618;  0 drivers
v0x556a8c96e8a0_0 .var "HEX", 7 0;
L_0x7fc087b721c8 .functor BUFT 1, C4<00100>, C4<0>, C4<0>, C4<0>;
v0x556a8c96e980_0 .net "NUM", 4 0, L_0x7fc087b721c8;  1 drivers
o0x7fc087bbb6a8 .functor BUFZ 1, C4<z>; HiZ drive
v0x556a8c96ea40_0 .net "SIGN", 0 0, o0x7fc087bbb6a8;  0 drivers
E_0x556a8c94cdf0 .event edge, v0x556a8c96ea40_0, v0x556a8c96e7c0_0, v0x556a8c96e980_0;
S_0x556a8c96ebb0 .scope module, "X5" "hex_driver" 3 35, 4 8 0, S_0x556a8c94dbf0;
 .timescale 0 0;
    .port_info 0 /INPUT 5 "NUM"
    .port_info 1 /INPUT 1 "DEC"
    .port_info 2 /INPUT 1 "SIGN"
    .port_info 3 /OUTPUT 8 "HEX"
o0x7fc087bbb798 .functor BUFZ 1, C4<z>; HiZ drive
v0x556a8c96ee70_0 .net "DEC", 0 0, o0x7fc087bbb798;  0 drivers
v0x556a8c96ef50_0 .var "HEX", 7 0;
L_0x7fc087b72210 .functor BUFT 1, C4<00000>, C4<0>, C4<0>, C4<0>;
v0x556a8c96f030_0 .net "NUM", 4 0, L_0x7fc087b72210;  1 drivers
o0x7fc087bbb828 .functor BUFZ 1, C4<z>; HiZ drive
v0x556a8c96f120_0 .net "SIGN", 0 0, o0x7fc087bbb828;  0 drivers
E_0x556a8c96edf0 .event edge, v0x556a8c96f120_0, v0x556a8c96ee70_0, v0x556a8c96f030_0;
S_0x556a8c96f990 .scope module, "U1" "switch_led" 2 53, 5 1 0, S_0x556a8c94da70;
 .timescale 0 0;
    .port_info 0 /INPUT 10 "SW"
    .port_info 1 /INPUT 2 "KEY"
    .port_info 2 /OUTPUT 10 "led"
L_0x556a8c923880 .functor NOT 1, L_0x556a8c972aa0, C4<0>, C4<0>, C4<0>;
L_0x556a8c972c50 .functor XOR 1, L_0x556a8c923880, L_0x556a8c972bb0, C4<0>, C4<0>;
L_0x556a8c972e00 .functor NOT 1, L_0x556a8c972d60, C4<0>, C4<0>, C4<0>;
L_0x556a8c972ff0 .functor XOR 1, L_0x556a8c972e00, L_0x556a8c972ec0, C4<0>, C4<0>;
L_0x556a8c973210 .functor NOT 1, L_0x556a8c9730e0, C4<0>, C4<0>, C4<0>;
L_0x556a8c973360 .functor XOR 1, L_0x556a8c973210, L_0x556a8c973280, C4<0>, C4<0>;
L_0x556a8c973550 .functor NOT 1, L_0x556a8c9734b0, C4<0>, C4<0>, C4<0>;
L_0x556a8c973700 .functor XOR 1, L_0x556a8c973550, L_0x556a8c973610, C4<0>, C4<0>;
L_0x556a8c973900 .functor NOT 1, L_0x556a8c973860, C4<0>, C4<0>, C4<0>;
L_0x556a8c973ac0 .functor XOR 1, L_0x556a8c973900, L_0x556a8c9739c0, C4<0>, C4<0>;
L_0x556a8c973c80 .functor NOT 1, L_0x556a8c973be0, C4<0>, C4<0>, C4<0>;
L_0x556a8c973e00 .functor XOR 1, L_0x556a8c973c80, L_0x556a8c973cf0, C4<0>, C4<0>;
L_0x556a8c974130 .functor NOT 1, L_0x556a8c973f80, C4<0>, C4<0>, C4<0>;
L_0x556a8c973d90 .functor XOR 1, L_0x556a8c974130, L_0x556a8c9741f0, C4<0>, C4<0>;
L_0x556a8c973f10 .functor NOT 1, L_0x556a8c974460, C4<0>, C4<0>, C4<0>;
L_0x556a8c974680 .functor XOR 1, L_0x556a8c973f10, L_0x556a8c974550, C4<0>, C4<0>;
v0x556a8c96fbd0_0 .net "KEY", 1 0, o0x7fc087bbb918;  alias, 0 drivers
v0x556a8c96fce0_0 .net "SW", 9 0, o0x7fc087bbba98;  alias, 0 drivers
v0x556a8c96fda0_0 .net *"_s13", 0 0, L_0x556a8c972d60;  1 drivers
v0x556a8c96fe90_0 .net *"_s14", 0 0, L_0x556a8c972e00;  1 drivers
v0x556a8c96ff70_0 .net *"_s17", 0 0, L_0x556a8c972ec0;  1 drivers
v0x556a8c9700a0_0 .net *"_s18", 0 0, L_0x556a8c972ff0;  1 drivers
v0x556a8c970180_0 .net *"_s23", 0 0, L_0x556a8c9730e0;  1 drivers
v0x556a8c970260_0 .net *"_s24", 0 0, L_0x556a8c973210;  1 drivers
v0x556a8c970340_0 .net *"_s27", 0 0, L_0x556a8c973280;  1 drivers
v0x556a8c9704b0_0 .net *"_s28", 0 0, L_0x556a8c973360;  1 drivers
v0x556a8c970590_0 .net *"_s3", 0 0, L_0x556a8c972aa0;  1 drivers
v0x556a8c970670_0 .net *"_s33", 0 0, L_0x556a8c9734b0;  1 drivers
v0x556a8c970750_0 .net *"_s34", 0 0, L_0x556a8c973550;  1 drivers
v0x556a8c970830_0 .net *"_s37", 0 0, L_0x556a8c973610;  1 drivers
v0x556a8c970910_0 .net *"_s38", 0 0, L_0x556a8c973700;  1 drivers
v0x556a8c9709f0_0 .net *"_s4", 0 0, L_0x556a8c923880;  1 drivers
v0x556a8c970ad0_0 .net *"_s43", 0 0, L_0x556a8c973860;  1 drivers
v0x556a8c970cc0_0 .net *"_s44", 0 0, L_0x556a8c973900;  1 drivers
v0x556a8c970da0_0 .net *"_s47", 0 0, L_0x556a8c9739c0;  1 drivers
v0x556a8c970e80_0 .net *"_s48", 0 0, L_0x556a8c973ac0;  1 drivers
v0x556a8c970f60_0 .net *"_s53", 0 0, L_0x556a8c973be0;  1 drivers
v0x556a8c971040_0 .net *"_s54", 0 0, L_0x556a8c973c80;  1 drivers
v0x556a8c971120_0 .net *"_s57", 0 0, L_0x556a8c973cf0;  1 drivers
v0x556a8c971200_0 .net *"_s58", 0 0, L_0x556a8c973e00;  1 drivers
v0x556a8c9712e0_0 .net *"_s63", 0 0, L_0x556a8c973f80;  1 drivers
v0x556a8c9713c0_0 .net *"_s64", 0 0, L_0x556a8c974130;  1 drivers
v0x556a8c9714a0_0 .net *"_s67", 0 0, L_0x556a8c9741f0;  1 drivers
v0x556a8c971580_0 .net *"_s68", 0 0, L_0x556a8c973d90;  1 drivers
v0x556a8c971660_0 .net *"_s7", 0 0, L_0x556a8c972bb0;  1 drivers
v0x556a8c971740_0 .net *"_s73", 0 0, L_0x556a8c974460;  1 drivers
v0x556a8c971820_0 .net *"_s74", 0 0, L_0x556a8c973f10;  1 drivers
v0x556a8c971900_0 .net *"_s77", 0 0, L_0x556a8c974550;  1 drivers
v0x556a8c9719e0_0 .net *"_s78", 0 0, L_0x556a8c974680;  1 drivers
v0x556a8c971ac0_0 .net *"_s8", 0 0, L_0x556a8c972c50;  1 drivers
o0x7fc087bbc0c8 .functor BUFZ 2, C4<zz>; HiZ drive
; Elide local net with no drivers, v0x556a8c971ba0_0 name=_s82
v0x556a8c971c80_0 .net "led", 9 0, L_0x556a8c9749c0;  alias, 1 drivers
L_0x556a8c972aa0 .part o0x7fc087bbba98, 0, 1;
L_0x556a8c972bb0 .part o0x7fc087bbb918, 0, 1;
L_0x556a8c972d60 .part o0x7fc087bbba98, 1, 1;
L_0x556a8c972ec0 .part o0x7fc087bbb918, 0, 1;
L_0x556a8c9730e0 .part o0x7fc087bbba98, 2, 1;
L_0x556a8c973280 .part o0x7fc087bbb918, 0, 1;
L_0x556a8c9734b0 .part o0x7fc087bbba98, 3, 1;
L_0x556a8c973610 .part o0x7fc087bbb918, 0, 1;
L_0x556a8c973860 .part o0x7fc087bbba98, 4, 1;
L_0x556a8c9739c0 .part o0x7fc087bbb918, 0, 1;
L_0x556a8c973be0 .part o0x7fc087bbba98, 5, 1;
L_0x556a8c973cf0 .part o0x7fc087bbb918, 0, 1;
L_0x556a8c973f80 .part o0x7fc087bbba98, 6, 1;
L_0x556a8c9741f0 .part o0x7fc087bbb918, 0, 1;
L_0x556a8c974460 .part o0x7fc087bbba98, 7, 1;
L_0x556a8c974550 .part o0x7fc087bbb918, 0, 1;
LS_0x556a8c9749c0_0_0 .concat [ 1 1 1 1], L_0x556a8c972c50, L_0x556a8c972ff0, L_0x556a8c973360, L_0x556a8c973700;
LS_0x556a8c9749c0_0_4 .concat [ 1 1 1 1], L_0x556a8c973ac0, L_0x556a8c973e00, L_0x556a8c973d90, L_0x556a8c974680;
LS_0x556a8c9749c0_0_8 .concat [ 2 0 0 0], o0x7fc087bbc0c8;
L_0x556a8c9749c0 .concat [ 4 4 2 0], LS_0x556a8c9749c0_0_0, LS_0x556a8c9749c0_0_4, LS_0x556a8c9749c0_0_8;
    .scope S_0x556a8c94dd70;
T_0 ;
    %wait E_0x556a8c8ecce0;
    %load/vec4 v0x556a8c93ae70_0;
    %dup/vec4;
    %pushi/vec4 0, 0, 5;
    %cmp/u;
    %jmp/1 T_0.0, 6;
    %dup/vec4;
    %pushi/vec4 1, 0, 5;
    %cmp/u;
    %jmp/1 T_0.1, 6;
    %dup/vec4;
    %pushi/vec4 2, 0, 5;
    %cmp/u;
    %jmp/1 T_0.2, 6;
    %dup/vec4;
    %pushi/vec4 3, 0, 5;
    %cmp/u;
    %jmp/1 T_0.3, 6;
    %dup/vec4;
    %pushi/vec4 4, 0, 5;
    %cmp/u;
    %jmp/1 T_0.4, 6;
    %dup/vec4;
    %pushi/vec4 5, 0, 5;
    %cmp/u;
    %jmp/1 T_0.5, 6;
    %dup/vec4;
    %pushi/vec4 6, 0, 5;
    %cmp/u;
    %jmp/1 T_0.6, 6;
    %dup/vec4;
    %pushi/vec4 7, 0, 5;
    %cmp/u;
    %jmp/1 T_0.7, 6;
    %dup/vec4;
    %pushi/vec4 8, 0, 5;
    %cmp/u;
    %jmp/1 T_0.8, 6;
    %dup/vec4;
    %pushi/vec4 9, 0, 5;
    %cmp/u;
    %jmp/1 T_0.9, 6;
    %dup/vec4;
    %pushi/vec4 10, 0, 5;
    %cmp/u;
    %jmp/1 T_0.10, 6;
    %dup/vec4;
    %pushi/vec4 11, 0, 5;
    %cmp/u;
    %jmp/1 T_0.11, 6;
    %dup/vec4;
    %pushi/vec4 12, 0, 5;
    %cmp/u;
    %jmp/1 T_0.12, 6;
    %dup/vec4;
    %pushi/vec4 13, 0, 5;
    %cmp/u;
    %jmp/1 T_0.13, 6;
    %dup/vec4;
    %pushi/vec4 14, 0, 5;
    %cmp/u;
    %jmp/1 T_0.14, 6;
    %dup/vec4;
    %pushi/vec4 15, 0, 5;
    %cmp/u;
    %jmp/1 T_0.15, 6;
    %pushi/vec4 192, 0, 8;
    %store/vec4 v0x556a8c93c0f0_0, 0, 8;
    %jmp T_0.17;
T_0.0 ;
    %pushi/vec4 192, 0, 8;
    %store/vec4 v0x556a8c93c0f0_0, 0, 8;
    %jmp T_0.17;
T_0.1 ;
    %pushi/vec4 249, 0, 8;
    %store/vec4 v0x556a8c93c0f0_0, 0, 8;
    %jmp T_0.17;
T_0.2 ;
    %pushi/vec4 164, 0, 8;
    %store/vec4 v0x556a8c93c0f0_0, 0, 8;
    %jmp T_0.17;
T_0.3 ;
    %pushi/vec4 176, 0, 8;
    %store/vec4 v0x556a8c93c0f0_0, 0, 8;
    %jmp T_0.17;
T_0.4 ;
    %pushi/vec4 153, 0, 8;
    %store/vec4 v0x556a8c93c0f0_0, 0, 8;
    %jmp T_0.17;
T_0.5 ;
    %pushi/vec4 146, 0, 8;
    %store/vec4 v0x556a8c93c0f0_0, 0, 8;
    %jmp T_0.17;
T_0.6 ;
    %pushi/vec4 130, 0, 8;
    %store/vec4 v0x556a8c93c0f0_0, 0, 8;
    %jmp T_0.17;
T_0.7 ;
    %pushi/vec4 248, 0, 8;
    %store/vec4 v0x556a8c93c0f0_0, 0, 8;
    %jmp T_0.17;
T_0.8 ;
    %pushi/vec4 128, 0, 8;
    %store/vec4 v0x556a8c93c0f0_0, 0, 8;
    %jmp T_0.17;
T_0.9 ;
    %pushi/vec4 144, 0, 8;
    %store/vec4 v0x556a8c93c0f0_0, 0, 8;
    %jmp T_0.17;
T_0.10 ;
    %pushi/vec4 136, 0, 8;
    %store/vec4 v0x556a8c93c0f0_0, 0, 8;
    %jmp T_0.17;
T_0.11 ;
    %pushi/vec4 131, 0, 8;
    %store/vec4 v0x556a8c93c0f0_0, 0, 8;
    %jmp T_0.17;
T_0.12 ;
    %pushi/vec4 198, 0, 8;
    %store/vec4 v0x556a8c93c0f0_0, 0, 8;
    %jmp T_0.17;
T_0.13 ;
    %pushi/vec4 161, 0, 8;
    %store/vec4 v0x556a8c93c0f0_0, 0, 8;
    %jmp T_0.17;
T_0.14 ;
    %pushi/vec4 134, 0, 8;
    %store/vec4 v0x556a8c93c0f0_0, 0, 8;
    %jmp T_0.17;
T_0.15 ;
    %pushi/vec4 142, 0, 8;
    %store/vec4 v0x556a8c93c0f0_0, 0, 8;
    %jmp T_0.17;
T_0.17 ;
    %pop/vec4 1;
    %jmp T_0;
    .thread T_0, $push;
    .scope S_0x556a8c96d4d0;
T_1 ;
    %wait E_0x556a8c923840;
    %load/vec4 v0x556a8c936440_0;
    %dup/vec4;
    %pushi/vec4 0, 0, 5;
    %cmp/u;
    %jmp/1 T_1.0, 6;
    %dup/vec4;
    %pushi/vec4 1, 0, 5;
    %cmp/u;
    %jmp/1 T_1.1, 6;
    %dup/vec4;
    %pushi/vec4 2, 0, 5;
    %cmp/u;
    %jmp/1 T_1.2, 6;
    %dup/vec4;
    %pushi/vec4 3, 0, 5;
    %cmp/u;
    %jmp/1 T_1.3, 6;
    %dup/vec4;
    %pushi/vec4 4, 0, 5;
    %cmp/u;
    %jmp/1 T_1.4, 6;
    %dup/vec4;
    %pushi/vec4 5, 0, 5;
    %cmp/u;
    %jmp/1 T_1.5, 6;
    %dup/vec4;
    %pushi/vec4 6, 0, 5;
    %cmp/u;
    %jmp/1 T_1.6, 6;
    %dup/vec4;
    %pushi/vec4 7, 0, 5;
    %cmp/u;
    %jmp/1 T_1.7, 6;
    %dup/vec4;
    %pushi/vec4 8, 0, 5;
    %cmp/u;
    %jmp/1 T_1.8, 6;
    %dup/vec4;
    %pushi/vec4 9, 0, 5;
    %cmp/u;
    %jmp/1 T_1.9, 6;
    %dup/vec4;
    %pushi/vec4 10, 0, 5;
    %cmp/u;
    %jmp/1 T_1.10, 6;
    %dup/vec4;
    %pushi/vec4 11, 0, 5;
    %cmp/u;
    %jmp/1 T_1.11, 6;
    %dup/vec4;
    %pushi/vec4 12, 0, 5;
    %cmp/u;
    %jmp/1 T_1.12, 6;
    %dup/vec4;
    %pushi/vec4 13, 0, 5;
    %cmp/u;
    %jmp/1 T_1.13, 6;
    %dup/vec4;
    %pushi/vec4 14, 0, 5;
    %cmp/u;
    %jmp/1 T_1.14, 6;
    %dup/vec4;
    %pushi/vec4 15, 0, 5;
    %cmp/u;
    %jmp/1 T_1.15, 6;
    %pushi/vec4 192, 0, 8;
    %store/vec4 v0x556a8c9376f0_0, 0, 8;
    %jmp T_1.17;
T_1.0 ;
    %pushi/vec4 192, 0, 8;
    %store/vec4 v0x556a8c9376f0_0, 0, 8;
    %jmp T_1.17;
T_1.1 ;
    %pushi/vec4 249, 0, 8;
    %store/vec4 v0x556a8c9376f0_0, 0, 8;
    %jmp T_1.17;
T_1.2 ;
    %pushi/vec4 164, 0, 8;
    %store/vec4 v0x556a8c9376f0_0, 0, 8;
    %jmp T_1.17;
T_1.3 ;
    %pushi/vec4 176, 0, 8;
    %store/vec4 v0x556a8c9376f0_0, 0, 8;
    %jmp T_1.17;
T_1.4 ;
    %pushi/vec4 153, 0, 8;
    %store/vec4 v0x556a8c9376f0_0, 0, 8;
    %jmp T_1.17;
T_1.5 ;
    %pushi/vec4 146, 0, 8;
    %store/vec4 v0x556a8c9376f0_0, 0, 8;
    %jmp T_1.17;
T_1.6 ;
    %pushi/vec4 130, 0, 8;
    %store/vec4 v0x556a8c9376f0_0, 0, 8;
    %jmp T_1.17;
T_1.7 ;
    %pushi/vec4 248, 0, 8;
    %store/vec4 v0x556a8c9376f0_0, 0, 8;
    %jmp T_1.17;
T_1.8 ;
    %pushi/vec4 128, 0, 8;
    %store/vec4 v0x556a8c9376f0_0, 0, 8;
    %jmp T_1.17;
T_1.9 ;
    %pushi/vec4 144, 0, 8;
    %store/vec4 v0x556a8c9376f0_0, 0, 8;
    %jmp T_1.17;
T_1.10 ;
    %pushi/vec4 136, 0, 8;
    %store/vec4 v0x556a8c9376f0_0, 0, 8;
    %jmp T_1.17;
T_1.11 ;
    %pushi/vec4 131, 0, 8;
    %store/vec4 v0x556a8c9376f0_0, 0, 8;
    %jmp T_1.17;
T_1.12 ;
    %pushi/vec4 198, 0, 8;
    %store/vec4 v0x556a8c9376f0_0, 0, 8;
    %jmp T_1.17;
T_1.13 ;
    %pushi/vec4 161, 0, 8;
    %store/vec4 v0x556a8c9376f0_0, 0, 8;
    %jmp T_1.17;
T_1.14 ;
    %pushi/vec4 134, 0, 8;
    %store/vec4 v0x556a8c9376f0_0, 0, 8;
    %jmp T_1.17;
T_1.15 ;
    %pushi/vec4 142, 0, 8;
    %store/vec4 v0x556a8c9376f0_0, 0, 8;
    %jmp T_1.17;
T_1.17 ;
    %pop/vec4 1;
    %jmp T_1;
    .thread T_1, $push;
    .scope S_0x556a8c96d8e0;
T_2 ;
    %wait E_0x556a8c9360d0;
    %load/vec4 v0x556a8c96dce0_0;
    %dup/vec4;
    %pushi/vec4 0, 0, 5;
    %cmp/u;
    %jmp/1 T_2.0, 6;
    %dup/vec4;
    %pushi/vec4 1, 0, 5;
    %cmp/u;
    %jmp/1 T_2.1, 6;
    %dup/vec4;
    %pushi/vec4 2, 0, 5;
    %cmp/u;
    %jmp/1 T_2.2, 6;
    %dup/vec4;
    %pushi/vec4 3, 0, 5;
    %cmp/u;
    %jmp/1 T_2.3, 6;
    %dup/vec4;
    %pushi/vec4 4, 0, 5;
    %cmp/u;
    %jmp/1 T_2.4, 6;
    %dup/vec4;
    %pushi/vec4 5, 0, 5;
    %cmp/u;
    %jmp/1 T_2.5, 6;
    %dup/vec4;
    %pushi/vec4 6, 0, 5;
    %cmp/u;
    %jmp/1 T_2.6, 6;
    %dup/vec4;
    %pushi/vec4 7, 0, 5;
    %cmp/u;
    %jmp/1 T_2.7, 6;
    %dup/vec4;
    %pushi/vec4 8, 0, 5;
    %cmp/u;
    %jmp/1 T_2.8, 6;
    %dup/vec4;
    %pushi/vec4 9, 0, 5;
    %cmp/u;
    %jmp/1 T_2.9, 6;
    %dup/vec4;
    %pushi/vec4 10, 0, 5;
    %cmp/u;
    %jmp/1 T_2.10, 6;
    %dup/vec4;
    %pushi/vec4 11, 0, 5;
    %cmp/u;
    %jmp/1 T_2.11, 6;
    %dup/vec4;
    %pushi/vec4 12, 0, 5;
    %cmp/u;
    %jmp/1 T_2.12, 6;
    %dup/vec4;
    %pushi/vec4 13, 0, 5;
    %cmp/u;
    %jmp/1 T_2.13, 6;
    %dup/vec4;
    %pushi/vec4 14, 0, 5;
    %cmp/u;
    %jmp/1 T_2.14, 6;
    %dup/vec4;
    %pushi/vec4 15, 0, 5;
    %cmp/u;
    %jmp/1 T_2.15, 6;
    %pushi/vec4 192, 0, 8;
    %store/vec4 v0x556a8c96dc00_0, 0, 8;
    %jmp T_2.17;
T_2.0 ;
    %pushi/vec4 192, 0, 8;
    %store/vec4 v0x556a8c96dc00_0, 0, 8;
    %jmp T_2.17;
T_2.1 ;
    %pushi/vec4 249, 0, 8;
    %store/vec4 v0x556a8c96dc00_0, 0, 8;
    %jmp T_2.17;
T_2.2 ;
    %pushi/vec4 164, 0, 8;
    %store/vec4 v0x556a8c96dc00_0, 0, 8;
    %jmp T_2.17;
T_2.3 ;
    %pushi/vec4 176, 0, 8;
    %store/vec4 v0x556a8c96dc00_0, 0, 8;
    %jmp T_2.17;
T_2.4 ;
    %pushi/vec4 153, 0, 8;
    %store/vec4 v0x556a8c96dc00_0, 0, 8;
    %jmp T_2.17;
T_2.5 ;
    %pushi/vec4 146, 0, 8;
    %store/vec4 v0x556a8c96dc00_0, 0, 8;
    %jmp T_2.17;
T_2.6 ;
    %pushi/vec4 130, 0, 8;
    %store/vec4 v0x556a8c96dc00_0, 0, 8;
    %jmp T_2.17;
T_2.7 ;
    %pushi/vec4 248, 0, 8;
    %store/vec4 v0x556a8c96dc00_0, 0, 8;
    %jmp T_2.17;
T_2.8 ;
    %pushi/vec4 128, 0, 8;
    %store/vec4 v0x556a8c96dc00_0, 0, 8;
    %jmp T_2.17;
T_2.9 ;
    %pushi/vec4 144, 0, 8;
    %store/vec4 v0x556a8c96dc00_0, 0, 8;
    %jmp T_2.17;
T_2.10 ;
    %pushi/vec4 136, 0, 8;
    %store/vec4 v0x556a8c96dc00_0, 0, 8;
    %jmp T_2.17;
T_2.11 ;
    %pushi/vec4 131, 0, 8;
    %store/vec4 v0x556a8c96dc00_0, 0, 8;
    %jmp T_2.17;
T_2.12 ;
    %pushi/vec4 198, 0, 8;
    %store/vec4 v0x556a8c96dc00_0, 0, 8;
    %jmp T_2.17;
T_2.13 ;
    %pushi/vec4 161, 0, 8;
    %store/vec4 v0x556a8c96dc00_0, 0, 8;
    %jmp T_2.17;
T_2.14 ;
    %pushi/vec4 134, 0, 8;
    %store/vec4 v0x556a8c96dc00_0, 0, 8;
    %jmp T_2.17;
T_2.15 ;
    %pushi/vec4 142, 0, 8;
    %store/vec4 v0x556a8c96dc00_0, 0, 8;
    %jmp T_2.17;
T_2.17 ;
    %pop/vec4 1;
    %jmp T_2;
    .thread T_2, $push;
    .scope S_0x556a8c96df40;
T_3 ;
    %wait E_0x556a8c94c430;
    %load/vec4 v0x556a8c96e330_0;
    %dup/vec4;
    %pushi/vec4 0, 0, 5;
    %cmp/u;
    %jmp/1 T_3.0, 6;
    %dup/vec4;
    %pushi/vec4 1, 0, 5;
    %cmp/u;
    %jmp/1 T_3.1, 6;
    %dup/vec4;
    %pushi/vec4 2, 0, 5;
    %cmp/u;
    %jmp/1 T_3.2, 6;
    %dup/vec4;
    %pushi/vec4 3, 0, 5;
    %cmp/u;
    %jmp/1 T_3.3, 6;
    %dup/vec4;
    %pushi/vec4 4, 0, 5;
    %cmp/u;
    %jmp/1 T_3.4, 6;
    %dup/vec4;
    %pushi/vec4 5, 0, 5;
    %cmp/u;
    %jmp/1 T_3.5, 6;
    %dup/vec4;
    %pushi/vec4 6, 0, 5;
    %cmp/u;
    %jmp/1 T_3.6, 6;
    %dup/vec4;
    %pushi/vec4 7, 0, 5;
    %cmp/u;
    %jmp/1 T_3.7, 6;
    %dup/vec4;
    %pushi/vec4 8, 0, 5;
    %cmp/u;
    %jmp/1 T_3.8, 6;
    %dup/vec4;
    %pushi/vec4 9, 0, 5;
    %cmp/u;
    %jmp/1 T_3.9, 6;
    %dup/vec4;
    %pushi/vec4 10, 0, 5;
    %cmp/u;
    %jmp/1 T_3.10, 6;
    %dup/vec4;
    %pushi/vec4 11, 0, 5;
    %cmp/u;
    %jmp/1 T_3.11, 6;
    %dup/vec4;
    %pushi/vec4 12, 0, 5;
    %cmp/u;
    %jmp/1 T_3.12, 6;
    %dup/vec4;
    %pushi/vec4 13, 0, 5;
    %cmp/u;
    %jmp/1 T_3.13, 6;
    %dup/vec4;
    %pushi/vec4 14, 0, 5;
    %cmp/u;
    %jmp/1 T_3.14, 6;
    %dup/vec4;
    %pushi/vec4 15, 0, 5;
    %cmp/u;
    %jmp/1 T_3.15, 6;
    %pushi/vec4 192, 0, 8;
    %store/vec4 v0x556a8c96e250_0, 0, 8;
    %jmp T_3.17;
T_3.0 ;
    %pushi/vec4 192, 0, 8;
    %store/vec4 v0x556a8c96e250_0, 0, 8;
    %jmp T_3.17;
T_3.1 ;
    %pushi/vec4 249, 0, 8;
    %store/vec4 v0x556a8c96e250_0, 0, 8;
    %jmp T_3.17;
T_3.2 ;
    %pushi/vec4 164, 0, 8;
    %store/vec4 v0x556a8c96e250_0, 0, 8;
    %jmp T_3.17;
T_3.3 ;
    %pushi/vec4 176, 0, 8;
    %store/vec4 v0x556a8c96e250_0, 0, 8;
    %jmp T_3.17;
T_3.4 ;
    %pushi/vec4 153, 0, 8;
    %store/vec4 v0x556a8c96e250_0, 0, 8;
    %jmp T_3.17;
T_3.5 ;
    %pushi/vec4 146, 0, 8;
    %store/vec4 v0x556a8c96e250_0, 0, 8;
    %jmp T_3.17;
T_3.6 ;
    %pushi/vec4 130, 0, 8;
    %store/vec4 v0x556a8c96e250_0, 0, 8;
    %jmp T_3.17;
T_3.7 ;
    %pushi/vec4 248, 0, 8;
    %store/vec4 v0x556a8c96e250_0, 0, 8;
    %jmp T_3.17;
T_3.8 ;
    %pushi/vec4 128, 0, 8;
    %store/vec4 v0x556a8c96e250_0, 0, 8;
    %jmp T_3.17;
T_3.9 ;
    %pushi/vec4 144, 0, 8;
    %store/vec4 v0x556a8c96e250_0, 0, 8;
    %jmp T_3.17;
T_3.10 ;
    %pushi/vec4 136, 0, 8;
    %store/vec4 v0x556a8c96e250_0, 0, 8;
    %jmp T_3.17;
T_3.11 ;
    %pushi/vec4 131, 0, 8;
    %store/vec4 v0x556a8c96e250_0, 0, 8;
    %jmp T_3.17;
T_3.12 ;
    %pushi/vec4 198, 0, 8;
    %store/vec4 v0x556a8c96e250_0, 0, 8;
    %jmp T_3.17;
T_3.13 ;
    %pushi/vec4 161, 0, 8;
    %store/vec4 v0x556a8c96e250_0, 0, 8;
    %jmp T_3.17;
T_3.14 ;
    %pushi/vec4 134, 0, 8;
    %store/vec4 v0x556a8c96e250_0, 0, 8;
    %jmp T_3.17;
T_3.15 ;
    %pushi/vec4 142, 0, 8;
    %store/vec4 v0x556a8c96e250_0, 0, 8;
    %jmp T_3.17;
T_3.17 ;
    %pop/vec4 1;
    %jmp T_3;
    .thread T_3, $push;
    .scope S_0x556a8c96e590;
T_4 ;
    %wait E_0x556a8c94cdf0;
    %load/vec4 v0x556a8c96e980_0;
    %dup/vec4;
    %pushi/vec4 0, 0, 5;
    %cmp/u;
    %jmp/1 T_4.0, 6;
    %dup/vec4;
    %pushi/vec4 1, 0, 5;
    %cmp/u;
    %jmp/1 T_4.1, 6;
    %dup/vec4;
    %pushi/vec4 2, 0, 5;
    %cmp/u;
    %jmp/1 T_4.2, 6;
    %dup/vec4;
    %pushi/vec4 3, 0, 5;
    %cmp/u;
    %jmp/1 T_4.3, 6;
    %dup/vec4;
    %pushi/vec4 4, 0, 5;
    %cmp/u;
    %jmp/1 T_4.4, 6;
    %dup/vec4;
    %pushi/vec4 5, 0, 5;
    %cmp/u;
    %jmp/1 T_4.5, 6;
    %dup/vec4;
    %pushi/vec4 6, 0, 5;
    %cmp/u;
    %jmp/1 T_4.6, 6;
    %dup/vec4;
    %pushi/vec4 7, 0, 5;
    %cmp/u;
    %jmp/1 T_4.7, 6;
    %dup/vec4;
    %pushi/vec4 8, 0, 5;
    %cmp/u;
    %jmp/1 T_4.8, 6;
    %dup/vec4;
    %pushi/vec4 9, 0, 5;
    %cmp/u;
    %jmp/1 T_4.9, 6;
    %dup/vec4;
    %pushi/vec4 10, 0, 5;
    %cmp/u;
    %jmp/1 T_4.10, 6;
    %dup/vec4;
    %pushi/vec4 11, 0, 5;
    %cmp/u;
    %jmp/1 T_4.11, 6;
    %dup/vec4;
    %pushi/vec4 12, 0, 5;
    %cmp/u;
    %jmp/1 T_4.12, 6;
    %dup/vec4;
    %pushi/vec4 13, 0, 5;
    %cmp/u;
    %jmp/1 T_4.13, 6;
    %dup/vec4;
    %pushi/vec4 14, 0, 5;
    %cmp/u;
    %jmp/1 T_4.14, 6;
    %dup/vec4;
    %pushi/vec4 15, 0, 5;
    %cmp/u;
    %jmp/1 T_4.15, 6;
    %pushi/vec4 192, 0, 8;
    %store/vec4 v0x556a8c96e8a0_0, 0, 8;
    %jmp T_4.17;
T_4.0 ;
    %pushi/vec4 192, 0, 8;
    %store/vec4 v0x556a8c96e8a0_0, 0, 8;
    %jmp T_4.17;
T_4.1 ;
    %pushi/vec4 249, 0, 8;
    %store/vec4 v0x556a8c96e8a0_0, 0, 8;
    %jmp T_4.17;
T_4.2 ;
    %pushi/vec4 164, 0, 8;
    %store/vec4 v0x556a8c96e8a0_0, 0, 8;
    %jmp T_4.17;
T_4.3 ;
    %pushi/vec4 176, 0, 8;
    %store/vec4 v0x556a8c96e8a0_0, 0, 8;
    %jmp T_4.17;
T_4.4 ;
    %pushi/vec4 153, 0, 8;
    %store/vec4 v0x556a8c96e8a0_0, 0, 8;
    %jmp T_4.17;
T_4.5 ;
    %pushi/vec4 146, 0, 8;
    %store/vec4 v0x556a8c96e8a0_0, 0, 8;
    %jmp T_4.17;
T_4.6 ;
    %pushi/vec4 130, 0, 8;
    %store/vec4 v0x556a8c96e8a0_0, 0, 8;
    %jmp T_4.17;
T_4.7 ;
    %pushi/vec4 248, 0, 8;
    %store/vec4 v0x556a8c96e8a0_0, 0, 8;
    %jmp T_4.17;
T_4.8 ;
    %pushi/vec4 128, 0, 8;
    %store/vec4 v0x556a8c96e8a0_0, 0, 8;
    %jmp T_4.17;
T_4.9 ;
    %pushi/vec4 144, 0, 8;
    %store/vec4 v0x556a8c96e8a0_0, 0, 8;
    %jmp T_4.17;
T_4.10 ;
    %pushi/vec4 136, 0, 8;
    %store/vec4 v0x556a8c96e8a0_0, 0, 8;
    %jmp T_4.17;
T_4.11 ;
    %pushi/vec4 131, 0, 8;
    %store/vec4 v0x556a8c96e8a0_0, 0, 8;
    %jmp T_4.17;
T_4.12 ;
    %pushi/vec4 198, 0, 8;
    %store/vec4 v0x556a8c96e8a0_0, 0, 8;
    %jmp T_4.17;
T_4.13 ;
    %pushi/vec4 161, 0, 8;
    %store/vec4 v0x556a8c96e8a0_0, 0, 8;
    %jmp T_4.17;
T_4.14 ;
    %pushi/vec4 134, 0, 8;
    %store/vec4 v0x556a8c96e8a0_0, 0, 8;
    %jmp T_4.17;
T_4.15 ;
    %pushi/vec4 142, 0, 8;
    %store/vec4 v0x556a8c96e8a0_0, 0, 8;
    %jmp T_4.17;
T_4.17 ;
    %pop/vec4 1;
    %jmp T_4;
    .thread T_4, $push;
    .scope S_0x556a8c96ebb0;
T_5 ;
    %wait E_0x556a8c96edf0;
    %load/vec4 v0x556a8c96f030_0;
    %dup/vec4;
    %pushi/vec4 0, 0, 5;
    %cmp/u;
    %jmp/1 T_5.0, 6;
    %dup/vec4;
    %pushi/vec4 1, 0, 5;
    %cmp/u;
    %jmp/1 T_5.1, 6;
    %dup/vec4;
    %pushi/vec4 2, 0, 5;
    %cmp/u;
    %jmp/1 T_5.2, 6;
    %dup/vec4;
    %pushi/vec4 3, 0, 5;
    %cmp/u;
    %jmp/1 T_5.3, 6;
    %dup/vec4;
    %pushi/vec4 4, 0, 5;
    %cmp/u;
    %jmp/1 T_5.4, 6;
    %dup/vec4;
    %pushi/vec4 5, 0, 5;
    %cmp/u;
    %jmp/1 T_5.5, 6;
    %dup/vec4;
    %pushi/vec4 6, 0, 5;
    %cmp/u;
    %jmp/1 T_5.6, 6;
    %dup/vec4;
    %pushi/vec4 7, 0, 5;
    %cmp/u;
    %jmp/1 T_5.7, 6;
    %dup/vec4;
    %pushi/vec4 8, 0, 5;
    %cmp/u;
    %jmp/1 T_5.8, 6;
    %dup/vec4;
    %pushi/vec4 9, 0, 5;
    %cmp/u;
    %jmp/1 T_5.9, 6;
    %dup/vec4;
    %pushi/vec4 10, 0, 5;
    %cmp/u;
    %jmp/1 T_5.10, 6;
    %dup/vec4;
    %pushi/vec4 11, 0, 5;
    %cmp/u;
    %jmp/1 T_5.11, 6;
    %dup/vec4;
    %pushi/vec4 12, 0, 5;
    %cmp/u;
    %jmp/1 T_5.12, 6;
    %dup/vec4;
    %pushi/vec4 13, 0, 5;
    %cmp/u;
    %jmp/1 T_5.13, 6;
    %dup/vec4;
    %pushi/vec4 14, 0, 5;
    %cmp/u;
    %jmp/1 T_5.14, 6;
    %dup/vec4;
    %pushi/vec4 15, 0, 5;
    %cmp/u;
    %jmp/1 T_5.15, 6;
    %pushi/vec4 192, 0, 8;
    %store/vec4 v0x556a8c96ef50_0, 0, 8;
    %jmp T_5.17;
T_5.0 ;
    %pushi/vec4 192, 0, 8;
    %store/vec4 v0x556a8c96ef50_0, 0, 8;
    %jmp T_5.17;
T_5.1 ;
    %pushi/vec4 249, 0, 8;
    %store/vec4 v0x556a8c96ef50_0, 0, 8;
    %jmp T_5.17;
T_5.2 ;
    %pushi/vec4 164, 0, 8;
    %store/vec4 v0x556a8c96ef50_0, 0, 8;
    %jmp T_5.17;
T_5.3 ;
    %pushi/vec4 176, 0, 8;
    %store/vec4 v0x556a8c96ef50_0, 0, 8;
    %jmp T_5.17;
T_5.4 ;
    %pushi/vec4 153, 0, 8;
    %store/vec4 v0x556a8c96ef50_0, 0, 8;
    %jmp T_5.17;
T_5.5 ;
    %pushi/vec4 146, 0, 8;
    %store/vec4 v0x556a8c96ef50_0, 0, 8;
    %jmp T_5.17;
T_5.6 ;
    %pushi/vec4 130, 0, 8;
    %store/vec4 v0x556a8c96ef50_0, 0, 8;
    %jmp T_5.17;
T_5.7 ;
    %pushi/vec4 248, 0, 8;
    %store/vec4 v0x556a8c96ef50_0, 0, 8;
    %jmp T_5.17;
T_5.8 ;
    %pushi/vec4 128, 0, 8;
    %store/vec4 v0x556a8c96ef50_0, 0, 8;
    %jmp T_5.17;
T_5.9 ;
    %pushi/vec4 144, 0, 8;
    %store/vec4 v0x556a8c96ef50_0, 0, 8;
    %jmp T_5.17;
T_5.10 ;
    %pushi/vec4 136, 0, 8;
    %store/vec4 v0x556a8c96ef50_0, 0, 8;
    %jmp T_5.17;
T_5.11 ;
    %pushi/vec4 131, 0, 8;
    %store/vec4 v0x556a8c96ef50_0, 0, 8;
    %jmp T_5.17;
T_5.12 ;
    %pushi/vec4 198, 0, 8;
    %store/vec4 v0x556a8c96ef50_0, 0, 8;
    %jmp T_5.17;
T_5.13 ;
    %pushi/vec4 161, 0, 8;
    %store/vec4 v0x556a8c96ef50_0, 0, 8;
    %jmp T_5.17;
T_5.14 ;
    %pushi/vec4 134, 0, 8;
    %store/vec4 v0x556a8c96ef50_0, 0, 8;
    %jmp T_5.17;
T_5.15 ;
    %pushi/vec4 142, 0, 8;
    %store/vec4 v0x556a8c96ef50_0, 0, 8;
    %jmp T_5.17;
T_5.17 ;
    %pop/vec4 1;
    %jmp T_5;
    .thread T_5, $push;
# The file index is used to find the file name in the following table.
:file_names 6;
    "N/A";
    "<interactive>";
    "Complete.v";
    "birthdays.v";
    "hex_driver.v";
    "switch_led.v";
