#! /usr/bin/vvp
:ivl_version "10.1 (stable)";
:ivl_delay_selection "TYPICAL";
:vpi_time_precision + 0;
:vpi_module "system";
:vpi_module "vhdl_sys";
:vpi_module "v2005_math";
:vpi_module "va_math";
S_0x56158bc2b600 .scope module, "Complete" "Complete" 2 6;
 .timescale 0 0;
    .port_info 0 /INPUT 1 "ADC_CLK_10"
    .port_info 1 /INPUT 1 "MAX10_CLK1_50"
    .port_info 2 /INPUT 1 "MAX10_CLK2_50"
    .port_info 3 /OUTPUT 8 "HEX0"
    .port_info 4 /OUTPUT 8 "HEX1"
    .port_info 5 /OUTPUT 8 "HEX2"
    .port_info 6 /OUTPUT 8 "HEX3"
    .port_info 7 /OUTPUT 8 "HEX4"
    .port_info 8 /OUTPUT 8 "HEX5"
    .port_info 9 /INPUT 2 "KEY"
    .port_info 10 /OUTPUT 10 "LEDR"
    .port_info 11 /INPUT 10 "SW"
o0x7f4d14084b58 .functor BUFZ 1, C4<z>; HiZ drive
v0x56158bc4e2d0_0 .net "ADC_CLK_10", 0 0, o0x7f4d14084b58;  0 drivers
o0x7f4d14084b88 .functor BUFZ 8, C4<zzzzzzzz>; HiZ drive
v0x56158bc4e3b0_0 .net "HEX0", 7 0, o0x7f4d14084b88;  0 drivers
o0x7f4d14084bb8 .functor BUFZ 8, C4<zzzzzzzz>; HiZ drive
v0x56158bc4e490_0 .net "HEX1", 7 0, o0x7f4d14084bb8;  0 drivers
v0x56158bc4e580_0 .net "HEX2", 7 0, v0x56158bc4b640_0;  1 drivers
v0x56158bc4e640_0 .net "HEX3", 7 0, v0x56158bc4bd40_0;  1 drivers
v0x56158bc4e7a0_0 .net "HEX4", 7 0, v0x56158bc4c450_0;  1 drivers
v0x56158bc4e8b0_0 .net "HEX5", 7 0, v0x56158bc4cc00_0;  1 drivers
o0x7f4d14084be8 .functor BUFZ 2, C4<zz>; HiZ drive
v0x56158bc4e9c0_0 .net "KEY", 1 0, o0x7f4d14084be8;  0 drivers
o0x7f4d14084c18 .functor BUFZ 10, C4<zzzzzzzzzz>; HiZ drive
v0x56158bc4eaa0_0 .net "LEDR", 9 0, o0x7f4d14084c18;  0 drivers
o0x7f4d14084c48 .functor BUFZ 1, C4<z>; HiZ drive
v0x56158bc4eb80_0 .net "MAX10_CLK1_50", 0 0, o0x7f4d14084c48;  0 drivers
o0x7f4d14084c78 .functor BUFZ 1, C4<z>; HiZ drive
v0x56158bc4ec40_0 .net "MAX10_CLK2_50", 0 0, o0x7f4d14084c78;  0 drivers
o0x7f4d14084798 .functor BUFZ 10, C4<zzzzzzzzzz>; HiZ drive
v0x56158bc4ed00_0 .net "SW", 9 0, o0x7f4d14084798;  0 drivers
S_0x56158bc2b8b0 .scope module, "U0" "slide_in" 2 44, 3 1 0, S_0x56158bc2b600;
 .timescale 0 0;
    .port_info 0 /INPUT 10 "SW"
    .port_info 1 /OUTPUT 8 "HEX5"
    .port_info 2 /OUTPUT 8 "HEX4"
    .port_info 3 /OUTPUT 8 "HEX3"
    .port_info 4 /OUTPUT 8 "HEX2"
    .port_info 5 /OUTPUT 4 "x"
    .port_info 6 /OUTPUT 4 "y"
L_0x56158bc09880 .functor NOT 1, L_0x56158bc4fb90, C4<0>, C4<0>, C4<0>;
L_0x56158bc4fc30 .functor NOT 1, L_0x56158bc4fde0, C4<0>, C4<0>, C4<0>;
v0x56158bc4d040_0 .net "HEX2", 7 0, v0x56158bc4b640_0;  alias, 1 drivers
v0x56158bc4d120_0 .net "HEX3", 7 0, v0x56158bc4bd40_0;  alias, 1 drivers
v0x56158bc4d1f0_0 .net "HEX4", 7 0, v0x56158bc4c450_0;  alias, 1 drivers
v0x56158bc4d2f0_0 .net "HEX5", 7 0, v0x56158bc4cc00_0;  alias, 1 drivers
v0x56158bc4d3c0_0 .net "SW", 9 0, o0x7f4d14084798;  alias, 0 drivers
v0x56158bc4d4b0_0 .net *"_s11", 0 0, L_0x56158bc4f0d0;  1 drivers
v0x56158bc4d590_0 .net *"_s16", 0 0, L_0x56158bc4f370;  1 drivers
v0x56158bc4d670_0 .net *"_s20", 0 0, L_0x56158bc4f460;  1 drivers
v0x56158bc4d750_0 .net *"_s24", 0 0, L_0x56158bc4f540;  1 drivers
v0x56158bc4d830_0 .net *"_s28", 0 0, L_0x56158bc4f5e0;  1 drivers
v0x56158bc4d910_0 .net *"_s3", 0 0, L_0x56158bc4ef90;  1 drivers
v0x56158bc4d9f0_0 .net *"_s33", 0 0, L_0x56158bc4f9a0;  1 drivers
v0x56158bc4dad0_0 .net *"_s37", 0 0, L_0x56158bc4fb90;  1 drivers
v0x56158bc4dbb0_0 .net *"_s43", 0 0, L_0x56158bc4fde0;  1 drivers
v0x56158bc4dc90_0 .net *"_s7", 0 0, L_0x56158bc4f030;  1 drivers
v0x56158bc4dd70_0 .var "a", 3 0;
v0x56158bc4de30_0 .var "b", 3 0;
v0x56158bc4e010_0 .net "x", 3 0, L_0x56158bc4f200;  1 drivers
v0x56158bc4e0d0_0 .net "y", 3 0, L_0x56158bc4f7e0;  1 drivers
E_0x56158bbd2ce0 .event edge, v0x56158bc4e0d0_0, v0x56158bc4e010_0;
L_0x56158bc4ef90 .part o0x7f4d14084798, 7, 1;
L_0x56158bc4f030 .part o0x7f4d14084798, 6, 1;
L_0x56158bc4f0d0 .part o0x7f4d14084798, 5, 1;
L_0x56158bc4f200 .concat8 [ 1 1 1 1], L_0x56158bc4ef90, L_0x56158bc4f030, L_0x56158bc4f0d0, L_0x56158bc4f370;
L_0x56158bc4f370 .part o0x7f4d14084798, 4, 1;
L_0x56158bc4f460 .part o0x7f4d14084798, 3, 1;
L_0x56158bc4f540 .part o0x7f4d14084798, 2, 1;
L_0x56158bc4f5e0 .part o0x7f4d14084798, 1, 1;
L_0x56158bc4f7e0 .concat8 [ 1 1 1 1], L_0x56158bc4f460, L_0x56158bc4f540, L_0x56158bc4f5e0, L_0x56158bc4f9a0;
L_0x56158bc4f9a0 .part o0x7f4d14084798, 0, 1;
L_0x56158bc4faf0 .part L_0x56158bc4f200, 0, 1;
L_0x56158bc4fb90 .part L_0x56158bc4f200, 0, 1;
L_0x56158bc4fcf0 .part L_0x56158bc4f7e0, 0, 1;
L_0x56158bc4fde0 .part L_0x56158bc4f7e0, 0, 1;
S_0x56158bc2bae0 .scope module, "H2" "hex_driver" 3 61, 4 10 0, S_0x56158bc2b8b0;
 .timescale 0 0;
    .port_info 0 /INPUT 4 "NUM"
    .port_info 1 /INPUT 1 "DEC"
    .port_info 2 /INPUT 1 "SIGN"
    .port_info 3 /INPUT 1 "OFF"
    .port_info 4 /OUTPUT 8 "HEX"
o0x7f4d14084018 .functor BUFZ 1, C4<z>; HiZ drive
v0x56158bc2bc60_0 .net "DEC", 0 0, o0x7f4d14084018;  0 drivers
v0x56158bc4b640_0 .var "HEX", 7 0;
v0x56158bc4b720_0 .net "NUM", 3 0, v0x56158bc4de30_0;  1 drivers
o0x7f4d140840a8 .functor BUFZ 1, C4<z>; HiZ drive
v0x56158bc4b7e0_0 .net "OFF", 0 0, o0x7f4d140840a8;  0 drivers
o0x7f4d140840d8 .functor BUFZ 1, C4<z>; HiZ drive
v0x56158bc4b8a0_0 .net "SIGN", 0 0, o0x7f4d140840d8;  0 drivers
E_0x56158bc09840 .event edge, v0x56158bc4b8a0_0, v0x56158bc2bc60_0, v0x56158bc4b720_0;
S_0x56158bc4ba50 .scope module, "H3" "hex_driver" 3 34, 4 10 0, S_0x56158bc2b8b0;
 .timescale 0 0;
    .port_info 0 /INPUT 4 "NUM"
    .port_info 1 /INPUT 1 "DEC"
    .port_info 2 /INPUT 1 "SIGN"
    .port_info 3 /INPUT 1 "OFF"
    .port_info 4 /OUTPUT 8 "HEX"
o0x7f4d140841f8 .functor BUFZ 1, C4<z>; HiZ drive
v0x56158bc4bc60_0 .net "DEC", 0 0, o0x7f4d140841f8;  0 drivers
v0x56158bc4bd40_0 .var "HEX", 7 0;
o0x7f4d14084258 .functor BUFZ 4, C4<zzzz>; HiZ drive
v0x56158bc4be20_0 .net "NUM", 3 0, o0x7f4d14084258;  0 drivers
v0x56158bc4bee0_0 .net "OFF", 0 0, L_0x56158bc4fc30;  1 drivers
v0x56158bc4bfa0_0 .net "SIGN", 0 0, L_0x56158bc4fcf0;  1 drivers
E_0x56158bc1b870 .event edge, v0x56158bc4bfa0_0, v0x56158bc4bc60_0, v0x56158bc4be20_0;
S_0x56158bc4c150 .scope module, "H4" "hex_driver" 3 56, 4 10 0, S_0x56158bc2b8b0;
 .timescale 0 0;
    .port_info 0 /INPUT 4 "NUM"
    .port_info 1 /INPUT 1 "DEC"
    .port_info 2 /INPUT 1 "SIGN"
    .port_info 3 /INPUT 1 "OFF"
    .port_info 4 /OUTPUT 8 "HEX"
o0x7f4d140843d8 .functor BUFZ 1, C4<z>; HiZ drive
v0x56158bc4c370_0 .net "DEC", 0 0, o0x7f4d140843d8;  0 drivers
v0x56158bc4c450_0 .var "HEX", 7 0;
v0x56158bc4c530_0 .net "NUM", 3 0, v0x56158bc4dd70_0;  1 drivers
o0x7f4d14084468 .functor BUFZ 1, C4<z>; HiZ drive
v0x56158bc4c620_0 .net "OFF", 0 0, o0x7f4d14084468;  0 drivers
o0x7f4d14084498 .functor BUFZ 1, C4<z>; HiZ drive
v0x56158bc4c6e0_0 .net "SIGN", 0 0, o0x7f4d14084498;  0 drivers
E_0x56158bc2aa30 .event edge, v0x56158bc4c6e0_0, v0x56158bc4c370_0, v0x56158bc4c530_0;
S_0x56158bc4c890 .scope module, "H5" "hex_driver" 3 28, 4 10 0, S_0x56158bc2b8b0;
 .timescale 0 0;
    .port_info 0 /INPUT 4 "NUM"
    .port_info 1 /INPUT 1 "DEC"
    .port_info 2 /INPUT 1 "SIGN"
    .port_info 3 /INPUT 1 "OFF"
    .port_info 4 /OUTPUT 8 "HEX"
o0x7f4d140845b8 .functor BUFZ 1, C4<z>; HiZ drive
v0x56158bc4cb20_0 .net "DEC", 0 0, o0x7f4d140845b8;  0 drivers
v0x56158bc4cc00_0 .var "HEX", 7 0;
o0x7f4d14084618 .functor BUFZ 4, C4<zzzz>; HiZ drive
v0x56158bc4cce0_0 .net "NUM", 3 0, o0x7f4d14084618;  0 drivers
v0x56158bc4cdd0_0 .net "OFF", 0 0, L_0x56158bc09880;  1 drivers
v0x56158bc4ce90_0 .net "SIGN", 0 0, L_0x56158bc4faf0;  1 drivers
E_0x56158bc2aa70 .event edge, v0x56158bc4ce90_0, v0x56158bc4cb20_0, v0x56158bc4cce0_0;
    .scope S_0x56158bc4c890;
T_0 ;
    %wait E_0x56158bc2aa70;
    %load/vec4 v0x56158bc4ce90_0;
    %inv;
    %flag_set/vec4 8;
    %jmp/0xz  T_0.0, 8;
    %pushi/vec4 255, 0, 8;
    %store/vec4 v0x56158bc4cc00_0, 0, 8;
T_0.0 ;
    %load/vec4 v0x56158bc4cce0_0;
    %dup/vec4;
    %pushi/vec4 0, 0, 4;
    %cmp/u;
    %jmp/1 T_0.2, 6;
    %dup/vec4;
    %pushi/vec4 1, 0, 4;
    %cmp/u;
    %jmp/1 T_0.3, 6;
    %dup/vec4;
    %pushi/vec4 2, 0, 4;
    %cmp/u;
    %jmp/1 T_0.4, 6;
    %dup/vec4;
    %pushi/vec4 3, 0, 4;
    %cmp/u;
    %jmp/1 T_0.5, 6;
    %dup/vec4;
    %pushi/vec4 4, 0, 4;
    %cmp/u;
    %jmp/1 T_0.6, 6;
    %dup/vec4;
    %pushi/vec4 5, 0, 4;
    %cmp/u;
    %jmp/1 T_0.7, 6;
    %dup/vec4;
    %pushi/vec4 6, 0, 4;
    %cmp/u;
    %jmp/1 T_0.8, 6;
    %dup/vec4;
    %pushi/vec4 7, 0, 4;
    %cmp/u;
    %jmp/1 T_0.9, 6;
    %dup/vec4;
    %pushi/vec4 8, 0, 4;
    %cmp/u;
    %jmp/1 T_0.10, 6;
    %dup/vec4;
    %pushi/vec4 9, 0, 4;
    %cmp/u;
    %jmp/1 T_0.11, 6;
    %dup/vec4;
    %pushi/vec4 10, 0, 4;
    %cmp/u;
    %jmp/1 T_0.12, 6;
    %dup/vec4;
    %pushi/vec4 11, 0, 4;
    %cmp/u;
    %jmp/1 T_0.13, 6;
    %dup/vec4;
    %pushi/vec4 12, 0, 4;
    %cmp/u;
    %jmp/1 T_0.14, 6;
    %dup/vec4;
    %pushi/vec4 13, 0, 4;
    %cmp/u;
    %jmp/1 T_0.15, 6;
    %dup/vec4;
    %pushi/vec4 14, 0, 4;
    %cmp/u;
    %jmp/1 T_0.16, 6;
    %dup/vec4;
    %pushi/vec4 15, 0, 4;
    %cmp/u;
    %jmp/1 T_0.17, 6;
    %pushi/vec4 255, 0, 8;
    %store/vec4 v0x56158bc4cc00_0, 0, 8;
    %jmp T_0.19;
T_0.2 ;
    %pushi/vec4 192, 0, 8;
    %store/vec4 v0x56158bc4cc00_0, 0, 8;
    %jmp T_0.19;
T_0.3 ;
    %pushi/vec4 249, 0, 8;
    %store/vec4 v0x56158bc4cc00_0, 0, 8;
    %jmp T_0.19;
T_0.4 ;
    %pushi/vec4 164, 0, 8;
    %store/vec4 v0x56158bc4cc00_0, 0, 8;
    %jmp T_0.19;
T_0.5 ;
    %pushi/vec4 176, 0, 8;
    %store/vec4 v0x56158bc4cc00_0, 0, 8;
    %jmp T_0.19;
T_0.6 ;
    %pushi/vec4 153, 0, 8;
    %store/vec4 v0x56158bc4cc00_0, 0, 8;
    %jmp T_0.19;
T_0.7 ;
    %pushi/vec4 146, 0, 8;
    %store/vec4 v0x56158bc4cc00_0, 0, 8;
    %jmp T_0.19;
T_0.8 ;
    %pushi/vec4 130, 0, 8;
    %store/vec4 v0x56158bc4cc00_0, 0, 8;
    %jmp T_0.19;
T_0.9 ;
    %pushi/vec4 248, 0, 8;
    %store/vec4 v0x56158bc4cc00_0, 0, 8;
    %jmp T_0.19;
T_0.10 ;
    %pushi/vec4 128, 0, 8;
    %store/vec4 v0x56158bc4cc00_0, 0, 8;
    %jmp T_0.19;
T_0.11 ;
    %pushi/vec4 144, 0, 8;
    %store/vec4 v0x56158bc4cc00_0, 0, 8;
    %jmp T_0.19;
T_0.12 ;
    %pushi/vec4 136, 0, 8;
    %store/vec4 v0x56158bc4cc00_0, 0, 8;
    %jmp T_0.19;
T_0.13 ;
    %pushi/vec4 131, 0, 8;
    %store/vec4 v0x56158bc4cc00_0, 0, 8;
    %jmp T_0.19;
T_0.14 ;
    %pushi/vec4 198, 0, 8;
    %store/vec4 v0x56158bc4cc00_0, 0, 8;
    %jmp T_0.19;
T_0.15 ;
    %pushi/vec4 161, 0, 8;
    %store/vec4 v0x56158bc4cc00_0, 0, 8;
    %jmp T_0.19;
T_0.16 ;
    %pushi/vec4 134, 0, 8;
    %store/vec4 v0x56158bc4cc00_0, 0, 8;
    %jmp T_0.19;
T_0.17 ;
    %pushi/vec4 142, 0, 8;
    %store/vec4 v0x56158bc4cc00_0, 0, 8;
    %jmp T_0.19;
T_0.19 ;
    %pop/vec4 1;
    %load/vec4 v0x56158bc4ce90_0;
    %flag_set/vec4 8;
    %jmp/0xz  T_0.20, 8;
    %pushi/vec4 191, 0, 8;
    %store/vec4 v0x56158bc4cc00_0, 0, 8;
T_0.20 ;
    %load/vec4 v0x56158bc4cdd0_0;
    %flag_set/vec4 8;
    %jmp/0xz  T_0.22, 8;
    %pushi/vec4 255, 0, 8;
    %store/vec4 v0x56158bc4cc00_0, 0, 8;
T_0.22 ;
    %load/vec4 v0x56158bc4cb20_0;
    %flag_set/vec4 8;
    %jmp/0xz  T_0.24, 8;
    %load/vec4 v0x56158bc4cc00_0;
    %pushi/vec4 127, 0, 8;
    %and;
    %store/vec4 v0x56158bc4cc00_0, 0, 8;
T_0.24 ;
    %jmp T_0;
    .thread T_0, $push;
    .scope S_0x56158bc4ba50;
T_1 ;
    %wait E_0x56158bc1b870;
    %load/vec4 v0x56158bc4bfa0_0;
    %inv;
    %flag_set/vec4 8;
    %jmp/0xz  T_1.0, 8;
    %pushi/vec4 255, 0, 8;
    %store/vec4 v0x56158bc4bd40_0, 0, 8;
T_1.0 ;
    %load/vec4 v0x56158bc4be20_0;
    %dup/vec4;
    %pushi/vec4 0, 0, 4;
    %cmp/u;
    %jmp/1 T_1.2, 6;
    %dup/vec4;
    %pushi/vec4 1, 0, 4;
    %cmp/u;
    %jmp/1 T_1.3, 6;
    %dup/vec4;
    %pushi/vec4 2, 0, 4;
    %cmp/u;
    %jmp/1 T_1.4, 6;
    %dup/vec4;
    %pushi/vec4 3, 0, 4;
    %cmp/u;
    %jmp/1 T_1.5, 6;
    %dup/vec4;
    %pushi/vec4 4, 0, 4;
    %cmp/u;
    %jmp/1 T_1.6, 6;
    %dup/vec4;
    %pushi/vec4 5, 0, 4;
    %cmp/u;
    %jmp/1 T_1.7, 6;
    %dup/vec4;
    %pushi/vec4 6, 0, 4;
    %cmp/u;
    %jmp/1 T_1.8, 6;
    %dup/vec4;
    %pushi/vec4 7, 0, 4;
    %cmp/u;
    %jmp/1 T_1.9, 6;
    %dup/vec4;
    %pushi/vec4 8, 0, 4;
    %cmp/u;
    %jmp/1 T_1.10, 6;
    %dup/vec4;
    %pushi/vec4 9, 0, 4;
    %cmp/u;
    %jmp/1 T_1.11, 6;
    %dup/vec4;
    %pushi/vec4 10, 0, 4;
    %cmp/u;
    %jmp/1 T_1.12, 6;
    %dup/vec4;
    %pushi/vec4 11, 0, 4;
    %cmp/u;
    %jmp/1 T_1.13, 6;
    %dup/vec4;
    %pushi/vec4 12, 0, 4;
    %cmp/u;
    %jmp/1 T_1.14, 6;
    %dup/vec4;
    %pushi/vec4 13, 0, 4;
    %cmp/u;
    %jmp/1 T_1.15, 6;
    %dup/vec4;
    %pushi/vec4 14, 0, 4;
    %cmp/u;
    %jmp/1 T_1.16, 6;
    %dup/vec4;
    %pushi/vec4 15, 0, 4;
    %cmp/u;
    %jmp/1 T_1.17, 6;
    %pushi/vec4 255, 0, 8;
    %store/vec4 v0x56158bc4bd40_0, 0, 8;
    %jmp T_1.19;
T_1.2 ;
    %pushi/vec4 192, 0, 8;
    %store/vec4 v0x56158bc4bd40_0, 0, 8;
    %jmp T_1.19;
T_1.3 ;
    %pushi/vec4 249, 0, 8;
    %store/vec4 v0x56158bc4bd40_0, 0, 8;
    %jmp T_1.19;
T_1.4 ;
    %pushi/vec4 164, 0, 8;
    %store/vec4 v0x56158bc4bd40_0, 0, 8;
    %jmp T_1.19;
T_1.5 ;
    %pushi/vec4 176, 0, 8;
    %store/vec4 v0x56158bc4bd40_0, 0, 8;
    %jmp T_1.19;
T_1.6 ;
    %pushi/vec4 153, 0, 8;
    %store/vec4 v0x56158bc4bd40_0, 0, 8;
    %jmp T_1.19;
T_1.7 ;
    %pushi/vec4 146, 0, 8;
    %store/vec4 v0x56158bc4bd40_0, 0, 8;
    %jmp T_1.19;
T_1.8 ;
    %pushi/vec4 130, 0, 8;
    %store/vec4 v0x56158bc4bd40_0, 0, 8;
    %jmp T_1.19;
T_1.9 ;
    %pushi/vec4 248, 0, 8;
    %store/vec4 v0x56158bc4bd40_0, 0, 8;
    %jmp T_1.19;
T_1.10 ;
    %pushi/vec4 128, 0, 8;
    %store/vec4 v0x56158bc4bd40_0, 0, 8;
    %jmp T_1.19;
T_1.11 ;
    %pushi/vec4 144, 0, 8;
    %store/vec4 v0x56158bc4bd40_0, 0, 8;
    %jmp T_1.19;
T_1.12 ;
    %pushi/vec4 136, 0, 8;
    %store/vec4 v0x56158bc4bd40_0, 0, 8;
    %jmp T_1.19;
T_1.13 ;
    %pushi/vec4 131, 0, 8;
    %store/vec4 v0x56158bc4bd40_0, 0, 8;
    %jmp T_1.19;
T_1.14 ;
    %pushi/vec4 198, 0, 8;
    %store/vec4 v0x56158bc4bd40_0, 0, 8;
    %jmp T_1.19;
T_1.15 ;
    %pushi/vec4 161, 0, 8;
    %store/vec4 v0x56158bc4bd40_0, 0, 8;
    %jmp T_1.19;
T_1.16 ;
    %pushi/vec4 134, 0, 8;
    %store/vec4 v0x56158bc4bd40_0, 0, 8;
    %jmp T_1.19;
T_1.17 ;
    %pushi/vec4 142, 0, 8;
    %store/vec4 v0x56158bc4bd40_0, 0, 8;
    %jmp T_1.19;
T_1.19 ;
    %pop/vec4 1;
    %load/vec4 v0x56158bc4bfa0_0;
    %flag_set/vec4 8;
    %jmp/0xz  T_1.20, 8;
    %pushi/vec4 191, 0, 8;
    %store/vec4 v0x56158bc4bd40_0, 0, 8;
T_1.20 ;
    %load/vec4 v0x56158bc4bee0_0;
    %flag_set/vec4 8;
    %jmp/0xz  T_1.22, 8;
    %pushi/vec4 255, 0, 8;
    %store/vec4 v0x56158bc4bd40_0, 0, 8;
T_1.22 ;
    %load/vec4 v0x56158bc4bc60_0;
    %flag_set/vec4 8;
    %jmp/0xz  T_1.24, 8;
    %load/vec4 v0x56158bc4bd40_0;
    %pushi/vec4 127, 0, 8;
    %and;
    %store/vec4 v0x56158bc4bd40_0, 0, 8;
T_1.24 ;
    %jmp T_1;
    .thread T_1, $push;
    .scope S_0x56158bc4c150;
T_2 ;
    %wait E_0x56158bc2aa30;
    %load/vec4 v0x56158bc4c6e0_0;
    %inv;
    %flag_set/vec4 8;
    %jmp/0xz  T_2.0, 8;
    %pushi/vec4 255, 0, 8;
    %store/vec4 v0x56158bc4c450_0, 0, 8;
T_2.0 ;
    %load/vec4 v0x56158bc4c530_0;
    %dup/vec4;
    %pushi/vec4 0, 0, 4;
    %cmp/u;
    %jmp/1 T_2.2, 6;
    %dup/vec4;
    %pushi/vec4 1, 0, 4;
    %cmp/u;
    %jmp/1 T_2.3, 6;
    %dup/vec4;
    %pushi/vec4 2, 0, 4;
    %cmp/u;
    %jmp/1 T_2.4, 6;
    %dup/vec4;
    %pushi/vec4 3, 0, 4;
    %cmp/u;
    %jmp/1 T_2.5, 6;
    %dup/vec4;
    %pushi/vec4 4, 0, 4;
    %cmp/u;
    %jmp/1 T_2.6, 6;
    %dup/vec4;
    %pushi/vec4 5, 0, 4;
    %cmp/u;
    %jmp/1 T_2.7, 6;
    %dup/vec4;
    %pushi/vec4 6, 0, 4;
    %cmp/u;
    %jmp/1 T_2.8, 6;
    %dup/vec4;
    %pushi/vec4 7, 0, 4;
    %cmp/u;
    %jmp/1 T_2.9, 6;
    %dup/vec4;
    %pushi/vec4 8, 0, 4;
    %cmp/u;
    %jmp/1 T_2.10, 6;
    %dup/vec4;
    %pushi/vec4 9, 0, 4;
    %cmp/u;
    %jmp/1 T_2.11, 6;
    %dup/vec4;
    %pushi/vec4 10, 0, 4;
    %cmp/u;
    %jmp/1 T_2.12, 6;
    %dup/vec4;
    %pushi/vec4 11, 0, 4;
    %cmp/u;
    %jmp/1 T_2.13, 6;
    %dup/vec4;
    %pushi/vec4 12, 0, 4;
    %cmp/u;
    %jmp/1 T_2.14, 6;
    %dup/vec4;
    %pushi/vec4 13, 0, 4;
    %cmp/u;
    %jmp/1 T_2.15, 6;
    %dup/vec4;
    %pushi/vec4 14, 0, 4;
    %cmp/u;
    %jmp/1 T_2.16, 6;
    %dup/vec4;
    %pushi/vec4 15, 0, 4;
    %cmp/u;
    %jmp/1 T_2.17, 6;
    %pushi/vec4 255, 0, 8;
    %store/vec4 v0x56158bc4c450_0, 0, 8;
    %jmp T_2.19;
T_2.2 ;
    %pushi/vec4 192, 0, 8;
    %store/vec4 v0x56158bc4c450_0, 0, 8;
    %jmp T_2.19;
T_2.3 ;
    %pushi/vec4 249, 0, 8;
    %store/vec4 v0x56158bc4c450_0, 0, 8;
    %jmp T_2.19;
T_2.4 ;
    %pushi/vec4 164, 0, 8;
    %store/vec4 v0x56158bc4c450_0, 0, 8;
    %jmp T_2.19;
T_2.5 ;
    %pushi/vec4 176, 0, 8;
    %store/vec4 v0x56158bc4c450_0, 0, 8;
    %jmp T_2.19;
T_2.6 ;
    %pushi/vec4 153, 0, 8;
    %store/vec4 v0x56158bc4c450_0, 0, 8;
    %jmp T_2.19;
T_2.7 ;
    %pushi/vec4 146, 0, 8;
    %store/vec4 v0x56158bc4c450_0, 0, 8;
    %jmp T_2.19;
T_2.8 ;
    %pushi/vec4 130, 0, 8;
    %store/vec4 v0x56158bc4c450_0, 0, 8;
    %jmp T_2.19;
T_2.9 ;
    %pushi/vec4 248, 0, 8;
    %store/vec4 v0x56158bc4c450_0, 0, 8;
    %jmp T_2.19;
T_2.10 ;
    %pushi/vec4 128, 0, 8;
    %store/vec4 v0x56158bc4c450_0, 0, 8;
    %jmp T_2.19;
T_2.11 ;
    %pushi/vec4 144, 0, 8;
    %store/vec4 v0x56158bc4c450_0, 0, 8;
    %jmp T_2.19;
T_2.12 ;
    %pushi/vec4 136, 0, 8;
    %store/vec4 v0x56158bc4c450_0, 0, 8;
    %jmp T_2.19;
T_2.13 ;
    %pushi/vec4 131, 0, 8;
    %store/vec4 v0x56158bc4c450_0, 0, 8;
    %jmp T_2.19;
T_2.14 ;
    %pushi/vec4 198, 0, 8;
    %store/vec4 v0x56158bc4c450_0, 0, 8;
    %jmp T_2.19;
T_2.15 ;
    %pushi/vec4 161, 0, 8;
    %store/vec4 v0x56158bc4c450_0, 0, 8;
    %jmp T_2.19;
T_2.16 ;
    %pushi/vec4 134, 0, 8;
    %store/vec4 v0x56158bc4c450_0, 0, 8;
    %jmp T_2.19;
T_2.17 ;
    %pushi/vec4 142, 0, 8;
    %store/vec4 v0x56158bc4c450_0, 0, 8;
    %jmp T_2.19;
T_2.19 ;
    %pop/vec4 1;
    %load/vec4 v0x56158bc4c6e0_0;
    %flag_set/vec4 8;
    %jmp/0xz  T_2.20, 8;
    %pushi/vec4 191, 0, 8;
    %store/vec4 v0x56158bc4c450_0, 0, 8;
T_2.20 ;
    %load/vec4 v0x56158bc4c620_0;
    %flag_set/vec4 8;
    %jmp/0xz  T_2.22, 8;
    %pushi/vec4 255, 0, 8;
    %store/vec4 v0x56158bc4c450_0, 0, 8;
T_2.22 ;
    %load/vec4 v0x56158bc4c370_0;
    %flag_set/vec4 8;
    %jmp/0xz  T_2.24, 8;
    %load/vec4 v0x56158bc4c450_0;
    %pushi/vec4 127, 0, 8;
    %and;
    %store/vec4 v0x56158bc4c450_0, 0, 8;
T_2.24 ;
    %jmp T_2;
    .thread T_2, $push;
    .scope S_0x56158bc2bae0;
T_3 ;
    %wait E_0x56158bc09840;
    %load/vec4 v0x56158bc4b8a0_0;
    %inv;
    %flag_set/vec4 8;
    %jmp/0xz  T_3.0, 8;
    %pushi/vec4 255, 0, 8;
    %store/vec4 v0x56158bc4b640_0, 0, 8;
T_3.0 ;
    %load/vec4 v0x56158bc4b720_0;
    %dup/vec4;
    %pushi/vec4 0, 0, 4;
    %cmp/u;
    %jmp/1 T_3.2, 6;
    %dup/vec4;
    %pushi/vec4 1, 0, 4;
    %cmp/u;
    %jmp/1 T_3.3, 6;
    %dup/vec4;
    %pushi/vec4 2, 0, 4;
    %cmp/u;
    %jmp/1 T_3.4, 6;
    %dup/vec4;
    %pushi/vec4 3, 0, 4;
    %cmp/u;
    %jmp/1 T_3.5, 6;
    %dup/vec4;
    %pushi/vec4 4, 0, 4;
    %cmp/u;
    %jmp/1 T_3.6, 6;
    %dup/vec4;
    %pushi/vec4 5, 0, 4;
    %cmp/u;
    %jmp/1 T_3.7, 6;
    %dup/vec4;
    %pushi/vec4 6, 0, 4;
    %cmp/u;
    %jmp/1 T_3.8, 6;
    %dup/vec4;
    %pushi/vec4 7, 0, 4;
    %cmp/u;
    %jmp/1 T_3.9, 6;
    %dup/vec4;
    %pushi/vec4 8, 0, 4;
    %cmp/u;
    %jmp/1 T_3.10, 6;
    %dup/vec4;
    %pushi/vec4 9, 0, 4;
    %cmp/u;
    %jmp/1 T_3.11, 6;
    %dup/vec4;
    %pushi/vec4 10, 0, 4;
    %cmp/u;
    %jmp/1 T_3.12, 6;
    %dup/vec4;
    %pushi/vec4 11, 0, 4;
    %cmp/u;
    %jmp/1 T_3.13, 6;
    %dup/vec4;
    %pushi/vec4 12, 0, 4;
    %cmp/u;
    %jmp/1 T_3.14, 6;
    %dup/vec4;
    %pushi/vec4 13, 0, 4;
    %cmp/u;
    %jmp/1 T_3.15, 6;
    %dup/vec4;
    %pushi/vec4 14, 0, 4;
    %cmp/u;
    %jmp/1 T_3.16, 6;
    %dup/vec4;
    %pushi/vec4 15, 0, 4;
    %cmp/u;
    %jmp/1 T_3.17, 6;
    %pushi/vec4 255, 0, 8;
    %store/vec4 v0x56158bc4b640_0, 0, 8;
    %jmp T_3.19;
T_3.2 ;
    %pushi/vec4 192, 0, 8;
    %store/vec4 v0x56158bc4b640_0, 0, 8;
    %jmp T_3.19;
T_3.3 ;
    %pushi/vec4 249, 0, 8;
    %store/vec4 v0x56158bc4b640_0, 0, 8;
    %jmp T_3.19;
T_3.4 ;
    %pushi/vec4 164, 0, 8;
    %store/vec4 v0x56158bc4b640_0, 0, 8;
    %jmp T_3.19;
T_3.5 ;
    %pushi/vec4 176, 0, 8;
    %store/vec4 v0x56158bc4b640_0, 0, 8;
    %jmp T_3.19;
T_3.6 ;
    %pushi/vec4 153, 0, 8;
    %store/vec4 v0x56158bc4b640_0, 0, 8;
    %jmp T_3.19;
T_3.7 ;
    %pushi/vec4 146, 0, 8;
    %store/vec4 v0x56158bc4b640_0, 0, 8;
    %jmp T_3.19;
T_3.8 ;
    %pushi/vec4 130, 0, 8;
    %store/vec4 v0x56158bc4b640_0, 0, 8;
    %jmp T_3.19;
T_3.9 ;
    %pushi/vec4 248, 0, 8;
    %store/vec4 v0x56158bc4b640_0, 0, 8;
    %jmp T_3.19;
T_3.10 ;
    %pushi/vec4 128, 0, 8;
    %store/vec4 v0x56158bc4b640_0, 0, 8;
    %jmp T_3.19;
T_3.11 ;
    %pushi/vec4 144, 0, 8;
    %store/vec4 v0x56158bc4b640_0, 0, 8;
    %jmp T_3.19;
T_3.12 ;
    %pushi/vec4 136, 0, 8;
    %store/vec4 v0x56158bc4b640_0, 0, 8;
    %jmp T_3.19;
T_3.13 ;
    %pushi/vec4 131, 0, 8;
    %store/vec4 v0x56158bc4b640_0, 0, 8;
    %jmp T_3.19;
T_3.14 ;
    %pushi/vec4 198, 0, 8;
    %store/vec4 v0x56158bc4b640_0, 0, 8;
    %jmp T_3.19;
T_3.15 ;
    %pushi/vec4 161, 0, 8;
    %store/vec4 v0x56158bc4b640_0, 0, 8;
    %jmp T_3.19;
T_3.16 ;
    %pushi/vec4 134, 0, 8;
    %store/vec4 v0x56158bc4b640_0, 0, 8;
    %jmp T_3.19;
T_3.17 ;
    %pushi/vec4 142, 0, 8;
    %store/vec4 v0x56158bc4b640_0, 0, 8;
    %jmp T_3.19;
T_3.19 ;
    %pop/vec4 1;
    %load/vec4 v0x56158bc4b8a0_0;
    %flag_set/vec4 8;
    %jmp/0xz  T_3.20, 8;
    %pushi/vec4 191, 0, 8;
    %store/vec4 v0x56158bc4b640_0, 0, 8;
T_3.20 ;
    %load/vec4 v0x56158bc4b7e0_0;
    %flag_set/vec4 8;
    %jmp/0xz  T_3.22, 8;
    %pushi/vec4 255, 0, 8;
    %store/vec4 v0x56158bc4b640_0, 0, 8;
T_3.22 ;
    %load/vec4 v0x56158bc2bc60_0;
    %flag_set/vec4 8;
    %jmp/0xz  T_3.24, 8;
    %load/vec4 v0x56158bc4b640_0;
    %pushi/vec4 127, 0, 8;
    %and;
    %store/vec4 v0x56158bc4b640_0, 0, 8;
T_3.24 ;
    %jmp T_3;
    .thread T_3, $push;
    .scope S_0x56158bc2b8b0;
T_4 ;
    %wait E_0x56158bbd2ce0;
    %load/vec4 v0x56158bc4e010_0;
    %parti/s 1, 0, 2;
    %flag_set/vec4 8;
    %jmp/0xz  T_4.0, 8;
    %load/vec4 v0x56158bc4e010_0;
    %inv;
    %addi 1, 0, 4;
    %store/vec4 v0x56158bc4dd70_0, 0, 4;
T_4.0 ;
    %load/vec4 v0x56158bc4e0d0_0;
    %parti/s 1, 0, 2;
    %flag_set/vec4 8;
    %jmp/0xz  T_4.2, 8;
    %load/vec4 v0x56158bc4e0d0_0;
    %inv;
    %addi 1, 0, 4;
    %store/vec4 v0x56158bc4de30_0, 0, 4;
T_4.2 ;
    %jmp T_4;
    .thread T_4, $push;
# The file index is used to find the file name in the following table.
:file_names 5;
    "N/A";
    "<interactive>";
    "Complete.v";
    "slide_in.v";
    "hex_driver.v";
