#! /usr/bin/vvp
:ivl_version "10.1 (stable)";
:ivl_delay_selection "TYPICAL";
:vpi_time_precision - 10;
:vpi_module "system";
:vpi_module "vhdl_sys";
:vpi_module "v2005_math";
:vpi_module "va_math";
S_0x55b89735ead0 .scope module, "block1_tb" "block1_tb" 2 3;
 .timescale -9 -10;
v0x55b897396310_0 .net "HEX0", 7 0, v0x55b897393750_0;  1 drivers
v0x55b897396440_0 .net "HEX1", 7 0, v0x55b897393dd0_0;  1 drivers
v0x55b897396550_0 .net "HEX2", 7 0, v0x55b897394430_0;  1 drivers
v0x55b897396640_0 .net "HEX3", 7 0, v0x55b897394b10_0;  1 drivers
v0x55b897396750_0 .var "KEY", 1 0;
v0x55b8973968f0_0 .net "LED", 9 0, L_0x55b897398ab0;  1 drivers
v0x55b8973969b0_0 .var "SW", 9 0;
S_0x55b89735e7b0 .scope module, "U1" "Complete" 2 15, 3 6 0, S_0x55b89735ead0;
 .timescale 0 0;
    .port_info 0 /INPUT 1 "ADC_CLK_10"
    .port_info 1 /INPUT 1 "MAX10_CLK1_50"
    .port_info 2 /INPUT 1 "MAX10_CLK2_50"
    .port_info 3 /OUTPUT 8 "HEX0"
    .port_info 4 /OUTPUT 8 "HEX1"
    .port_info 5 /OUTPUT 8 "HEX2"
    .port_info 6 /OUTPUT 8 "HEX3"
    .port_info 7 /OUTPUT 8 "HEX4"
    .port_info 8 /OUTPUT 8 "HEX5"
    .port_info 9 /INPUT 2 "KEY"
    .port_info 10 /OUTPUT 10 "LEDR"
    .port_info 11 /INPUT 10 "SW"
o0x7f100272a1b8 .functor BUFZ 1, C4<z>; HiZ drive
v0x55b897392510_0 .net "ADC_CLK_10", 0 0, o0x7f100272a1b8;  0 drivers
v0x55b8973925d0_0 .net "HEX0", 7 0, v0x55b89734b5b0_0;  1 drivers
v0x55b897392690_0 .net "HEX1", 7 0, v0x55b897346bb0_0;  1 drivers
v0x55b897392780_0 .net "HEX2", 7 0, v0x55b89738e3f0_0;  1 drivers
v0x55b897392890_0 .net "HEX3", 7 0, v0x55b89738ea40_0;  1 drivers
v0x55b8973929f0_0 .net "HEX4", 7 0, v0x55b89738f0e0_0;  1 drivers
v0x55b897392b00_0 .net "HEX5", 7 0, v0x55b89738f790_0;  1 drivers
v0x55b897392c10_0 .net "KEY", 1 0, v0x55b897396750_0;  1 drivers
v0x55b897392d20_0 .net "LEDR", 9 0, L_0x55b897398ab0;  alias, 1 drivers
o0x7f100272a1e8 .functor BUFZ 1, C4<z>; HiZ drive
v0x55b897392de0_0 .net "MAX10_CLK1_50", 0 0, o0x7f100272a1e8;  0 drivers
o0x7f100272a218 .functor BUFZ 1, C4<z>; HiZ drive
v0x55b897392e80_0 .net "MAX10_CLK2_50", 0 0, o0x7f100272a218;  0 drivers
v0x55b897392f40_0 .net "SW", 9 0, v0x55b8973969b0_0;  1 drivers
S_0x55b89736f0f0 .scope module, "U0" "birthdays" 3 59, 4 1 0, S_0x55b89735e7b0;
 .timescale 0 0;
    .port_info 0 /INPUT 2 "KEY"
    .port_info 1 /OUTPUT 8 "HEX0"
    .port_info 2 /OUTPUT 8 "HEX1"
    .port_info 3 /OUTPUT 8 "HEX2"
    .port_info 4 /OUTPUT 8 "HEX3"
    .port_info 5 /OUTPUT 8 "HEX4"
    .port_info 6 /OUTPUT 8 "HEX5"
v0x55b89738fad0_0 .net "HEX0", 7 0, v0x55b89734b5b0_0;  alias, 1 drivers
v0x55b89738fbb0_0 .net "HEX1", 7 0, v0x55b897346bb0_0;  alias, 1 drivers
v0x55b89738fc80_0 .net "HEX2", 7 0, v0x55b89738e3f0_0;  alias, 1 drivers
v0x55b89738fd80_0 .net "HEX3", 7 0, v0x55b89738ea40_0;  alias, 1 drivers
v0x55b89738fe50_0 .net "HEX4", 7 0, v0x55b89738f0e0_0;  alias, 1 drivers
v0x55b89738ff40_0 .net "HEX5", 7 0, v0x55b89738f790_0;  alias, 1 drivers
v0x55b897390010_0 .net "KEY", 1 0, v0x55b897396750_0;  alias, 1 drivers
S_0x55b89736f270 .scope module, "X0" "hex_driver" 4 13, 5 8 0, S_0x55b89736f0f0;
 .timescale 0 0;
    .port_info 0 /INPUT 5 "NUM"
    .port_info 1 /INPUT 1 "DEC"
    .port_info 2 /INPUT 1 "SIGN"
    .port_info 3 /OUTPUT 8 "HEX"
L_0x7f10026e0060 .functor BUFT 1, C4<0>, C4<0>, C4<0>, C4<0>;
v0x55b89734c830_0 .net "DEC", 0 0, L_0x7f10026e0060;  1 drivers
v0x55b89734b5b0_0 .var "HEX", 7 0;
L_0x7f10026e0018 .functor BUFT 1, C4<00000>, C4<0>, C4<0>, C4<0>;
v0x55b89734a330_0 .net "NUM", 4 0, L_0x7f10026e0018;  1 drivers
L_0x7f10026e00a8 .functor BUFT 1, C4<0>, C4<0>, C4<0>, C4<0>;
v0x55b8973490b0_0 .net "SIGN", 0 0, L_0x7f10026e00a8;  1 drivers
E_0x55b897326460 .event edge, v0x55b8973490b0_0, v0x55b89734c830_0, v0x55b89734a330_0;
S_0x55b89738dd30 .scope module, "X1" "hex_driver" 4 19, 5 8 0, S_0x55b89736f0f0;
 .timescale 0 0;
    .port_info 0 /INPUT 5 "NUM"
    .port_info 1 /INPUT 1 "DEC"
    .port_info 2 /INPUT 1 "SIGN"
    .port_info 3 /OUTPUT 8 "HEX"
o0x7f1002729198 .functor BUFZ 1, C4<z>; HiZ drive
v0x55b897347e30_0 .net "DEC", 0 0, o0x7f1002729198;  0 drivers
v0x55b897346bb0_0 .var "HEX", 7 0;
L_0x7f10026e00f0 .functor BUFT 1, C4<00010>, C4<0>, C4<0>, C4<0>;
v0x55b897345840_0 .net "NUM", 4 0, L_0x7f10026e00f0;  1 drivers
o0x7f1002729228 .functor BUFZ 1, C4<z>; HiZ drive
v0x55b89738df90_0 .net "SIGN", 0 0, o0x7f1002729228;  0 drivers
E_0x55b8972efae0 .event edge, v0x55b89738df90_0, v0x55b897347e30_0, v0x55b897345840_0;
S_0x55b89738e0d0 .scope module, "X2" "hex_driver" 4 23, 5 8 0, S_0x55b89736f0f0;
 .timescale 0 0;
    .port_info 0 /INPUT 5 "NUM"
    .port_info 1 /INPUT 1 "DEC"
    .port_info 2 /INPUT 1 "SIGN"
    .port_info 3 /OUTPUT 8 "HEX"
o0x7f1002729318 .functor BUFZ 1, C4<z>; HiZ drive
v0x55b89738e310_0 .net "DEC", 0 0, o0x7f1002729318;  0 drivers
v0x55b89738e3f0_0 .var "HEX", 7 0;
L_0x7f10026e0138 .functor BUFT 1, C4<01001>, C4<0>, C4<0>, C4<0>;
v0x55b89738e4d0_0 .net "NUM", 4 0, L_0x7f10026e0138;  1 drivers
o0x7f10027293a8 .functor BUFZ 1, C4<z>; HiZ drive
v0x55b89738e5c0_0 .net "SIGN", 0 0, o0x7f10027293a8;  0 drivers
E_0x55b8972efce0 .event edge, v0x55b89738e5c0_0, v0x55b89738e310_0, v0x55b89738e4d0_0;
S_0x55b89738e730 .scope module, "X3" "hex_driver" 4 27, 5 8 0, S_0x55b89736f0f0;
 .timescale 0 0;
    .port_info 0 /INPUT 5 "NUM"
    .port_info 1 /INPUT 1 "DEC"
    .port_info 2 /INPUT 1 "SIGN"
    .port_info 3 /OUTPUT 8 "HEX"
o0x7f1002729498 .functor BUFZ 1, C4<z>; HiZ drive
v0x55b89738e960_0 .net "DEC", 0 0, o0x7f1002729498;  0 drivers
v0x55b89738ea40_0 .var "HEX", 7 0;
L_0x7f10026e0180 .functor BUFT 1, C4<00010>, C4<0>, C4<0>, C4<0>;
v0x55b89738eb20_0 .net "NUM", 4 0, L_0x7f10026e0180;  1 drivers
o0x7f1002729528 .functor BUFZ 1, C4<z>; HiZ drive
v0x55b89738ec10_0 .net "SIGN", 0 0, o0x7f1002729528;  0 drivers
E_0x55b897326840 .event edge, v0x55b89738ec10_0, v0x55b89738e960_0, v0x55b89738eb20_0;
S_0x55b89738ed80 .scope module, "X4" "hex_driver" 4 31, 5 8 0, S_0x55b89736f0f0;
 .timescale 0 0;
    .port_info 0 /INPUT 5 "NUM"
    .port_info 1 /INPUT 1 "DEC"
    .port_info 2 /INPUT 1 "SIGN"
    .port_info 3 /OUTPUT 8 "HEX"
o0x7f1002729618 .functor BUFZ 1, C4<z>; HiZ drive
v0x55b89738f000_0 .net "DEC", 0 0, o0x7f1002729618;  0 drivers
v0x55b89738f0e0_0 .var "HEX", 7 0;
L_0x7f10026e01c8 .functor BUFT 1, C4<00100>, C4<0>, C4<0>, C4<0>;
v0x55b89738f1c0_0 .net "NUM", 4 0, L_0x7f10026e01c8;  1 drivers
o0x7f10027296a8 .functor BUFZ 1, C4<z>; HiZ drive
v0x55b89738f280_0 .net "SIGN", 0 0, o0x7f10027296a8;  0 drivers
E_0x55b89736c050 .event edge, v0x55b89738f280_0, v0x55b89738f000_0, v0x55b89738f1c0_0;
S_0x55b89738f3f0 .scope module, "X5" "hex_driver" 4 35, 5 8 0, S_0x55b89736f0f0;
 .timescale 0 0;
    .port_info 0 /INPUT 5 "NUM"
    .port_info 1 /INPUT 1 "DEC"
    .port_info 2 /INPUT 1 "SIGN"
    .port_info 3 /OUTPUT 8 "HEX"
o0x7f1002729798 .functor BUFZ 1, C4<z>; HiZ drive
v0x55b89738f6b0_0 .net "DEC", 0 0, o0x7f1002729798;  0 drivers
v0x55b89738f790_0 .var "HEX", 7 0;
L_0x7f10026e0210 .functor BUFT 1, C4<00000>, C4<0>, C4<0>, C4<0>;
v0x55b89738f870_0 .net "NUM", 4 0, L_0x7f10026e0210;  1 drivers
o0x7f1002729828 .functor BUFZ 1, C4<z>; HiZ drive
v0x55b89738f960_0 .net "SIGN", 0 0, o0x7f1002729828;  0 drivers
E_0x55b89738f630 .event edge, v0x55b89738f960_0, v0x55b89738f6b0_0, v0x55b89738f870_0;
S_0x55b8973901d0 .scope module, "U1" "switch_led" 3 53, 6 1 0, S_0x55b89735e7b0;
 .timescale 0 0;
    .port_info 0 /INPUT 10 "SW"
    .port_info 1 /INPUT 2 "KEY"
    .port_info 2 /OUTPUT 10 "led"
L_0x55b897396b60 .functor NOT 1, L_0x55b897396ac0, C4<0>, C4<0>, C4<0>;
L_0x55b897396ce0 .functor XOR 1, L_0x55b897396b60, L_0x55b897396c40, C4<0>, C4<0>;
L_0x55b897396f20 .functor NOT 1, L_0x55b897396df0, C4<0>, C4<0>, C4<0>;
L_0x55b897397060 .functor XOR 1, L_0x55b897396f20, L_0x55b897396f90, C4<0>, C4<0>;
L_0x55b897397240 .functor NOT 1, L_0x55b8973971a0, C4<0>, C4<0>, C4<0>;
L_0x55b8973973e0 .functor XOR 1, L_0x55b897397240, L_0x55b897397300, C4<0>, C4<0>;
L_0x55b8973975d0 .functor NOT 1, L_0x55b897397530, C4<0>, C4<0>, C4<0>;
L_0x55b897397780 .functor XOR 1, L_0x55b8973975d0, L_0x55b897397690, C4<0>, C4<0>;
L_0x55b897397980 .functor NOT 1, L_0x55b8973978e0, C4<0>, C4<0>, C4<0>;
L_0x55b897397b40 .functor XOR 1, L_0x55b897397980, L_0x55b897397a40, C4<0>, C4<0>;
L_0x55b897397d00 .functor NOT 1, L_0x55b897397c60, C4<0>, C4<0>, C4<0>;
L_0x55b897397e80 .functor XOR 1, L_0x55b897397d00, L_0x55b897397d70, C4<0>, C4<0>;
L_0x55b8973980a0 .functor NOT 1, L_0x55b897398000, C4<0>, C4<0>, C4<0>;
L_0x55b897397e10 .functor XOR 1, L_0x55b8973980a0, L_0x55b897398160, C4<0>, C4<0>;
L_0x55b897397f90 .functor NOT 1, L_0x55b8973983d0, C4<0>, C4<0>, C4<0>;
L_0x55b8973985f0 .functor XOR 1, L_0x55b897397f90, L_0x55b8973984c0, C4<0>, C4<0>;
v0x55b897390410_0 .net "KEY", 1 0, v0x55b897396750_0;  alias, 1 drivers
v0x55b897390520_0 .net "SW", 9 0, v0x55b8973969b0_0;  alias, 1 drivers
v0x55b8973905e0_0 .net *"_s13", 0 0, L_0x55b897396df0;  1 drivers
v0x55b8973906d0_0 .net *"_s14", 0 0, L_0x55b897396f20;  1 drivers
v0x55b8973907b0_0 .net *"_s17", 0 0, L_0x55b897396f90;  1 drivers
v0x55b8973908e0_0 .net *"_s18", 0 0, L_0x55b897397060;  1 drivers
v0x55b8973909c0_0 .net *"_s23", 0 0, L_0x55b8973971a0;  1 drivers
v0x55b897390aa0_0 .net *"_s24", 0 0, L_0x55b897397240;  1 drivers
v0x55b897390b80_0 .net *"_s27", 0 0, L_0x55b897397300;  1 drivers
v0x55b897390cf0_0 .net *"_s28", 0 0, L_0x55b8973973e0;  1 drivers
v0x55b897390dd0_0 .net *"_s3", 0 0, L_0x55b897396ac0;  1 drivers
v0x55b897390eb0_0 .net *"_s33", 0 0, L_0x55b897397530;  1 drivers
v0x55b897390f90_0 .net *"_s34", 0 0, L_0x55b8973975d0;  1 drivers
v0x55b897391070_0 .net *"_s37", 0 0, L_0x55b897397690;  1 drivers
v0x55b897391150_0 .net *"_s38", 0 0, L_0x55b897397780;  1 drivers
v0x55b897391230_0 .net *"_s4", 0 0, L_0x55b897396b60;  1 drivers
v0x55b897391310_0 .net *"_s43", 0 0, L_0x55b8973978e0;  1 drivers
v0x55b8973913f0_0 .net *"_s44", 0 0, L_0x55b897397980;  1 drivers
v0x55b8973914d0_0 .net *"_s47", 0 0, L_0x55b897397a40;  1 drivers
v0x55b8973915b0_0 .net *"_s48", 0 0, L_0x55b897397b40;  1 drivers
v0x55b897391690_0 .net *"_s53", 0 0, L_0x55b897397c60;  1 drivers
v0x55b897391770_0 .net *"_s54", 0 0, L_0x55b897397d00;  1 drivers
v0x55b897391850_0 .net *"_s57", 0 0, L_0x55b897397d70;  1 drivers
v0x55b897391930_0 .net *"_s58", 0 0, L_0x55b897397e80;  1 drivers
v0x55b897391a10_0 .net *"_s63", 0 0, L_0x55b897398000;  1 drivers
v0x55b897391af0_0 .net *"_s64", 0 0, L_0x55b8973980a0;  1 drivers
v0x55b897391bd0_0 .net *"_s67", 0 0, L_0x55b897398160;  1 drivers
v0x55b897391cb0_0 .net *"_s68", 0 0, L_0x55b897397e10;  1 drivers
v0x55b897391d90_0 .net *"_s7", 0 0, L_0x55b897396c40;  1 drivers
v0x55b897391e70_0 .net *"_s73", 0 0, L_0x55b8973983d0;  1 drivers
v0x55b897391f50_0 .net *"_s74", 0 0, L_0x55b897397f90;  1 drivers
v0x55b897392030_0 .net *"_s77", 0 0, L_0x55b8973984c0;  1 drivers
v0x55b897392110_0 .net *"_s78", 0 0, L_0x55b8973985f0;  1 drivers
v0x55b8973921f0_0 .net *"_s8", 0 0, L_0x55b897396ce0;  1 drivers
o0x7f100272a0c8 .functor BUFZ 2, C4<zz>; HiZ drive
; Elide local net with no drivers, v0x55b8973922d0_0 name=_s82
v0x55b8973923b0_0 .net "led", 9 0, L_0x55b897398ab0;  alias, 1 drivers
L_0x55b897396ac0 .part v0x55b8973969b0_0, 0, 1;
L_0x55b897396c40 .part v0x55b897396750_0, 0, 1;
L_0x55b897396df0 .part v0x55b8973969b0_0, 1, 1;
L_0x55b897396f90 .part v0x55b897396750_0, 0, 1;
L_0x55b8973971a0 .part v0x55b8973969b0_0, 2, 1;
L_0x55b897397300 .part v0x55b897396750_0, 0, 1;
L_0x55b897397530 .part v0x55b8973969b0_0, 3, 1;
L_0x55b897397690 .part v0x55b897396750_0, 0, 1;
L_0x55b8973978e0 .part v0x55b8973969b0_0, 4, 1;
L_0x55b897397a40 .part v0x55b897396750_0, 0, 1;
L_0x55b897397c60 .part v0x55b8973969b0_0, 5, 1;
L_0x55b897397d70 .part v0x55b897396750_0, 0, 1;
L_0x55b897398000 .part v0x55b8973969b0_0, 6, 1;
L_0x55b897398160 .part v0x55b897396750_0, 0, 1;
L_0x55b8973983d0 .part v0x55b8973969b0_0, 7, 1;
L_0x55b8973984c0 .part v0x55b897396750_0, 0, 1;
LS_0x55b897398ab0_0_0 .concat [ 1 1 1 1], L_0x55b897396ce0, L_0x55b897397060, L_0x55b8973973e0, L_0x55b897397780;
LS_0x55b897398ab0_0_4 .concat [ 1 1 1 1], L_0x55b897397b40, L_0x55b897397e80, L_0x55b897397e10, L_0x55b8973985f0;
LS_0x55b897398ab0_0_8 .concat [ 2 0 0 0], o0x7f100272a0c8;
L_0x55b897398ab0 .concat [ 4 4 2 0], LS_0x55b897398ab0_0_0, LS_0x55b897398ab0_0_4, LS_0x55b897398ab0_0_8;
S_0x55b8973931d0 .scope module, "U2" "birthdays" 2 21, 4 1 0, S_0x55b89735ead0;
 .timescale 0 0;
    .port_info 0 /INPUT 2 "KEY"
    .port_info 1 /OUTPUT 8 "HEX0"
    .port_info 2 /OUTPUT 8 "HEX1"
    .port_info 3 /OUTPUT 8 "HEX2"
    .port_info 4 /OUTPUT 8 "HEX3"
    .port_info 5 /OUTPUT 8 "HEX4"
    .port_info 6 /OUTPUT 8 "HEX5"
v0x55b897395c30_0 .net "HEX0", 7 0, v0x55b897393750_0;  alias, 1 drivers
v0x55b897395d10_0 .net "HEX1", 7 0, v0x55b897393dd0_0;  alias, 1 drivers
v0x55b897395de0_0 .net "HEX2", 7 0, v0x55b897394430_0;  alias, 1 drivers
v0x55b897395ee0_0 .net "HEX3", 7 0, v0x55b897394b10_0;  alias, 1 drivers
v0x55b897395fb0_0 .net "HEX4", 7 0, v0x55b897395240_0;  1 drivers
v0x55b8973960a0_0 .net "HEX5", 7 0, v0x55b8973958f0_0;  1 drivers
v0x55b897396170_0 .net "KEY", 1 0, v0x55b897396750_0;  alias, 1 drivers
S_0x55b897393420 .scope module, "X0" "hex_driver" 4 13, 5 8 0, S_0x55b8973931d0;
 .timescale 0 0;
    .port_info 0 /INPUT 5 "NUM"
    .port_info 1 /INPUT 1 "DEC"
    .port_info 2 /INPUT 1 "SIGN"
    .port_info 3 /OUTPUT 8 "HEX"
L_0x7f10026e02a0 .functor BUFT 1, C4<0>, C4<0>, C4<0>, C4<0>;
v0x55b897393670_0 .net "DEC", 0 0, L_0x7f10026e02a0;  1 drivers
v0x55b897393750_0 .var "HEX", 7 0;
L_0x7f10026e0258 .functor BUFT 1, C4<00000>, C4<0>, C4<0>, C4<0>;
v0x55b897393830_0 .net "NUM", 4 0, L_0x7f10026e0258;  1 drivers
L_0x7f10026e02e8 .functor BUFT 1, C4<0>, C4<0>, C4<0>, C4<0>;
v0x55b8973938f0_0 .net "SIGN", 0 0, L_0x7f10026e02e8;  1 drivers
E_0x55b8973935f0 .event edge, v0x55b8973938f0_0, v0x55b897393670_0, v0x55b897393830_0;
S_0x55b897393a30 .scope module, "X1" "hex_driver" 4 19, 5 8 0, S_0x55b8973931d0;
 .timescale 0 0;
    .port_info 0 /INPUT 5 "NUM"
    .port_info 1 /INPUT 1 "DEC"
    .port_info 2 /INPUT 1 "SIGN"
    .port_info 3 /OUTPUT 8 "HEX"
o0x7f100272a608 .functor BUFZ 1, C4<z>; HiZ drive
v0x55b897393cf0_0 .net "DEC", 0 0, o0x7f100272a608;  0 drivers
v0x55b897393dd0_0 .var "HEX", 7 0;
L_0x7f10026e0330 .functor BUFT 1, C4<00010>, C4<0>, C4<0>, C4<0>;
v0x55b897393eb0_0 .net "NUM", 4 0, L_0x7f10026e0330;  1 drivers
o0x7f100272a698 .functor BUFZ 1, C4<z>; HiZ drive
v0x55b897393f70_0 .net "SIGN", 0 0, o0x7f100272a698;  0 drivers
E_0x55b897393c90 .event edge, v0x55b897393f70_0, v0x55b897393cf0_0, v0x55b897393eb0_0;
S_0x55b8973940b0 .scope module, "X2" "hex_driver" 4 23, 5 8 0, S_0x55b8973931d0;
 .timescale 0 0;
    .port_info 0 /INPUT 5 "NUM"
    .port_info 1 /INPUT 1 "DEC"
    .port_info 2 /INPUT 1 "SIGN"
    .port_info 3 /OUTPUT 8 "HEX"
o0x7f100272a788 .functor BUFZ 1, C4<z>; HiZ drive
v0x55b897394350_0 .net "DEC", 0 0, o0x7f100272a788;  0 drivers
v0x55b897394430_0 .var "HEX", 7 0;
L_0x7f10026e0378 .functor BUFT 1, C4<01001>, C4<0>, C4<0>, C4<0>;
v0x55b897394510_0 .net "NUM", 4 0, L_0x7f10026e0378;  1 drivers
o0x7f100272a818 .functor BUFZ 1, C4<z>; HiZ drive
v0x55b897394600_0 .net "SIGN", 0 0, o0x7f100272a818;  0 drivers
E_0x55b8973942f0 .event edge, v0x55b897394600_0, v0x55b897394350_0, v0x55b897394510_0;
S_0x55b897394770 .scope module, "X3" "hex_driver" 4 27, 5 8 0, S_0x55b8973931d0;
 .timescale 0 0;
    .port_info 0 /INPUT 5 "NUM"
    .port_info 1 /INPUT 1 "DEC"
    .port_info 2 /INPUT 1 "SIGN"
    .port_info 3 /OUTPUT 8 "HEX"
o0x7f100272a908 .functor BUFZ 1, C4<z>; HiZ drive
v0x55b897394a30_0 .net "DEC", 0 0, o0x7f100272a908;  0 drivers
v0x55b897394b10_0 .var "HEX", 7 0;
L_0x7f10026e03c0 .functor BUFT 1, C4<00010>, C4<0>, C4<0>, C4<0>;
v0x55b897394bf0_0 .net "NUM", 4 0, L_0x7f10026e03c0;  1 drivers
o0x7f100272a998 .functor BUFZ 1, C4<z>; HiZ drive
v0x55b897394ce0_0 .net "SIGN", 0 0, o0x7f100272a998;  0 drivers
E_0x55b8973949b0 .event edge, v0x55b897394ce0_0, v0x55b897394a30_0, v0x55b897394bf0_0;
S_0x55b897394e50 .scope module, "X4" "hex_driver" 4 31, 5 8 0, S_0x55b8973931d0;
 .timescale 0 0;
    .port_info 0 /INPUT 5 "NUM"
    .port_info 1 /INPUT 1 "DEC"
    .port_info 2 /INPUT 1 "SIGN"
    .port_info 3 /OUTPUT 8 "HEX"
o0x7f100272aa88 .functor BUFZ 1, C4<z>; HiZ drive
v0x55b897395160_0 .net "DEC", 0 0, o0x7f100272aa88;  0 drivers
v0x55b897395240_0 .var "HEX", 7 0;
L_0x7f10026e0408 .functor BUFT 1, C4<00100>, C4<0>, C4<0>, C4<0>;
v0x55b897395320_0 .net "NUM", 4 0, L_0x7f10026e0408;  1 drivers
o0x7f100272ab18 .functor BUFZ 1, C4<z>; HiZ drive
v0x55b8973953e0_0 .net "SIGN", 0 0, o0x7f100272ab18;  0 drivers
E_0x55b8973950e0 .event edge, v0x55b8973953e0_0, v0x55b897395160_0, v0x55b897395320_0;
S_0x55b897395550 .scope module, "X5" "hex_driver" 4 35, 5 8 0, S_0x55b8973931d0;
 .timescale 0 0;
    .port_info 0 /INPUT 5 "NUM"
    .port_info 1 /INPUT 1 "DEC"
    .port_info 2 /INPUT 1 "SIGN"
    .port_info 3 /OUTPUT 8 "HEX"
o0x7f100272ac08 .functor BUFZ 1, C4<z>; HiZ drive
v0x55b897395810_0 .net "DEC", 0 0, o0x7f100272ac08;  0 drivers
v0x55b8973958f0_0 .var "HEX", 7 0;
L_0x7f10026e0450 .functor BUFT 1, C4<00000>, C4<0>, C4<0>, C4<0>;
v0x55b8973959d0_0 .net "NUM", 4 0, L_0x7f10026e0450;  1 drivers
o0x7f100272ac98 .functor BUFZ 1, C4<z>; HiZ drive
v0x55b897395ac0_0 .net "SIGN", 0 0, o0x7f100272ac98;  0 drivers
E_0x55b897395790 .event edge, v0x55b897395ac0_0, v0x55b897395810_0, v0x55b8973959d0_0;
    .scope S_0x55b89736f270;
T_0 ;
    %wait E_0x55b897326460;
    %load/vec4 v0x55b89734a330_0;
    %dup/vec4;
    %pushi/vec4 0, 0, 5;
    %cmp/u;
    %jmp/1 T_0.0, 6;
    %dup/vec4;
    %pushi/vec4 1, 0, 5;
    %cmp/u;
    %jmp/1 T_0.1, 6;
    %dup/vec4;
    %pushi/vec4 2, 0, 5;
    %cmp/u;
    %jmp/1 T_0.2, 6;
    %dup/vec4;
    %pushi/vec4 3, 0, 5;
    %cmp/u;
    %jmp/1 T_0.3, 6;
    %dup/vec4;
    %pushi/vec4 4, 0, 5;
    %cmp/u;
    %jmp/1 T_0.4, 6;
    %dup/vec4;
    %pushi/vec4 5, 0, 5;
    %cmp/u;
    %jmp/1 T_0.5, 6;
    %dup/vec4;
    %pushi/vec4 6, 0, 5;
    %cmp/u;
    %jmp/1 T_0.6, 6;
    %dup/vec4;
    %pushi/vec4 7, 0, 5;
    %cmp/u;
    %jmp/1 T_0.7, 6;
    %dup/vec4;
    %pushi/vec4 8, 0, 5;
    %cmp/u;
    %jmp/1 T_0.8, 6;
    %dup/vec4;
    %pushi/vec4 9, 0, 5;
    %cmp/u;
    %jmp/1 T_0.9, 6;
    %dup/vec4;
    %pushi/vec4 10, 0, 5;
    %cmp/u;
    %jmp/1 T_0.10, 6;
    %dup/vec4;
    %pushi/vec4 11, 0, 5;
    %cmp/u;
    %jmp/1 T_0.11, 6;
    %dup/vec4;
    %pushi/vec4 12, 0, 5;
    %cmp/u;
    %jmp/1 T_0.12, 6;
    %dup/vec4;
    %pushi/vec4 13, 0, 5;
    %cmp/u;
    %jmp/1 T_0.13, 6;
    %dup/vec4;
    %pushi/vec4 14, 0, 5;
    %cmp/u;
    %jmp/1 T_0.14, 6;
    %dup/vec4;
    %pushi/vec4 15, 0, 5;
    %cmp/u;
    %jmp/1 T_0.15, 6;
    %pushi/vec4 192, 0, 8;
    %store/vec4 v0x55b89734b5b0_0, 0, 8;
    %jmp T_0.17;
T_0.0 ;
    %pushi/vec4 192, 0, 8;
    %store/vec4 v0x55b89734b5b0_0, 0, 8;
    %jmp T_0.17;
T_0.1 ;
    %pushi/vec4 249, 0, 8;
    %store/vec4 v0x55b89734b5b0_0, 0, 8;
    %jmp T_0.17;
T_0.2 ;
    %pushi/vec4 164, 0, 8;
    %store/vec4 v0x55b89734b5b0_0, 0, 8;
    %jmp T_0.17;
T_0.3 ;
    %pushi/vec4 176, 0, 8;
    %store/vec4 v0x55b89734b5b0_0, 0, 8;
    %jmp T_0.17;
T_0.4 ;
    %pushi/vec4 153, 0, 8;
    %store/vec4 v0x55b89734b5b0_0, 0, 8;
    %jmp T_0.17;
T_0.5 ;
    %pushi/vec4 146, 0, 8;
    %store/vec4 v0x55b89734b5b0_0, 0, 8;
    %jmp T_0.17;
T_0.6 ;
    %pushi/vec4 130, 0, 8;
    %store/vec4 v0x55b89734b5b0_0, 0, 8;
    %jmp T_0.17;
T_0.7 ;
    %pushi/vec4 248, 0, 8;
    %store/vec4 v0x55b89734b5b0_0, 0, 8;
    %jmp T_0.17;
T_0.8 ;
    %pushi/vec4 128, 0, 8;
    %store/vec4 v0x55b89734b5b0_0, 0, 8;
    %jmp T_0.17;
T_0.9 ;
    %pushi/vec4 144, 0, 8;
    %store/vec4 v0x55b89734b5b0_0, 0, 8;
    %jmp T_0.17;
T_0.10 ;
    %pushi/vec4 136, 0, 8;
    %store/vec4 v0x55b89734b5b0_0, 0, 8;
    %jmp T_0.17;
T_0.11 ;
    %pushi/vec4 131, 0, 8;
    %store/vec4 v0x55b89734b5b0_0, 0, 8;
    %jmp T_0.17;
T_0.12 ;
    %pushi/vec4 198, 0, 8;
    %store/vec4 v0x55b89734b5b0_0, 0, 8;
    %jmp T_0.17;
T_0.13 ;
    %pushi/vec4 161, 0, 8;
    %store/vec4 v0x55b89734b5b0_0, 0, 8;
    %jmp T_0.17;
T_0.14 ;
    %pushi/vec4 134, 0, 8;
    %store/vec4 v0x55b89734b5b0_0, 0, 8;
    %jmp T_0.17;
T_0.15 ;
    %pushi/vec4 142, 0, 8;
    %store/vec4 v0x55b89734b5b0_0, 0, 8;
    %jmp T_0.17;
T_0.17 ;
    %pop/vec4 1;
    %jmp T_0;
    .thread T_0, $push;
    .scope S_0x55b89738dd30;
T_1 ;
    %wait E_0x55b8972efae0;
    %load/vec4 v0x55b897345840_0;
    %dup/vec4;
    %pushi/vec4 0, 0, 5;
    %cmp/u;
    %jmp/1 T_1.0, 6;
    %dup/vec4;
    %pushi/vec4 1, 0, 5;
    %cmp/u;
    %jmp/1 T_1.1, 6;
    %dup/vec4;
    %pushi/vec4 2, 0, 5;
    %cmp/u;
    %jmp/1 T_1.2, 6;
    %dup/vec4;
    %pushi/vec4 3, 0, 5;
    %cmp/u;
    %jmp/1 T_1.3, 6;
    %dup/vec4;
    %pushi/vec4 4, 0, 5;
    %cmp/u;
    %jmp/1 T_1.4, 6;
    %dup/vec4;
    %pushi/vec4 5, 0, 5;
    %cmp/u;
    %jmp/1 T_1.5, 6;
    %dup/vec4;
    %pushi/vec4 6, 0, 5;
    %cmp/u;
    %jmp/1 T_1.6, 6;
    %dup/vec4;
    %pushi/vec4 7, 0, 5;
    %cmp/u;
    %jmp/1 T_1.7, 6;
    %dup/vec4;
    %pushi/vec4 8, 0, 5;
    %cmp/u;
    %jmp/1 T_1.8, 6;
    %dup/vec4;
    %pushi/vec4 9, 0, 5;
    %cmp/u;
    %jmp/1 T_1.9, 6;
    %dup/vec4;
    %pushi/vec4 10, 0, 5;
    %cmp/u;
    %jmp/1 T_1.10, 6;
    %dup/vec4;
    %pushi/vec4 11, 0, 5;
    %cmp/u;
    %jmp/1 T_1.11, 6;
    %dup/vec4;
    %pushi/vec4 12, 0, 5;
    %cmp/u;
    %jmp/1 T_1.12, 6;
    %dup/vec4;
    %pushi/vec4 13, 0, 5;
    %cmp/u;
    %jmp/1 T_1.13, 6;
    %dup/vec4;
    %pushi/vec4 14, 0, 5;
    %cmp/u;
    %jmp/1 T_1.14, 6;
    %dup/vec4;
    %pushi/vec4 15, 0, 5;
    %cmp/u;
    %jmp/1 T_1.15, 6;
    %pushi/vec4 192, 0, 8;
    %store/vec4 v0x55b897346bb0_0, 0, 8;
    %jmp T_1.17;
T_1.0 ;
    %pushi/vec4 192, 0, 8;
    %store/vec4 v0x55b897346bb0_0, 0, 8;
    %jmp T_1.17;
T_1.1 ;
    %pushi/vec4 249, 0, 8;
    %store/vec4 v0x55b897346bb0_0, 0, 8;
    %jmp T_1.17;
T_1.2 ;
    %pushi/vec4 164, 0, 8;
    %store/vec4 v0x55b897346bb0_0, 0, 8;
    %jmp T_1.17;
T_1.3 ;
    %pushi/vec4 176, 0, 8;
    %store/vec4 v0x55b897346bb0_0, 0, 8;
    %jmp T_1.17;
T_1.4 ;
    %pushi/vec4 153, 0, 8;
    %store/vec4 v0x55b897346bb0_0, 0, 8;
    %jmp T_1.17;
T_1.5 ;
    %pushi/vec4 146, 0, 8;
    %store/vec4 v0x55b897346bb0_0, 0, 8;
    %jmp T_1.17;
T_1.6 ;
    %pushi/vec4 130, 0, 8;
    %store/vec4 v0x55b897346bb0_0, 0, 8;
    %jmp T_1.17;
T_1.7 ;
    %pushi/vec4 248, 0, 8;
    %store/vec4 v0x55b897346bb0_0, 0, 8;
    %jmp T_1.17;
T_1.8 ;
    %pushi/vec4 128, 0, 8;
    %store/vec4 v0x55b897346bb0_0, 0, 8;
    %jmp T_1.17;
T_1.9 ;
    %pushi/vec4 144, 0, 8;
    %store/vec4 v0x55b897346bb0_0, 0, 8;
    %jmp T_1.17;
T_1.10 ;
    %pushi/vec4 136, 0, 8;
    %store/vec4 v0x55b897346bb0_0, 0, 8;
    %jmp T_1.17;
T_1.11 ;
    %pushi/vec4 131, 0, 8;
    %store/vec4 v0x55b897346bb0_0, 0, 8;
    %jmp T_1.17;
T_1.12 ;
    %pushi/vec4 198, 0, 8;
    %store/vec4 v0x55b897346bb0_0, 0, 8;
    %jmp T_1.17;
T_1.13 ;
    %pushi/vec4 161, 0, 8;
    %store/vec4 v0x55b897346bb0_0, 0, 8;
    %jmp T_1.17;
T_1.14 ;
    %pushi/vec4 134, 0, 8;
    %store/vec4 v0x55b897346bb0_0, 0, 8;
    %jmp T_1.17;
T_1.15 ;
    %pushi/vec4 142, 0, 8;
    %store/vec4 v0x55b897346bb0_0, 0, 8;
    %jmp T_1.17;
T_1.17 ;
    %pop/vec4 1;
    %jmp T_1;
    .thread T_1, $push;
    .scope S_0x55b89738e0d0;
T_2 ;
    %wait E_0x55b8972efce0;
    %load/vec4 v0x55b89738e4d0_0;
    %dup/vec4;
    %pushi/vec4 0, 0, 5;
    %cmp/u;
    %jmp/1 T_2.0, 6;
    %dup/vec4;
    %pushi/vec4 1, 0, 5;
    %cmp/u;
    %jmp/1 T_2.1, 6;
    %dup/vec4;
    %pushi/vec4 2, 0, 5;
    %cmp/u;
    %jmp/1 T_2.2, 6;
    %dup/vec4;
    %pushi/vec4 3, 0, 5;
    %cmp/u;
    %jmp/1 T_2.3, 6;
    %dup/vec4;
    %pushi/vec4 4, 0, 5;
    %cmp/u;
    %jmp/1 T_2.4, 6;
    %dup/vec4;
    %pushi/vec4 5, 0, 5;
    %cmp/u;
    %jmp/1 T_2.5, 6;
    %dup/vec4;
    %pushi/vec4 6, 0, 5;
    %cmp/u;
    %jmp/1 T_2.6, 6;
    %dup/vec4;
    %pushi/vec4 7, 0, 5;
    %cmp/u;
    %jmp/1 T_2.7, 6;
    %dup/vec4;
    %pushi/vec4 8, 0, 5;
    %cmp/u;
    %jmp/1 T_2.8, 6;
    %dup/vec4;
    %pushi/vec4 9, 0, 5;
    %cmp/u;
    %jmp/1 T_2.9, 6;
    %dup/vec4;
    %pushi/vec4 10, 0, 5;
    %cmp/u;
    %jmp/1 T_2.10, 6;
    %dup/vec4;
    %pushi/vec4 11, 0, 5;
    %cmp/u;
    %jmp/1 T_2.11, 6;
    %dup/vec4;
    %pushi/vec4 12, 0, 5;
    %cmp/u;
    %jmp/1 T_2.12, 6;
    %dup/vec4;
    %pushi/vec4 13, 0, 5;
    %cmp/u;
    %jmp/1 T_2.13, 6;
    %dup/vec4;
    %pushi/vec4 14, 0, 5;
    %cmp/u;
    %jmp/1 T_2.14, 6;
    %dup/vec4;
    %pushi/vec4 15, 0, 5;
    %cmp/u;
    %jmp/1 T_2.15, 6;
    %pushi/vec4 192, 0, 8;
    %store/vec4 v0x55b89738e3f0_0, 0, 8;
    %jmp T_2.17;
T_2.0 ;
    %pushi/vec4 192, 0, 8;
    %store/vec4 v0x55b89738e3f0_0, 0, 8;
    %jmp T_2.17;
T_2.1 ;
    %pushi/vec4 249, 0, 8;
    %store/vec4 v0x55b89738e3f0_0, 0, 8;
    %jmp T_2.17;
T_2.2 ;
    %pushi/vec4 164, 0, 8;
    %store/vec4 v0x55b89738e3f0_0, 0, 8;
    %jmp T_2.17;
T_2.3 ;
    %pushi/vec4 176, 0, 8;
    %store/vec4 v0x55b89738e3f0_0, 0, 8;
    %jmp T_2.17;
T_2.4 ;
    %pushi/vec4 153, 0, 8;
    %store/vec4 v0x55b89738e3f0_0, 0, 8;
    %jmp T_2.17;
T_2.5 ;
    %pushi/vec4 146, 0, 8;
    %store/vec4 v0x55b89738e3f0_0, 0, 8;
    %jmp T_2.17;
T_2.6 ;
    %pushi/vec4 130, 0, 8;
    %store/vec4 v0x55b89738e3f0_0, 0, 8;
    %jmp T_2.17;
T_2.7 ;
    %pushi/vec4 248, 0, 8;
    %store/vec4 v0x55b89738e3f0_0, 0, 8;
    %jmp T_2.17;
T_2.8 ;
    %pushi/vec4 128, 0, 8;
    %store/vec4 v0x55b89738e3f0_0, 0, 8;
    %jmp T_2.17;
T_2.9 ;
    %pushi/vec4 144, 0, 8;
    %store/vec4 v0x55b89738e3f0_0, 0, 8;
    %jmp T_2.17;
T_2.10 ;
    %pushi/vec4 136, 0, 8;
    %store/vec4 v0x55b89738e3f0_0, 0, 8;
    %jmp T_2.17;
T_2.11 ;
    %pushi/vec4 131, 0, 8;
    %store/vec4 v0x55b89738e3f0_0, 0, 8;
    %jmp T_2.17;
T_2.12 ;
    %pushi/vec4 198, 0, 8;
    %store/vec4 v0x55b89738e3f0_0, 0, 8;
    %jmp T_2.17;
T_2.13 ;
    %pushi/vec4 161, 0, 8;
    %store/vec4 v0x55b89738e3f0_0, 0, 8;
    %jmp T_2.17;
T_2.14 ;
    %pushi/vec4 134, 0, 8;
    %store/vec4 v0x55b89738e3f0_0, 0, 8;
    %jmp T_2.17;
T_2.15 ;
    %pushi/vec4 142, 0, 8;
    %store/vec4 v0x55b89738e3f0_0, 0, 8;
    %jmp T_2.17;
T_2.17 ;
    %pop/vec4 1;
    %jmp T_2;
    .thread T_2, $push;
    .scope S_0x55b89738e730;
T_3 ;
    %wait E_0x55b897326840;
    %load/vec4 v0x55b89738eb20_0;
    %dup/vec4;
    %pushi/vec4 0, 0, 5;
    %cmp/u;
    %jmp/1 T_3.0, 6;
    %dup/vec4;
    %pushi/vec4 1, 0, 5;
    %cmp/u;
    %jmp/1 T_3.1, 6;
    %dup/vec4;
    %pushi/vec4 2, 0, 5;
    %cmp/u;
    %jmp/1 T_3.2, 6;
    %dup/vec4;
    %pushi/vec4 3, 0, 5;
    %cmp/u;
    %jmp/1 T_3.3, 6;
    %dup/vec4;
    %pushi/vec4 4, 0, 5;
    %cmp/u;
    %jmp/1 T_3.4, 6;
    %dup/vec4;
    %pushi/vec4 5, 0, 5;
    %cmp/u;
    %jmp/1 T_3.5, 6;
    %dup/vec4;
    %pushi/vec4 6, 0, 5;
    %cmp/u;
    %jmp/1 T_3.6, 6;
    %dup/vec4;
    %pushi/vec4 7, 0, 5;
    %cmp/u;
    %jmp/1 T_3.7, 6;
    %dup/vec4;
    %pushi/vec4 8, 0, 5;
    %cmp/u;
    %jmp/1 T_3.8, 6;
    %dup/vec4;
    %pushi/vec4 9, 0, 5;
    %cmp/u;
    %jmp/1 T_3.9, 6;
    %dup/vec4;
    %pushi/vec4 10, 0, 5;
    %cmp/u;
    %jmp/1 T_3.10, 6;
    %dup/vec4;
    %pushi/vec4 11, 0, 5;
    %cmp/u;
    %jmp/1 T_3.11, 6;
    %dup/vec4;
    %pushi/vec4 12, 0, 5;
    %cmp/u;
    %jmp/1 T_3.12, 6;
    %dup/vec4;
    %pushi/vec4 13, 0, 5;
    %cmp/u;
    %jmp/1 T_3.13, 6;
    %dup/vec4;
    %pushi/vec4 14, 0, 5;
    %cmp/u;
    %jmp/1 T_3.14, 6;
    %dup/vec4;
    %pushi/vec4 15, 0, 5;
    %cmp/u;
    %jmp/1 T_3.15, 6;
    %pushi/vec4 192, 0, 8;
    %store/vec4 v0x55b89738ea40_0, 0, 8;
    %jmp T_3.17;
T_3.0 ;
    %pushi/vec4 192, 0, 8;
    %store/vec4 v0x55b89738ea40_0, 0, 8;
    %jmp T_3.17;
T_3.1 ;
    %pushi/vec4 249, 0, 8;
    %store/vec4 v0x55b89738ea40_0, 0, 8;
    %jmp T_3.17;
T_3.2 ;
    %pushi/vec4 164, 0, 8;
    %store/vec4 v0x55b89738ea40_0, 0, 8;
    %jmp T_3.17;
T_3.3 ;
    %pushi/vec4 176, 0, 8;
    %store/vec4 v0x55b89738ea40_0, 0, 8;
    %jmp T_3.17;
T_3.4 ;
    %pushi/vec4 153, 0, 8;
    %store/vec4 v0x55b89738ea40_0, 0, 8;
    %jmp T_3.17;
T_3.5 ;
    %pushi/vec4 146, 0, 8;
    %store/vec4 v0x55b89738ea40_0, 0, 8;
    %jmp T_3.17;
T_3.6 ;
    %pushi/vec4 130, 0, 8;
    %store/vec4 v0x55b89738ea40_0, 0, 8;
    %jmp T_3.17;
T_3.7 ;
    %pushi/vec4 248, 0, 8;
    %store/vec4 v0x55b89738ea40_0, 0, 8;
    %jmp T_3.17;
T_3.8 ;
    %pushi/vec4 128, 0, 8;
    %store/vec4 v0x55b89738ea40_0, 0, 8;
    %jmp T_3.17;
T_3.9 ;
    %pushi/vec4 144, 0, 8;
    %store/vec4 v0x55b89738ea40_0, 0, 8;
    %jmp T_3.17;
T_3.10 ;
    %pushi/vec4 136, 0, 8;
    %store/vec4 v0x55b89738ea40_0, 0, 8;
    %jmp T_3.17;
T_3.11 ;
    %pushi/vec4 131, 0, 8;
    %store/vec4 v0x55b89738ea40_0, 0, 8;
    %jmp T_3.17;
T_3.12 ;
    %pushi/vec4 198, 0, 8;
    %store/vec4 v0x55b89738ea40_0, 0, 8;
    %jmp T_3.17;
T_3.13 ;
    %pushi/vec4 161, 0, 8;
    %store/vec4 v0x55b89738ea40_0, 0, 8;
    %jmp T_3.17;
T_3.14 ;
    %pushi/vec4 134, 0, 8;
    %store/vec4 v0x55b89738ea40_0, 0, 8;
    %jmp T_3.17;
T_3.15 ;
    %pushi/vec4 142, 0, 8;
    %store/vec4 v0x55b89738ea40_0, 0, 8;
    %jmp T_3.17;
T_3.17 ;
    %pop/vec4 1;
    %jmp T_3;
    .thread T_3, $push;
    .scope S_0x55b89738ed80;
T_4 ;
    %wait E_0x55b89736c050;
    %load/vec4 v0x55b89738f1c0_0;
    %dup/vec4;
    %pushi/vec4 0, 0, 5;
    %cmp/u;
    %jmp/1 T_4.0, 6;
    %dup/vec4;
    %pushi/vec4 1, 0, 5;
    %cmp/u;
    %jmp/1 T_4.1, 6;
    %dup/vec4;
    %pushi/vec4 2, 0, 5;
    %cmp/u;
    %jmp/1 T_4.2, 6;
    %dup/vec4;
    %pushi/vec4 3, 0, 5;
    %cmp/u;
    %jmp/1 T_4.3, 6;
    %dup/vec4;
    %pushi/vec4 4, 0, 5;
    %cmp/u;
    %jmp/1 T_4.4, 6;
    %dup/vec4;
    %pushi/vec4 5, 0, 5;
    %cmp/u;
    %jmp/1 T_4.5, 6;
    %dup/vec4;
    %pushi/vec4 6, 0, 5;
    %cmp/u;
    %jmp/1 T_4.6, 6;
    %dup/vec4;
    %pushi/vec4 7, 0, 5;
    %cmp/u;
    %jmp/1 T_4.7, 6;
    %dup/vec4;
    %pushi/vec4 8, 0, 5;
    %cmp/u;
    %jmp/1 T_4.8, 6;
    %dup/vec4;
    %pushi/vec4 9, 0, 5;
    %cmp/u;
    %jmp/1 T_4.9, 6;
    %dup/vec4;
    %pushi/vec4 10, 0, 5;
    %cmp/u;
    %jmp/1 T_4.10, 6;
    %dup/vec4;
    %pushi/vec4 11, 0, 5;
    %cmp/u;
    %jmp/1 T_4.11, 6;
    %dup/vec4;
    %pushi/vec4 12, 0, 5;
    %cmp/u;
    %jmp/1 T_4.12, 6;
    %dup/vec4;
    %pushi/vec4 13, 0, 5;
    %cmp/u;
    %jmp/1 T_4.13, 6;
    %dup/vec4;
    %pushi/vec4 14, 0, 5;
    %cmp/u;
    %jmp/1 T_4.14, 6;
    %dup/vec4;
    %pushi/vec4 15, 0, 5;
    %cmp/u;
    %jmp/1 T_4.15, 6;
    %pushi/vec4 192, 0, 8;
    %store/vec4 v0x55b89738f0e0_0, 0, 8;
    %jmp T_4.17;
T_4.0 ;
    %pushi/vec4 192, 0, 8;
    %store/vec4 v0x55b89738f0e0_0, 0, 8;
    %jmp T_4.17;
T_4.1 ;
    %pushi/vec4 249, 0, 8;
    %store/vec4 v0x55b89738f0e0_0, 0, 8;
    %jmp T_4.17;
T_4.2 ;
    %pushi/vec4 164, 0, 8;
    %store/vec4 v0x55b89738f0e0_0, 0, 8;
    %jmp T_4.17;
T_4.3 ;
    %pushi/vec4 176, 0, 8;
    %store/vec4 v0x55b89738f0e0_0, 0, 8;
    %jmp T_4.17;
T_4.4 ;
    %pushi/vec4 153, 0, 8;
    %store/vec4 v0x55b89738f0e0_0, 0, 8;
    %jmp T_4.17;
T_4.5 ;
    %pushi/vec4 146, 0, 8;
    %store/vec4 v0x55b89738f0e0_0, 0, 8;
    %jmp T_4.17;
T_4.6 ;
    %pushi/vec4 130, 0, 8;
    %store/vec4 v0x55b89738f0e0_0, 0, 8;
    %jmp T_4.17;
T_4.7 ;
    %pushi/vec4 248, 0, 8;
    %store/vec4 v0x55b89738f0e0_0, 0, 8;
    %jmp T_4.17;
T_4.8 ;
    %pushi/vec4 128, 0, 8;
    %store/vec4 v0x55b89738f0e0_0, 0, 8;
    %jmp T_4.17;
T_4.9 ;
    %pushi/vec4 144, 0, 8;
    %store/vec4 v0x55b89738f0e0_0, 0, 8;
    %jmp T_4.17;
T_4.10 ;
    %pushi/vec4 136, 0, 8;
    %store/vec4 v0x55b89738f0e0_0, 0, 8;
    %jmp T_4.17;
T_4.11 ;
    %pushi/vec4 131, 0, 8;
    %store/vec4 v0x55b89738f0e0_0, 0, 8;
    %jmp T_4.17;
T_4.12 ;
    %pushi/vec4 198, 0, 8;
    %store/vec4 v0x55b89738f0e0_0, 0, 8;
    %jmp T_4.17;
T_4.13 ;
    %pushi/vec4 161, 0, 8;
    %store/vec4 v0x55b89738f0e0_0, 0, 8;
    %jmp T_4.17;
T_4.14 ;
    %pushi/vec4 134, 0, 8;
    %store/vec4 v0x55b89738f0e0_0, 0, 8;
    %jmp T_4.17;
T_4.15 ;
    %pushi/vec4 142, 0, 8;
    %store/vec4 v0x55b89738f0e0_0, 0, 8;
    %jmp T_4.17;
T_4.17 ;
    %pop/vec4 1;
    %jmp T_4;
    .thread T_4, $push;
    .scope S_0x55b89738f3f0;
T_5 ;
    %wait E_0x55b89738f630;
    %load/vec4 v0x55b89738f870_0;
    %dup/vec4;
    %pushi/vec4 0, 0, 5;
    %cmp/u;
    %jmp/1 T_5.0, 6;
    %dup/vec4;
    %pushi/vec4 1, 0, 5;
    %cmp/u;
    %jmp/1 T_5.1, 6;
    %dup/vec4;
    %pushi/vec4 2, 0, 5;
    %cmp/u;
    %jmp/1 T_5.2, 6;
    %dup/vec4;
    %pushi/vec4 3, 0, 5;
    %cmp/u;
    %jmp/1 T_5.3, 6;
    %dup/vec4;
    %pushi/vec4 4, 0, 5;
    %cmp/u;
    %jmp/1 T_5.4, 6;
    %dup/vec4;
    %pushi/vec4 5, 0, 5;
    %cmp/u;
    %jmp/1 T_5.5, 6;
    %dup/vec4;
    %pushi/vec4 6, 0, 5;
    %cmp/u;
    %jmp/1 T_5.6, 6;
    %dup/vec4;
    %pushi/vec4 7, 0, 5;
    %cmp/u;
    %jmp/1 T_5.7, 6;
    %dup/vec4;
    %pushi/vec4 8, 0, 5;
    %cmp/u;
    %jmp/1 T_5.8, 6;
    %dup/vec4;
    %pushi/vec4 9, 0, 5;
    %cmp/u;
    %jmp/1 T_5.9, 6;
    %dup/vec4;
    %pushi/vec4 10, 0, 5;
    %cmp/u;
    %jmp/1 T_5.10, 6;
    %dup/vec4;
    %pushi/vec4 11, 0, 5;
    %cmp/u;
    %jmp/1 T_5.11, 6;
    %dup/vec4;
    %pushi/vec4 12, 0, 5;
    %cmp/u;
    %jmp/1 T_5.12, 6;
    %dup/vec4;
    %pushi/vec4 13, 0, 5;
    %cmp/u;
    %jmp/1 T_5.13, 6;
    %dup/vec4;
    %pushi/vec4 14, 0, 5;
    %cmp/u;
    %jmp/1 T_5.14, 6;
    %dup/vec4;
    %pushi/vec4 15, 0, 5;
    %cmp/u;
    %jmp/1 T_5.15, 6;
    %pushi/vec4 192, 0, 8;
    %store/vec4 v0x55b89738f790_0, 0, 8;
    %jmp T_5.17;
T_5.0 ;
    %pushi/vec4 192, 0, 8;
    %store/vec4 v0x55b89738f790_0, 0, 8;
    %jmp T_5.17;
T_5.1 ;
    %pushi/vec4 249, 0, 8;
    %store/vec4 v0x55b89738f790_0, 0, 8;
    %jmp T_5.17;
T_5.2 ;
    %pushi/vec4 164, 0, 8;
    %store/vec4 v0x55b89738f790_0, 0, 8;
    %jmp T_5.17;
T_5.3 ;
    %pushi/vec4 176, 0, 8;
    %store/vec4 v0x55b89738f790_0, 0, 8;
    %jmp T_5.17;
T_5.4 ;
    %pushi/vec4 153, 0, 8;
    %store/vec4 v0x55b89738f790_0, 0, 8;
    %jmp T_5.17;
T_5.5 ;
    %pushi/vec4 146, 0, 8;
    %store/vec4 v0x55b89738f790_0, 0, 8;
    %jmp T_5.17;
T_5.6 ;
    %pushi/vec4 130, 0, 8;
    %store/vec4 v0x55b89738f790_0, 0, 8;
    %jmp T_5.17;
T_5.7 ;
    %pushi/vec4 248, 0, 8;
    %store/vec4 v0x55b89738f790_0, 0, 8;
    %jmp T_5.17;
T_5.8 ;
    %pushi/vec4 128, 0, 8;
    %store/vec4 v0x55b89738f790_0, 0, 8;
    %jmp T_5.17;
T_5.9 ;
    %pushi/vec4 144, 0, 8;
    %store/vec4 v0x55b89738f790_0, 0, 8;
    %jmp T_5.17;
T_5.10 ;
    %pushi/vec4 136, 0, 8;
    %store/vec4 v0x55b89738f790_0, 0, 8;
    %jmp T_5.17;
T_5.11 ;
    %pushi/vec4 131, 0, 8;
    %store/vec4 v0x55b89738f790_0, 0, 8;
    %jmp T_5.17;
T_5.12 ;
    %pushi/vec4 198, 0, 8;
    %store/vec4 v0x55b89738f790_0, 0, 8;
    %jmp T_5.17;
T_5.13 ;
    %pushi/vec4 161, 0, 8;
    %store/vec4 v0x55b89738f790_0, 0, 8;
    %jmp T_5.17;
T_5.14 ;
    %pushi/vec4 134, 0, 8;
    %store/vec4 v0x55b89738f790_0, 0, 8;
    %jmp T_5.17;
T_5.15 ;
    %pushi/vec4 142, 0, 8;
    %store/vec4 v0x55b89738f790_0, 0, 8;
    %jmp T_5.17;
T_5.17 ;
    %pop/vec4 1;
    %jmp T_5;
    .thread T_5, $push;
    .scope S_0x55b897393420;
T_6 ;
    %wait E_0x55b8973935f0;
    %load/vec4 v0x55b897393830_0;
    %dup/vec4;
    %pushi/vec4 0, 0, 5;
    %cmp/u;
    %jmp/1 T_6.0, 6;
    %dup/vec4;
    %pushi/vec4 1, 0, 5;
    %cmp/u;
    %jmp/1 T_6.1, 6;
    %dup/vec4;
    %pushi/vec4 2, 0, 5;
    %cmp/u;
    %jmp/1 T_6.2, 6;
    %dup/vec4;
    %pushi/vec4 3, 0, 5;
    %cmp/u;
    %jmp/1 T_6.3, 6;
    %dup/vec4;
    %pushi/vec4 4, 0, 5;
    %cmp/u;
    %jmp/1 T_6.4, 6;
    %dup/vec4;
    %pushi/vec4 5, 0, 5;
    %cmp/u;
    %jmp/1 T_6.5, 6;
    %dup/vec4;
    %pushi/vec4 6, 0, 5;
    %cmp/u;
    %jmp/1 T_6.6, 6;
    %dup/vec4;
    %pushi/vec4 7, 0, 5;
    %cmp/u;
    %jmp/1 T_6.7, 6;
    %dup/vec4;
    %pushi/vec4 8, 0, 5;
    %cmp/u;
    %jmp/1 T_6.8, 6;
    %dup/vec4;
    %pushi/vec4 9, 0, 5;
    %cmp/u;
    %jmp/1 T_6.9, 6;
    %dup/vec4;
    %pushi/vec4 10, 0, 5;
    %cmp/u;
    %jmp/1 T_6.10, 6;
    %dup/vec4;
    %pushi/vec4 11, 0, 5;
    %cmp/u;
    %jmp/1 T_6.11, 6;
    %dup/vec4;
    %pushi/vec4 12, 0, 5;
    %cmp/u;
    %jmp/1 T_6.12, 6;
    %dup/vec4;
    %pushi/vec4 13, 0, 5;
    %cmp/u;
    %jmp/1 T_6.13, 6;
    %dup/vec4;
    %pushi/vec4 14, 0, 5;
    %cmp/u;
    %jmp/1 T_6.14, 6;
    %dup/vec4;
    %pushi/vec4 15, 0, 5;
    %cmp/u;
    %jmp/1 T_6.15, 6;
    %pushi/vec4 192, 0, 8;
    %store/vec4 v0x55b897393750_0, 0, 8;
    %jmp T_6.17;
T_6.0 ;
    %pushi/vec4 192, 0, 8;
    %store/vec4 v0x55b897393750_0, 0, 8;
    %jmp T_6.17;
T_6.1 ;
    %pushi/vec4 249, 0, 8;
    %store/vec4 v0x55b897393750_0, 0, 8;
    %jmp T_6.17;
T_6.2 ;
    %pushi/vec4 164, 0, 8;
    %store/vec4 v0x55b897393750_0, 0, 8;
    %jmp T_6.17;
T_6.3 ;
    %pushi/vec4 176, 0, 8;
    %store/vec4 v0x55b897393750_0, 0, 8;
    %jmp T_6.17;
T_6.4 ;
    %pushi/vec4 153, 0, 8;
    %store/vec4 v0x55b897393750_0, 0, 8;
    %jmp T_6.17;
T_6.5 ;
    %pushi/vec4 146, 0, 8;
    %store/vec4 v0x55b897393750_0, 0, 8;
    %jmp T_6.17;
T_6.6 ;
    %pushi/vec4 130, 0, 8;
    %store/vec4 v0x55b897393750_0, 0, 8;
    %jmp T_6.17;
T_6.7 ;
    %pushi/vec4 248, 0, 8;
    %store/vec4 v0x55b897393750_0, 0, 8;
    %jmp T_6.17;
T_6.8 ;
    %pushi/vec4 128, 0, 8;
    %store/vec4 v0x55b897393750_0, 0, 8;
    %jmp T_6.17;
T_6.9 ;
    %pushi/vec4 144, 0, 8;
    %store/vec4 v0x55b897393750_0, 0, 8;
    %jmp T_6.17;
T_6.10 ;
    %pushi/vec4 136, 0, 8;
    %store/vec4 v0x55b897393750_0, 0, 8;
    %jmp T_6.17;
T_6.11 ;
    %pushi/vec4 131, 0, 8;
    %store/vec4 v0x55b897393750_0, 0, 8;
    %jmp T_6.17;
T_6.12 ;
    %pushi/vec4 198, 0, 8;
    %store/vec4 v0x55b897393750_0, 0, 8;
    %jmp T_6.17;
T_6.13 ;
    %pushi/vec4 161, 0, 8;
    %store/vec4 v0x55b897393750_0, 0, 8;
    %jmp T_6.17;
T_6.14 ;
    %pushi/vec4 134, 0, 8;
    %store/vec4 v0x55b897393750_0, 0, 8;
    %jmp T_6.17;
T_6.15 ;
    %pushi/vec4 142, 0, 8;
    %store/vec4 v0x55b897393750_0, 0, 8;
    %jmp T_6.17;
T_6.17 ;
    %pop/vec4 1;
    %jmp T_6;
    .thread T_6, $push;
    .scope S_0x55b897393a30;
T_7 ;
    %wait E_0x55b897393c90;
    %load/vec4 v0x55b897393eb0_0;
    %dup/vec4;
    %pushi/vec4 0, 0, 5;
    %cmp/u;
    %jmp/1 T_7.0, 6;
    %dup/vec4;
    %pushi/vec4 1, 0, 5;
    %cmp/u;
    %jmp/1 T_7.1, 6;
    %dup/vec4;
    %pushi/vec4 2, 0, 5;
    %cmp/u;
    %jmp/1 T_7.2, 6;
    %dup/vec4;
    %pushi/vec4 3, 0, 5;
    %cmp/u;
    %jmp/1 T_7.3, 6;
    %dup/vec4;
    %pushi/vec4 4, 0, 5;
    %cmp/u;
    %jmp/1 T_7.4, 6;
    %dup/vec4;
    %pushi/vec4 5, 0, 5;
    %cmp/u;
    %jmp/1 T_7.5, 6;
    %dup/vec4;
    %pushi/vec4 6, 0, 5;
    %cmp/u;
    %jmp/1 T_7.6, 6;
    %dup/vec4;
    %pushi/vec4 7, 0, 5;
    %cmp/u;
    %jmp/1 T_7.7, 6;
    %dup/vec4;
    %pushi/vec4 8, 0, 5;
    %cmp/u;
    %jmp/1 T_7.8, 6;
    %dup/vec4;
    %pushi/vec4 9, 0, 5;
    %cmp/u;
    %jmp/1 T_7.9, 6;
    %dup/vec4;
    %pushi/vec4 10, 0, 5;
    %cmp/u;
    %jmp/1 T_7.10, 6;
    %dup/vec4;
    %pushi/vec4 11, 0, 5;
    %cmp/u;
    %jmp/1 T_7.11, 6;
    %dup/vec4;
    %pushi/vec4 12, 0, 5;
    %cmp/u;
    %jmp/1 T_7.12, 6;
    %dup/vec4;
    %pushi/vec4 13, 0, 5;
    %cmp/u;
    %jmp/1 T_7.13, 6;
    %dup/vec4;
    %pushi/vec4 14, 0, 5;
    %cmp/u;
    %jmp/1 T_7.14, 6;
    %dup/vec4;
    %pushi/vec4 15, 0, 5;
    %cmp/u;
    %jmp/1 T_7.15, 6;
    %pushi/vec4 192, 0, 8;
    %store/vec4 v0x55b897393dd0_0, 0, 8;
    %jmp T_7.17;
T_7.0 ;
    %pushi/vec4 192, 0, 8;
    %store/vec4 v0x55b897393dd0_0, 0, 8;
    %jmp T_7.17;
T_7.1 ;
    %pushi/vec4 249, 0, 8;
    %store/vec4 v0x55b897393dd0_0, 0, 8;
    %jmp T_7.17;
T_7.2 ;
    %pushi/vec4 164, 0, 8;
    %store/vec4 v0x55b897393dd0_0, 0, 8;
    %jmp T_7.17;
T_7.3 ;
    %pushi/vec4 176, 0, 8;
    %store/vec4 v0x55b897393dd0_0, 0, 8;
    %jmp T_7.17;
T_7.4 ;
    %pushi/vec4 153, 0, 8;
    %store/vec4 v0x55b897393dd0_0, 0, 8;
    %jmp T_7.17;
T_7.5 ;
    %pushi/vec4 146, 0, 8;
    %store/vec4 v0x55b897393dd0_0, 0, 8;
    %jmp T_7.17;
T_7.6 ;
    %pushi/vec4 130, 0, 8;
    %store/vec4 v0x55b897393dd0_0, 0, 8;
    %jmp T_7.17;
T_7.7 ;
    %pushi/vec4 248, 0, 8;
    %store/vec4 v0x55b897393dd0_0, 0, 8;
    %jmp T_7.17;
T_7.8 ;
    %pushi/vec4 128, 0, 8;
    %store/vec4 v0x55b897393dd0_0, 0, 8;
    %jmp T_7.17;
T_7.9 ;
    %pushi/vec4 144, 0, 8;
    %store/vec4 v0x55b897393dd0_0, 0, 8;
    %jmp T_7.17;
T_7.10 ;
    %pushi/vec4 136, 0, 8;
    %store/vec4 v0x55b897393dd0_0, 0, 8;
    %jmp T_7.17;
T_7.11 ;
    %pushi/vec4 131, 0, 8;
    %store/vec4 v0x55b897393dd0_0, 0, 8;
    %jmp T_7.17;
T_7.12 ;
    %pushi/vec4 198, 0, 8;
    %store/vec4 v0x55b897393dd0_0, 0, 8;
    %jmp T_7.17;
T_7.13 ;
    %pushi/vec4 161, 0, 8;
    %store/vec4 v0x55b897393dd0_0, 0, 8;
    %jmp T_7.17;
T_7.14 ;
    %pushi/vec4 134, 0, 8;
    %store/vec4 v0x55b897393dd0_0, 0, 8;
    %jmp T_7.17;
T_7.15 ;
    %pushi/vec4 142, 0, 8;
    %store/vec4 v0x55b897393dd0_0, 0, 8;
    %jmp T_7.17;
T_7.17 ;
    %pop/vec4 1;
    %jmp T_7;
    .thread T_7, $push;
    .scope S_0x55b8973940b0;
T_8 ;
    %wait E_0x55b8973942f0;
    %load/vec4 v0x55b897394510_0;
    %dup/vec4;
    %pushi/vec4 0, 0, 5;
    %cmp/u;
    %jmp/1 T_8.0, 6;
    %dup/vec4;
    %pushi/vec4 1, 0, 5;
    %cmp/u;
    %jmp/1 T_8.1, 6;
    %dup/vec4;
    %pushi/vec4 2, 0, 5;
    %cmp/u;
    %jmp/1 T_8.2, 6;
    %dup/vec4;
    %pushi/vec4 3, 0, 5;
    %cmp/u;
    %jmp/1 T_8.3, 6;
    %dup/vec4;
    %pushi/vec4 4, 0, 5;
    %cmp/u;
    %jmp/1 T_8.4, 6;
    %dup/vec4;
    %pushi/vec4 5, 0, 5;
    %cmp/u;
    %jmp/1 T_8.5, 6;
    %dup/vec4;
    %pushi/vec4 6, 0, 5;
    %cmp/u;
    %jmp/1 T_8.6, 6;
    %dup/vec4;
    %pushi/vec4 7, 0, 5;
    %cmp/u;
    %jmp/1 T_8.7, 6;
    %dup/vec4;
    %pushi/vec4 8, 0, 5;
    %cmp/u;
    %jmp/1 T_8.8, 6;
    %dup/vec4;
    %pushi/vec4 9, 0, 5;
    %cmp/u;
    %jmp/1 T_8.9, 6;
    %dup/vec4;
    %pushi/vec4 10, 0, 5;
    %cmp/u;
    %jmp/1 T_8.10, 6;
    %dup/vec4;
    %pushi/vec4 11, 0, 5;
    %cmp/u;
    %jmp/1 T_8.11, 6;
    %dup/vec4;
    %pushi/vec4 12, 0, 5;
    %cmp/u;
    %jmp/1 T_8.12, 6;
    %dup/vec4;
    %pushi/vec4 13, 0, 5;
    %cmp/u;
    %jmp/1 T_8.13, 6;
    %dup/vec4;
    %pushi/vec4 14, 0, 5;
    %cmp/u;
    %jmp/1 T_8.14, 6;
    %dup/vec4;
    %pushi/vec4 15, 0, 5;
    %cmp/u;
    %jmp/1 T_8.15, 6;
    %pushi/vec4 192, 0, 8;
    %store/vec4 v0x55b897394430_0, 0, 8;
    %jmp T_8.17;
T_8.0 ;
    %pushi/vec4 192, 0, 8;
    %store/vec4 v0x55b897394430_0, 0, 8;
    %jmp T_8.17;
T_8.1 ;
    %pushi/vec4 249, 0, 8;
    %store/vec4 v0x55b897394430_0, 0, 8;
    %jmp T_8.17;
T_8.2 ;
    %pushi/vec4 164, 0, 8;
    %store/vec4 v0x55b897394430_0, 0, 8;
    %jmp T_8.17;
T_8.3 ;
    %pushi/vec4 176, 0, 8;
    %store/vec4 v0x55b897394430_0, 0, 8;
    %jmp T_8.17;
T_8.4 ;
    %pushi/vec4 153, 0, 8;
    %store/vec4 v0x55b897394430_0, 0, 8;
    %jmp T_8.17;
T_8.5 ;
    %pushi/vec4 146, 0, 8;
    %store/vec4 v0x55b897394430_0, 0, 8;
    %jmp T_8.17;
T_8.6 ;
    %pushi/vec4 130, 0, 8;
    %store/vec4 v0x55b897394430_0, 0, 8;
    %jmp T_8.17;
T_8.7 ;
    %pushi/vec4 248, 0, 8;
    %store/vec4 v0x55b897394430_0, 0, 8;
    %jmp T_8.17;
T_8.8 ;
    %pushi/vec4 128, 0, 8;
    %store/vec4 v0x55b897394430_0, 0, 8;
    %jmp T_8.17;
T_8.9 ;
    %pushi/vec4 144, 0, 8;
    %store/vec4 v0x55b897394430_0, 0, 8;
    %jmp T_8.17;
T_8.10 ;
    %pushi/vec4 136, 0, 8;
    %store/vec4 v0x55b897394430_0, 0, 8;
    %jmp T_8.17;
T_8.11 ;
    %pushi/vec4 131, 0, 8;
    %store/vec4 v0x55b897394430_0, 0, 8;
    %jmp T_8.17;
T_8.12 ;
    %pushi/vec4 198, 0, 8;
    %store/vec4 v0x55b897394430_0, 0, 8;
    %jmp T_8.17;
T_8.13 ;
    %pushi/vec4 161, 0, 8;
    %store/vec4 v0x55b897394430_0, 0, 8;
    %jmp T_8.17;
T_8.14 ;
    %pushi/vec4 134, 0, 8;
    %store/vec4 v0x55b897394430_0, 0, 8;
    %jmp T_8.17;
T_8.15 ;
    %pushi/vec4 142, 0, 8;
    %store/vec4 v0x55b897394430_0, 0, 8;
    %jmp T_8.17;
T_8.17 ;
    %pop/vec4 1;
    %jmp T_8;
    .thread T_8, $push;
    .scope S_0x55b897394770;
T_9 ;
    %wait E_0x55b8973949b0;
    %load/vec4 v0x55b897394bf0_0;
    %dup/vec4;
    %pushi/vec4 0, 0, 5;
    %cmp/u;
    %jmp/1 T_9.0, 6;
    %dup/vec4;
    %pushi/vec4 1, 0, 5;
    %cmp/u;
    %jmp/1 T_9.1, 6;
    %dup/vec4;
    %pushi/vec4 2, 0, 5;
    %cmp/u;
    %jmp/1 T_9.2, 6;
    %dup/vec4;
    %pushi/vec4 3, 0, 5;
    %cmp/u;
    %jmp/1 T_9.3, 6;
    %dup/vec4;
    %pushi/vec4 4, 0, 5;
    %cmp/u;
    %jmp/1 T_9.4, 6;
    %dup/vec4;
    %pushi/vec4 5, 0, 5;
    %cmp/u;
    %jmp/1 T_9.5, 6;
    %dup/vec4;
    %pushi/vec4 6, 0, 5;
    %cmp/u;
    %jmp/1 T_9.6, 6;
    %dup/vec4;
    %pushi/vec4 7, 0, 5;
    %cmp/u;
    %jmp/1 T_9.7, 6;
    %dup/vec4;
    %pushi/vec4 8, 0, 5;
    %cmp/u;
    %jmp/1 T_9.8, 6;
    %dup/vec4;
    %pushi/vec4 9, 0, 5;
    %cmp/u;
    %jmp/1 T_9.9, 6;
    %dup/vec4;
    %pushi/vec4 10, 0, 5;
    %cmp/u;
    %jmp/1 T_9.10, 6;
    %dup/vec4;
    %pushi/vec4 11, 0, 5;
    %cmp/u;
    %jmp/1 T_9.11, 6;
    %dup/vec4;
    %pushi/vec4 12, 0, 5;
    %cmp/u;
    %jmp/1 T_9.12, 6;
    %dup/vec4;
    %pushi/vec4 13, 0, 5;
    %cmp/u;
    %jmp/1 T_9.13, 6;
    %dup/vec4;
    %pushi/vec4 14, 0, 5;
    %cmp/u;
    %jmp/1 T_9.14, 6;
    %dup/vec4;
    %pushi/vec4 15, 0, 5;
    %cmp/u;
    %jmp/1 T_9.15, 6;
    %pushi/vec4 192, 0, 8;
    %store/vec4 v0x55b897394b10_0, 0, 8;
    %jmp T_9.17;
T_9.0 ;
    %pushi/vec4 192, 0, 8;
    %store/vec4 v0x55b897394b10_0, 0, 8;
    %jmp T_9.17;
T_9.1 ;
    %pushi/vec4 249, 0, 8;
    %store/vec4 v0x55b897394b10_0, 0, 8;
    %jmp T_9.17;
T_9.2 ;
    %pushi/vec4 164, 0, 8;
    %store/vec4 v0x55b897394b10_0, 0, 8;
    %jmp T_9.17;
T_9.3 ;
    %pushi/vec4 176, 0, 8;
    %store/vec4 v0x55b897394b10_0, 0, 8;
    %jmp T_9.17;
T_9.4 ;
    %pushi/vec4 153, 0, 8;
    %store/vec4 v0x55b897394b10_0, 0, 8;
    %jmp T_9.17;
T_9.5 ;
    %pushi/vec4 146, 0, 8;
    %store/vec4 v0x55b897394b10_0, 0, 8;
    %jmp T_9.17;
T_9.6 ;
    %pushi/vec4 130, 0, 8;
    %store/vec4 v0x55b897394b10_0, 0, 8;
    %jmp T_9.17;
T_9.7 ;
    %pushi/vec4 248, 0, 8;
    %store/vec4 v0x55b897394b10_0, 0, 8;
    %jmp T_9.17;
T_9.8 ;
    %pushi/vec4 128, 0, 8;
    %store/vec4 v0x55b897394b10_0, 0, 8;
    %jmp T_9.17;
T_9.9 ;
    %pushi/vec4 144, 0, 8;
    %store/vec4 v0x55b897394b10_0, 0, 8;
    %jmp T_9.17;
T_9.10 ;
    %pushi/vec4 136, 0, 8;
    %store/vec4 v0x55b897394b10_0, 0, 8;
    %jmp T_9.17;
T_9.11 ;
    %pushi/vec4 131, 0, 8;
    %store/vec4 v0x55b897394b10_0, 0, 8;
    %jmp T_9.17;
T_9.12 ;
    %pushi/vec4 198, 0, 8;
    %store/vec4 v0x55b897394b10_0, 0, 8;
    %jmp T_9.17;
T_9.13 ;
    %pushi/vec4 161, 0, 8;
    %store/vec4 v0x55b897394b10_0, 0, 8;
    %jmp T_9.17;
T_9.14 ;
    %pushi/vec4 134, 0, 8;
    %store/vec4 v0x55b897394b10_0, 0, 8;
    %jmp T_9.17;
T_9.15 ;
    %pushi/vec4 142, 0, 8;
    %store/vec4 v0x55b897394b10_0, 0, 8;
    %jmp T_9.17;
T_9.17 ;
    %pop/vec4 1;
    %jmp T_9;
    .thread T_9, $push;
    .scope S_0x55b897394e50;
T_10 ;
    %wait E_0x55b8973950e0;
    %load/vec4 v0x55b897395320_0;
    %dup/vec4;
    %pushi/vec4 0, 0, 5;
    %cmp/u;
    %jmp/1 T_10.0, 6;
    %dup/vec4;
    %pushi/vec4 1, 0, 5;
    %cmp/u;
    %jmp/1 T_10.1, 6;
    %dup/vec4;
    %pushi/vec4 2, 0, 5;
    %cmp/u;
    %jmp/1 T_10.2, 6;
    %dup/vec4;
    %pushi/vec4 3, 0, 5;
    %cmp/u;
    %jmp/1 T_10.3, 6;
    %dup/vec4;
    %pushi/vec4 4, 0, 5;
    %cmp/u;
    %jmp/1 T_10.4, 6;
    %dup/vec4;
    %pushi/vec4 5, 0, 5;
    %cmp/u;
    %jmp/1 T_10.5, 6;
    %dup/vec4;
    %pushi/vec4 6, 0, 5;
    %cmp/u;
    %jmp/1 T_10.6, 6;
    %dup/vec4;
    %pushi/vec4 7, 0, 5;
    %cmp/u;
    %jmp/1 T_10.7, 6;
    %dup/vec4;
    %pushi/vec4 8, 0, 5;
    %cmp/u;
    %jmp/1 T_10.8, 6;
    %dup/vec4;
    %pushi/vec4 9, 0, 5;
    %cmp/u;
    %jmp/1 T_10.9, 6;
    %dup/vec4;
    %pushi/vec4 10, 0, 5;
    %cmp/u;
    %jmp/1 T_10.10, 6;
    %dup/vec4;
    %pushi/vec4 11, 0, 5;
    %cmp/u;
    %jmp/1 T_10.11, 6;
    %dup/vec4;
    %pushi/vec4 12, 0, 5;
    %cmp/u;
    %jmp/1 T_10.12, 6;
    %dup/vec4;
    %pushi/vec4 13, 0, 5;
    %cmp/u;
    %jmp/1 T_10.13, 6;
    %dup/vec4;
    %pushi/vec4 14, 0, 5;
    %cmp/u;
    %jmp/1 T_10.14, 6;
    %dup/vec4;
    %pushi/vec4 15, 0, 5;
    %cmp/u;
    %jmp/1 T_10.15, 6;
    %pushi/vec4 192, 0, 8;
    %store/vec4 v0x55b897395240_0, 0, 8;
    %jmp T_10.17;
T_10.0 ;
    %pushi/vec4 192, 0, 8;
    %store/vec4 v0x55b897395240_0, 0, 8;
    %jmp T_10.17;
T_10.1 ;
    %pushi/vec4 249, 0, 8;
    %store/vec4 v0x55b897395240_0, 0, 8;
    %jmp T_10.17;
T_10.2 ;
    %pushi/vec4 164, 0, 8;
    %store/vec4 v0x55b897395240_0, 0, 8;
    %jmp T_10.17;
T_10.3 ;
    %pushi/vec4 176, 0, 8;
    %store/vec4 v0x55b897395240_0, 0, 8;
    %jmp T_10.17;
T_10.4 ;
    %pushi/vec4 153, 0, 8;
    %store/vec4 v0x55b897395240_0, 0, 8;
    %jmp T_10.17;
T_10.5 ;
    %pushi/vec4 146, 0, 8;
    %store/vec4 v0x55b897395240_0, 0, 8;
    %jmp T_10.17;
T_10.6 ;
    %pushi/vec4 130, 0, 8;
    %store/vec4 v0x55b897395240_0, 0, 8;
    %jmp T_10.17;
T_10.7 ;
    %pushi/vec4 248, 0, 8;
    %store/vec4 v0x55b897395240_0, 0, 8;
    %jmp T_10.17;
T_10.8 ;
    %pushi/vec4 128, 0, 8;
    %store/vec4 v0x55b897395240_0, 0, 8;
    %jmp T_10.17;
T_10.9 ;
    %pushi/vec4 144, 0, 8;
    %store/vec4 v0x55b897395240_0, 0, 8;
    %jmp T_10.17;
T_10.10 ;
    %pushi/vec4 136, 0, 8;
    %store/vec4 v0x55b897395240_0, 0, 8;
    %jmp T_10.17;
T_10.11 ;
    %pushi/vec4 131, 0, 8;
    %store/vec4 v0x55b897395240_0, 0, 8;
    %jmp T_10.17;
T_10.12 ;
    %pushi/vec4 198, 0, 8;
    %store/vec4 v0x55b897395240_0, 0, 8;
    %jmp T_10.17;
T_10.13 ;
    %pushi/vec4 161, 0, 8;
    %store/vec4 v0x55b897395240_0, 0, 8;
    %jmp T_10.17;
T_10.14 ;
    %pushi/vec4 134, 0, 8;
    %store/vec4 v0x55b897395240_0, 0, 8;
    %jmp T_10.17;
T_10.15 ;
    %pushi/vec4 142, 0, 8;
    %store/vec4 v0x55b897395240_0, 0, 8;
    %jmp T_10.17;
T_10.17 ;
    %pop/vec4 1;
    %jmp T_10;
    .thread T_10, $push;
    .scope S_0x55b897395550;
T_11 ;
    %wait E_0x55b897395790;
    %load/vec4 v0x55b8973959d0_0;
    %dup/vec4;
    %pushi/vec4 0, 0, 5;
    %cmp/u;
    %jmp/1 T_11.0, 6;
    %dup/vec4;
    %pushi/vec4 1, 0, 5;
    %cmp/u;
    %jmp/1 T_11.1, 6;
    %dup/vec4;
    %pushi/vec4 2, 0, 5;
    %cmp/u;
    %jmp/1 T_11.2, 6;
    %dup/vec4;
    %pushi/vec4 3, 0, 5;
    %cmp/u;
    %jmp/1 T_11.3, 6;
    %dup/vec4;
    %pushi/vec4 4, 0, 5;
    %cmp/u;
    %jmp/1 T_11.4, 6;
    %dup/vec4;
    %pushi/vec4 5, 0, 5;
    %cmp/u;
    %jmp/1 T_11.5, 6;
    %dup/vec4;
    %pushi/vec4 6, 0, 5;
    %cmp/u;
    %jmp/1 T_11.6, 6;
    %dup/vec4;
    %pushi/vec4 7, 0, 5;
    %cmp/u;
    %jmp/1 T_11.7, 6;
    %dup/vec4;
    %pushi/vec4 8, 0, 5;
    %cmp/u;
    %jmp/1 T_11.8, 6;
    %dup/vec4;
    %pushi/vec4 9, 0, 5;
    %cmp/u;
    %jmp/1 T_11.9, 6;
    %dup/vec4;
    %pushi/vec4 10, 0, 5;
    %cmp/u;
    %jmp/1 T_11.10, 6;
    %dup/vec4;
    %pushi/vec4 11, 0, 5;
    %cmp/u;
    %jmp/1 T_11.11, 6;
    %dup/vec4;
    %pushi/vec4 12, 0, 5;
    %cmp/u;
    %jmp/1 T_11.12, 6;
    %dup/vec4;
    %pushi/vec4 13, 0, 5;
    %cmp/u;
    %jmp/1 T_11.13, 6;
    %dup/vec4;
    %pushi/vec4 14, 0, 5;
    %cmp/u;
    %jmp/1 T_11.14, 6;
    %dup/vec4;
    %pushi/vec4 15, 0, 5;
    %cmp/u;
    %jmp/1 T_11.15, 6;
    %pushi/vec4 192, 0, 8;
    %store/vec4 v0x55b8973958f0_0, 0, 8;
    %jmp T_11.17;
T_11.0 ;
    %pushi/vec4 192, 0, 8;
    %store/vec4 v0x55b8973958f0_0, 0, 8;
    %jmp T_11.17;
T_11.1 ;
    %pushi/vec4 249, 0, 8;
    %store/vec4 v0x55b8973958f0_0, 0, 8;
    %jmp T_11.17;
T_11.2 ;
    %pushi/vec4 164, 0, 8;
    %store/vec4 v0x55b8973958f0_0, 0, 8;
    %jmp T_11.17;
T_11.3 ;
    %pushi/vec4 176, 0, 8;
    %store/vec4 v0x55b8973958f0_0, 0, 8;
    %jmp T_11.17;
T_11.4 ;
    %pushi/vec4 153, 0, 8;
    %store/vec4 v0x55b8973958f0_0, 0, 8;
    %jmp T_11.17;
T_11.5 ;
    %pushi/vec4 146, 0, 8;
    %store/vec4 v0x55b8973958f0_0, 0, 8;
    %jmp T_11.17;
T_11.6 ;
    %pushi/vec4 130, 0, 8;
    %store/vec4 v0x55b8973958f0_0, 0, 8;
    %jmp T_11.17;
T_11.7 ;
    %pushi/vec4 248, 0, 8;
    %store/vec4 v0x55b8973958f0_0, 0, 8;
    %jmp T_11.17;
T_11.8 ;
    %pushi/vec4 128, 0, 8;
    %store/vec4 v0x55b8973958f0_0, 0, 8;
    %jmp T_11.17;
T_11.9 ;
    %pushi/vec4 144, 0, 8;
    %store/vec4 v0x55b8973958f0_0, 0, 8;
    %jmp T_11.17;
T_11.10 ;
    %pushi/vec4 136, 0, 8;
    %store/vec4 v0x55b8973958f0_0, 0, 8;
    %jmp T_11.17;
T_11.11 ;
    %pushi/vec4 131, 0, 8;
    %store/vec4 v0x55b8973958f0_0, 0, 8;
    %jmp T_11.17;
T_11.12 ;
    %pushi/vec4 198, 0, 8;
    %store/vec4 v0x55b8973958f0_0, 0, 8;
    %jmp T_11.17;
T_11.13 ;
    %pushi/vec4 161, 0, 8;
    %store/vec4 v0x55b8973958f0_0, 0, 8;
    %jmp T_11.17;
T_11.14 ;
    %pushi/vec4 134, 0, 8;
    %store/vec4 v0x55b8973958f0_0, 0, 8;
    %jmp T_11.17;
T_11.15 ;
    %pushi/vec4 142, 0, 8;
    %store/vec4 v0x55b8973958f0_0, 0, 8;
    %jmp T_11.17;
T_11.17 ;
    %pop/vec4 1;
    %jmp T_11;
    .thread T_11, $push;
    .scope S_0x55b89735ead0;
T_12 ;
    %vpi_call 2 32 "$dumpfile", "output.vcd" {0 0 0};
    %vpi_call 2 33 "$dumpvars" {0 0 0};
    %vpi_call 2 34 "$display", "Starting simulation" {0 0 0};
    %pushi/vec4 1, 0, 1;
    %ix/load 4, 0, 0;
    %flag_set/imm 4, 0;
    %store/vec4 v0x55b8973969b0_0, 4, 1;
    %pushi/vec4 1, 0, 1;
    %ix/load 4, 1, 0;
    %flag_set/imm 4, 0;
    %store/vec4 v0x55b8973969b0_0, 4, 1;
    %pushi/vec4 1, 0, 1;
    %ix/load 4, 2, 0;
    %flag_set/imm 4, 0;
    %store/vec4 v0x55b8973969b0_0, 4, 1;
    %pushi/vec4 1, 0, 1;
    %ix/load 4, 3, 0;
    %flag_set/imm 4, 0;
    %store/vec4 v0x55b8973969b0_0, 4, 1;
    %pushi/vec4 1, 0, 1;
    %ix/load 4, 4, 0;
    %flag_set/imm 4, 0;
    %store/vec4 v0x55b8973969b0_0, 4, 1;
    %pushi/vec4 0, 0, 1;
    %ix/load 4, 5, 0;
    %flag_set/imm 4, 0;
    %store/vec4 v0x55b8973969b0_0, 4, 1;
    %pushi/vec4 0, 0, 1;
    %ix/load 4, 6, 0;
    %flag_set/imm 4, 0;
    %store/vec4 v0x55b8973969b0_0, 4, 1;
    %pushi/vec4 0, 0, 1;
    %ix/load 4, 7, 0;
    %flag_set/imm 4, 0;
    %store/vec4 v0x55b8973969b0_0, 4, 1;
    %pushi/vec4 0, 0, 1;
    %ix/load 4, 8, 0;
    %flag_set/imm 4, 0;
    %store/vec4 v0x55b8973969b0_0, 4, 1;
    %pushi/vec4 0, 0, 1;
    %ix/load 4, 9, 0;
    %flag_set/imm 4, 0;
    %store/vec4 v0x55b8973969b0_0, 4, 1;
    %pushi/vec4 1, 0, 1;
    %ix/load 4, 0, 0;
    %flag_set/imm 4, 0;
    %store/vec4 v0x55b897396750_0, 4, 1;
    %pushi/vec4 1, 0, 1;
    %ix/load 4, 1, 0;
    %flag_set/imm 4, 0;
    %store/vec4 v0x55b897396750_0, 4, 1;
    %delay 100, 0;
    %pushi/vec4 0, 0, 1;
    %ix/load 4, 0, 0;
    %flag_set/imm 4, 0;
    %store/vec4 v0x55b897396750_0, 4, 1;
    %delay 100, 0;
    %pushi/vec4 0, 0, 1;
    %ix/load 4, 1, 0;
    %flag_set/imm 4, 0;
    %store/vec4 v0x55b897396750_0, 4, 1;
    %delay 100, 0;
    %pushi/vec4 1, 0, 1;
    %ix/load 4, 0, 0;
    %flag_set/imm 4, 0;
    %store/vec4 v0x55b897396750_0, 4, 1;
    %delay 100, 0;
    %vpi_call 2 56 "$display", "Simulation ended." {0 0 0};
    %vpi_call 2 57 "$finish" {0 0 0};
    %end;
    .thread T_12;
    .scope S_0x55b89735ead0;
T_13 ;
    %vpi_call 2 62 "$monitor", $time, "  KEY[0] = %b,  KEY[1] = %b,  LED[0] = %b LED[5] = %b", &PV<v0x55b897396750_0, 0, 1>, &PV<v0x55b897396750_0, 1, 1>, &PV<v0x55b8973968f0_0, 0, 1>, &PV<v0x55b8973968f0_0, 5, 1> {0 0 0};
    %end;
    .thread T_13;
# The file index is used to find the file name in the following table.
:file_names 7;
    "N/A";
    "<interactive>";
    "tb/block1_tb.v";
    "Complete.v";
    "birthdays.v";
    "hex_driver.v";
    "switch_led.v";
